Namespace(dataset_name='invivo_91', device='cuda', image_folder='data/imgs', mask_threshold=0.5, output_dir='output', save_results=1, scale=1.0, viz=0, weights_path='checkpoints/invivo_91/unet_ckpt_20.pth')

Performing segmentation on ---> data/imgs/invivo_91/59.jpg ...
inference_time: 1.5713520050048828s
validation_score (dice_coeff): 0.951113224029541
saved predicted mask to ---> output/invivo_91/59.jpg

Performing segmentation on ---> data/imgs/invivo_91/98.jpg ...
inference_time: 0.004370927810668945s
validation_score (dice_coeff): 0.9908469915390015
saved predicted mask to ---> output/invivo_91/98.jpg

Performing segmentation on ---> data/imgs/invivo_91/68.jpg ...
inference_time: 0.004342794418334961s
validation_score (dice_coeff): 0.9919334650039673
saved predicted mask to ---> output/invivo_91/68.jpg

Performing segmentation on ---> data/imgs/invivo_91/109.jpg ...
inference_time: 0.004348278045654297s
validation_score (dice_coeff): 0.9933316707611084
saved predicted mask to ---> output/invivo_91/109.jpg

Performing segmentation on ---> data/imgs/invivo_91/44.jpg ...
inference_time: 0.004364728927612305s
validation_score (dice_coeff): 0.9851309657096863
saved predicted mask to ---> output/invivo_91/44.jpg

Performing segmentation on ---> data/imgs/invivo_91/101.jpg ...
inference_time: 0.004344940185546875s
validation_score (dice_coeff): 0.9760421514511108
saved predicted mask to ---> output/invivo_91/101.jpg

Performing segmentation on ---> data/imgs/invivo_91/122.jpg ...
inference_time: 0.00435328483581543s
validation_score (dice_coeff): 0.9901636242866516
saved predicted mask to ---> output/invivo_91/122.jpg

Performing segmentation on ---> data/imgs/invivo_91/23.jpg ...
inference_time: 0.004357099533081055s
validation_score (dice_coeff): 0.987101674079895
saved predicted mask to ---> output/invivo_91/23.jpg

Performing segmentation on ---> data/imgs/invivo_91/97.jpg ...
inference_time: 0.0043544769287109375s
validation_score (dice_coeff): 0.9227466583251953
saved predicted mask to ---> output/invivo_91/97.jpg

Performing segmentation on ---> data/imgs/invivo_91/80.jpg ...
inference_time: 0.004355430603027344s
validation_score (dice_coeff): 0.9845924973487854
saved predicted mask to ---> output/invivo_91/80.jpg

Performing segmentation on ---> data/imgs/invivo_91/103.jpg ...
inference_time: 0.004343271255493164s
validation_score (dice_coeff): 0.9908987283706665
saved predicted mask to ---> output/invivo_91/103.jpg

Performing segmentation on ---> data/imgs/invivo_91/18.jpg ...
inference_time: 0.004361152648925781s
validation_score (dice_coeff): 0.9833004474639893
saved predicted mask to ---> output/invivo_91/18.jpg

Performing segmentation on ---> data/imgs/invivo_91/41.jpg ...
inference_time: 0.004365444183349609s
validation_score (dice_coeff): 0.9902618527412415
saved predicted mask to ---> output/invivo_91/41.jpg

Performing segmentation on ---> data/imgs/invivo_91/99.jpg ...
inference_time: 0.004349231719970703s
validation_score (dice_coeff): 0.9779685735702515
saved predicted mask to ---> output/invivo_91/99.jpg

Performing segmentation on ---> data/imgs/invivo_91/90.jpg ...
inference_time: 0.0043642520904541016s
validation_score (dice_coeff): 0.9928579926490784
saved predicted mask to ---> output/invivo_91/90.jpg

Performing segmentation on ---> data/imgs/invivo_91/125.jpg ...
inference_time: 0.004383563995361328s
validation_score (dice_coeff): 0.985468864440918
saved predicted mask to ---> output/invivo_91/125.jpg

Performing segmentation on ---> data/imgs/invivo_91/58.jpg ...
inference_time: 0.004340410232543945s
validation_score (dice_coeff): 0.9661853909492493
saved predicted mask to ---> output/invivo_91/58.jpg

Performing segmentation on ---> data/imgs/invivo_91/86.jpg ...
inference_time: 0.004319190979003906s
validation_score (dice_coeff): 0.9345715641975403
saved predicted mask to ---> output/invivo_91/86.jpg

Performing segmentation on ---> data/imgs/invivo_91/14.jpg ...
inference_time: 0.0043528079986572266s
validation_score (dice_coeff): 0.9864969849586487
saved predicted mask to ---> output/invivo_91/14.jpg

Performing segmentation on ---> data/imgs/invivo_91/111.jpg ...
inference_time: 0.004358530044555664s
validation_score (dice_coeff): 0.9131804704666138
saved predicted mask to ---> output/invivo_91/111.jpg

Performing segmentation on ---> data/imgs/invivo_91/92.jpg ...
inference_time: 0.0043277740478515625s
validation_score (dice_coeff): 0.9862338900566101
saved predicted mask to ---> output/invivo_91/92.jpg

Performing segmentation on ---> data/imgs/invivo_91/102.jpg ...
inference_time: 0.004331350326538086s
validation_score (dice_coeff): 0.9838141798973083
saved predicted mask to ---> output/invivo_91/102.jpg

Performing segmentation on ---> data/imgs/invivo_91/100.jpg ...
inference_time: 0.004356861114501953s
validation_score (dice_coeff): 0.993923008441925
saved predicted mask to ---> output/invivo_91/100.jpg

Performing segmentation on ---> data/imgs/invivo_91/64.jpg ...
inference_time: 0.004382133483886719s
validation_score (dice_coeff): 0.992489755153656
saved predicted mask to ---> output/invivo_91/64.jpg

Performing segmentation on ---> data/imgs/invivo_91/108.jpg ...
inference_time: 0.00436091423034668s
validation_score (dice_coeff): 0.991994321346283
saved predicted mask to ---> output/invivo_91/108.jpg

Performing segmentation on ---> data/imgs/invivo_91/95.jpg ...
inference_time: 0.00434422492980957s
validation_score (dice_coeff): 0.9736730456352234
saved predicted mask to ---> output/invivo_91/95.jpg

Performing segmentation on ---> data/imgs/invivo_91/105.jpg ...
inference_time: 0.0043408870697021484s
validation_score (dice_coeff): 0.9941637516021729
saved predicted mask to ---> output/invivo_91/105.jpg

Performing segmentation on ---> data/imgs/invivo_91/131.jpg ...
inference_time: 0.004328489303588867s
validation_score (dice_coeff): 0.788844108581543
saved predicted mask to ---> output/invivo_91/131.jpg

Performing segmentation on ---> data/imgs/invivo_91/79.jpg ...
inference_time: 0.004332542419433594s
validation_score (dice_coeff): 0.9878947734832764
saved predicted mask to ---> output/invivo_91/79.jpg

Performing segmentation on ---> data/imgs/invivo_91/96.jpg ...
inference_time: 0.00433802604675293s
validation_score (dice_coeff): 0.9851703643798828
saved predicted mask to ---> output/invivo_91/96.jpg

Performing segmentation on ---> data/imgs/invivo_91/56.jpg ...
inference_time: 0.00435328483581543s
validation_score (dice_coeff): 0.9771903157234192
saved predicted mask to ---> output/invivo_91/56.jpg

Performing segmentation on ---> data/imgs/invivo_91/115.jpg ...
inference_time: 0.0043599605560302734s
validation_score (dice_coeff): 0.8940379619598389
saved predicted mask to ---> output/invivo_91/115.jpg

Performing segmentation on ---> data/imgs/invivo_91/45.jpg ...
inference_time: 0.004350900650024414s
validation_score (dice_coeff): 0.9808467626571655
saved predicted mask to ---> output/invivo_91/45.jpg

Performing segmentation on ---> data/imgs/invivo_91/129.jpg ...
inference_time: 0.004476070404052734s
validation_score (dice_coeff): 0.9128413200378418
saved predicted mask to ---> output/invivo_91/129.jpg

Performing segmentation on ---> data/imgs/invivo_91/133.jpg ...
inference_time: 0.004343986511230469s
validation_score (dice_coeff): 0.9926150441169739
saved predicted mask to ---> output/invivo_91/133.jpg

Performing segmentation on ---> data/imgs/invivo_91/69.jpg ...
inference_time: 0.004329681396484375s
validation_score (dice_coeff): 0.9806593656539917
saved predicted mask to ---> output/invivo_91/69.jpg

Performing segmentation on ---> data/imgs/invivo_91/87.jpg ...
inference_time: 0.004343986511230469s
validation_score (dice_coeff): 0.9510647058486938
saved predicted mask to ---> output/invivo_91/87.jpg

Performing segmentation on ---> data/imgs/invivo_91/159.jpg ...
inference_time: 0.0045626163482666016s
validation_score (dice_coeff): 0.9548211693763733
saved predicted mask to ---> output/invivo_91/159.jpg

Performing segmentation on ---> data/imgs/invivo_91/70.jpg ...
inference_time: 0.004360198974609375s
validation_score (dice_coeff): 0.9770594835281372
saved predicted mask to ---> output/invivo_91/70.jpg

Performing segmentation on ---> data/imgs/invivo_91/91.jpg ...
inference_time: 0.004350185394287109s
validation_score (dice_coeff): 0.986754298210144
saved predicted mask to ---> output/invivo_91/91.jpg

Performing segmentation on ---> data/imgs/invivo_91/128.jpg ...
inference_time: 0.004323720932006836s
validation_score (dice_coeff): 0.995151162147522
saved predicted mask to ---> output/invivo_91/128.jpg

Performing segmentation on ---> data/imgs/invivo_91/24.jpg ...
inference_time: 0.004334926605224609s
validation_score (dice_coeff): 0.9876330494880676
saved predicted mask to ---> output/invivo_91/24.jpg

Performing segmentation on ---> data/imgs/invivo_91/110.jpg ...
inference_time: 0.00434422492980957s
validation_score (dice_coeff): 0.9313506484031677
saved predicted mask to ---> output/invivo_91/110.jpg

Performing segmentation on ---> data/imgs/invivo_91/127.jpg ...
inference_time: 0.0043315887451171875s
validation_score (dice_coeff): 0.9951845407485962
saved predicted mask to ---> output/invivo_91/127.jpg

Performing segmentation on ---> data/imgs/invivo_91/135.jpg ...
inference_time: 0.004337310791015625s
validation_score (dice_coeff): 0.989471435546875
saved predicted mask to ---> output/invivo_91/135.jpg

Performing segmentation on ---> data/imgs/invivo_91/88.jpg ...
inference_time: 0.00433039665222168s
validation_score (dice_coeff): 0.994149923324585
saved predicted mask to ---> output/invivo_91/88.jpg

Performing segmentation on ---> data/imgs/invivo_91/84.jpg ...
inference_time: 0.0043487548828125s
validation_score (dice_coeff): 0.967018187046051
saved predicted mask to ---> output/invivo_91/84.jpg

Performing segmentation on ---> data/imgs/invivo_91/151.jpg ...
inference_time: 0.004323244094848633s
validation_score (dice_coeff): 0.9822772145271301
saved predicted mask to ---> output/invivo_91/151.jpg

Performing segmentation on ---> data/imgs/invivo_91/4.jpg ...
inference_time: 0.004322052001953125s
validation_score (dice_coeff): 0.9780325293540955
saved predicted mask to ---> output/invivo_91/4.jpg

Performing segmentation on ---> data/imgs/invivo_91/132.jpg ...
inference_time: 0.004330635070800781s
validation_score (dice_coeff): 0.9394532442092896
saved predicted mask to ---> output/invivo_91/132.jpg

Performing segmentation on ---> data/imgs/invivo_91/61.jpg ...
inference_time: 0.004351139068603516s
validation_score (dice_coeff): 0.9892171621322632
saved predicted mask to ---> output/invivo_91/61.jpg

Performing segmentation on ---> data/imgs/invivo_91/153.jpg ...
inference_time: 0.004327297210693359s
validation_score (dice_coeff): 0.9363396167755127
saved predicted mask to ---> output/invivo_91/153.jpg

Performing segmentation on ---> data/imgs/invivo_91/89.jpg ...
inference_time: 0.004366874694824219s
validation_score (dice_coeff): 0.9946821331977844
saved predicted mask to ---> output/invivo_91/89.jpg

Performing segmentation on ---> data/imgs/invivo_91/30.jpg ...
inference_time: 0.004326820373535156s
validation_score (dice_coeff): 0.9901788234710693
saved predicted mask to ---> output/invivo_91/30.jpg

Performing segmentation on ---> data/imgs/invivo_91/154.jpg ...
inference_time: 0.004354238510131836s
validation_score (dice_coeff): 0.9323608875274658
saved predicted mask to ---> output/invivo_91/154.jpg

Performing segmentation on ---> data/imgs/invivo_91/124.jpg ...
inference_time: 0.004366397857666016s
validation_score (dice_coeff): 0.9923049211502075
saved predicted mask to ---> output/invivo_91/124.jpg

Performing segmentation on ---> data/imgs/invivo_91/113.jpg ...
inference_time: 0.004339694976806641s
validation_score (dice_coeff): 0.8955695033073425
saved predicted mask to ---> output/invivo_91/113.jpg

Performing segmentation on ---> data/imgs/invivo_91/19.jpg ...
inference_time: 0.004326343536376953s
validation_score (dice_coeff): 0.9894005060195923
saved predicted mask to ---> output/invivo_91/19.jpg

Performing segmentation on ---> data/imgs/invivo_91/22.jpg ...
inference_time: 0.004326820373535156s
validation_score (dice_coeff): 0.9888538718223572
saved predicted mask to ---> output/invivo_91/22.jpg

Performing segmentation on ---> data/imgs/invivo_91/116.jpg ...
inference_time: 0.004340410232543945s
validation_score (dice_coeff): 0.9214769601821899
saved predicted mask to ---> output/invivo_91/116.jpg

Performing segmentation on ---> data/imgs/invivo_91/55.jpg ...
inference_time: 0.004354238510131836s
validation_score (dice_coeff): 0.9783748984336853
saved predicted mask to ---> output/invivo_91/55.jpg

Performing segmentation on ---> data/imgs/invivo_91/104.jpg ...
inference_time: 0.004383087158203125s
validation_score (dice_coeff): 0.99196457862854
saved predicted mask to ---> output/invivo_91/104.jpg

Performing segmentation on ---> data/imgs/invivo_91/3.jpg ...
inference_time: 0.004416704177856445s
validation_score (dice_coeff): 0.9881898164749146
saved predicted mask to ---> output/invivo_91/3.jpg

Performing segmentation on ---> data/imgs/invivo_91/46.jpg ...
inference_time: 0.004346132278442383s
validation_score (dice_coeff): 0.9855608940124512
saved predicted mask to ---> output/invivo_91/46.jpg

Performing segmentation on ---> data/imgs/invivo_91/152.jpg ...
inference_time: 0.005120277404785156s
validation_score (dice_coeff): 0.9861149191856384
saved predicted mask to ---> output/invivo_91/152.jpg

Performing segmentation on ---> data/imgs/invivo_91/15.jpg ...
inference_time: 0.0042760372161865234s
validation_score (dice_coeff): 0.9914122223854065
saved predicted mask to ---> output/invivo_91/15.jpg

Performing segmentation on ---> data/imgs/invivo_91/43.jpg ...
inference_time: 0.004273176193237305s
validation_score (dice_coeff): 0.9905336499214172
saved predicted mask to ---> output/invivo_91/43.jpg

Performing segmentation on ---> data/imgs/invivo_91/48.jpg ...
inference_time: 0.004273176193237305s
validation_score (dice_coeff): 0.9909102916717529
saved predicted mask to ---> output/invivo_91/48.jpg

Performing segmentation on ---> data/imgs/invivo_91/47.jpg ...
inference_time: 0.0042934417724609375s
validation_score (dice_coeff): 0.9560576677322388
saved predicted mask to ---> output/invivo_91/47.jpg

Performing segmentation on ---> data/imgs/invivo_91/117.jpg ...
inference_time: 0.004267692565917969s
validation_score (dice_coeff): 0.924761176109314
saved predicted mask to ---> output/invivo_91/117.jpg

Performing segmentation on ---> data/imgs/invivo_91/42.jpg ...
inference_time: 0.004268646240234375s
validation_score (dice_coeff): 0.9922425150871277
saved predicted mask to ---> output/invivo_91/42.jpg

Performing segmentation on ---> data/imgs/invivo_91/0.jpg ...
inference_time: 0.004285573959350586s
validation_score (dice_coeff): 0.9045092463493347
saved predicted mask to ---> output/invivo_91/0.jpg

Performing segmentation on ---> data/imgs/invivo_91/123.jpg ...
inference_time: 0.004273414611816406s
validation_score (dice_coeff): 0.9930160641670227
saved predicted mask to ---> output/invivo_91/123.jpg

Performing segmentation on ---> data/imgs/invivo_91/12.jpg ...
inference_time: 0.004647493362426758s
validation_score (dice_coeff): 0.9827243089675903
saved predicted mask to ---> output/invivo_91/12.jpg

Performing segmentation on ---> data/imgs/invivo_91/50.jpg ...
inference_time: 0.0043048858642578125s
validation_score (dice_coeff): 0.9881640076637268
saved predicted mask to ---> output/invivo_91/50.jpg

Performing segmentation on ---> data/imgs/invivo_91/93.jpg ...
inference_time: 0.00428462028503418s
validation_score (dice_coeff): 0.9611545205116272
saved predicted mask to ---> output/invivo_91/93.jpg

Performing segmentation on ---> data/imgs/invivo_91/106.jpg ...
inference_time: 0.0042803287506103516s
validation_score (dice_coeff): 0.9952151775360107
saved predicted mask to ---> output/invivo_91/106.jpg

Performing segmentation on ---> data/imgs/invivo_91/1.jpg ...
inference_time: 0.004274845123291016s
validation_score (dice_coeff): 0.9631097912788391
saved predicted mask to ---> output/invivo_91/1.jpg

Performing segmentation on ---> data/imgs/invivo_91/27.jpg ...
inference_time: 0.004268169403076172s
validation_score (dice_coeff): 0.9869362115859985
saved predicted mask to ---> output/invivo_91/27.jpg

Performing segmentation on ---> data/imgs/invivo_91/157.jpg ...
inference_time: 0.004288911819458008s
validation_score (dice_coeff): 0.9798395037651062
saved predicted mask to ---> output/invivo_91/157.jpg

Performing segmentation on ---> data/imgs/invivo_91/60.jpg ...
inference_time: 0.0042743682861328125s
validation_score (dice_coeff): 0.9303946495056152
saved predicted mask to ---> output/invivo_91/60.jpg

Performing segmentation on ---> data/imgs/invivo_91/21.jpg ...
inference_time: 0.004277229309082031s
validation_score (dice_coeff): 0.9860209822654724
saved predicted mask to ---> output/invivo_91/21.jpg

Performing segmentation on ---> data/imgs/invivo_91/85.jpg ...
inference_time: 0.00428462028503418s
validation_score (dice_coeff): 0.9851746559143066
saved predicted mask to ---> output/invivo_91/85.jpg

Performing segmentation on ---> data/imgs/invivo_91/107.jpg ...
inference_time: 0.004307985305786133s
validation_score (dice_coeff): 0.9952983260154724
saved predicted mask to ---> output/invivo_91/107.jpg

Performing segmentation on ---> data/imgs/invivo_91/160.jpg ...
inference_time: 0.00426483154296875s
validation_score (dice_coeff): 0.9817349910736084
saved predicted mask to ---> output/invivo_91/160.jpg

Performing segmentation on ---> data/imgs/invivo_91/26.jpg ...
inference_time: 0.004272937774658203s
validation_score (dice_coeff): 0.9902230501174927
saved predicted mask to ---> output/invivo_91/26.jpg

Performing segmentation on ---> data/imgs/invivo_91/54.jpg ...
inference_time: 0.004278898239135742s
validation_score (dice_coeff): 0.9605347514152527
saved predicted mask to ---> output/invivo_91/54.jpg

Performing segmentation on ---> data/imgs/invivo_91/49.jpg ...
inference_time: 0.004279136657714844s
validation_score (dice_coeff): 0.9869871735572815
saved predicted mask to ---> output/invivo_91/49.jpg

Performing segmentation on ---> data/imgs/invivo_91/20.jpg ...
inference_time: 0.004278898239135742s
validation_score (dice_coeff): 0.9648905992507935
saved predicted mask to ---> output/invivo_91/20.jpg

Performing segmentation on ---> data/imgs/invivo_91/158.jpg ...
inference_time: 0.0042726993560791016s
validation_score (dice_coeff): 0.9879536628723145
saved predicted mask to ---> output/invivo_91/158.jpg

----- UNet Performance Summary on invivo_91 -----
Using device: cuda
Using model: checkpoints/invivo_91/unet_ckpt_20.pth
Total samples: 90
Total inference time: 1.95808s 	 Average inference time: 0.02176s 	 Average val score: 0.972
-----------------------
