Namespace(class_path='data/custom/classes.names', conf_thres=0.825, dataset_name='invivo_91', device='cuda', image_folder='data/custom/images/invivo_91', img_size=416, iou_thres=0.5, model_def='config/yolov3-custom.cfg', nms_thres=0.4, output_dir='output', save_plot=1, weights_path='checkpoints/invivo_91/yolov3_ckpt_34.pth')

Performing object detection on ---> data/custom/images/invivo_91/59.jpg 	
inference_time: 1.589369297027588s
Saving image with bbox in original image size - (754, 494):
	+ Label: vein, x1: 223.608, y1: 27.161, x2: 365.782, y2: 113.844, obj_conf: 0.99028, cls_conf: 0.99985
saved image plot with detected bboxes into ---> output/invivo_91/59.jpg
Showing image with bbox in detected image size - (416, 416)
	+ Label: vein, x1: 194.370, y1: 14.985, x2: 272.811, y2: 62.810, iou: 0.72501

Performing object detection on ---> data/custom/images/invivo_91/98.jpg 	
inference_time: 0.03282308578491211s
Saving image with bbox in original image size - (754, 494):
	+ Label: vein, x1: 43.299, y1: 1.357, x2: 174.589, y2: 71.861, obj_conf: 0.99516, cls_conf: 0.99997
saved image plot with detected bboxes into ---> output/invivo_91/98.jpg
Showing image with bbox in detected image size - (416, 416)
	+ Label: vein, x1: 94.889, y1: 0.749, x2: 167.325, y2: 39.648, iou: 0.87014

Performing object detection on ---> data/custom/images/invivo_91/68.jpg 	
inference_time: 0.03278350830078125s
Saving image with bbox in original image size - (754, 494):
	+ Label: vein, x1: 41.383, y1: 27.133, x2: 174.785, y2: 109.504, obj_conf: 0.98928, cls_conf: 0.99995
saved image plot with detected bboxes into ---> output/invivo_91/68.jpg
Showing image with bbox in detected image size - (416, 416)
	+ Label: vein, x1: 93.832, y1: 14.970, x2: 167.433, y2: 60.416, iou: 0.84771

Performing object detection on ---> data/custom/images/invivo_91/109.jpg 	
inference_time: 0.035790205001831055s
Saving image with bbox in original image size - (754, 494):
	+ Label: vein, x1: 160.513, y1: -2.900, x2: 256.597, y2: 47.461, obj_conf: 0.97070, cls_conf: 0.99936
saved image plot with detected bboxes into ---> output/invivo_91/109.jpg
Showing image with bbox in detected image size - (416, 416)
	+ Label: vein, x1: 159.559, y1: -1.600, x2: 212.571, y2: 26.185, iou: 0.73427

Performing object detection on ---> data/custom/images/invivo_91/44.jpg 	
inference_time: 0.032851457595825195s
Saving image with bbox in original image size - (754, 494):
	+ Label: vein, x1: 147.847, y1: 34.466, x2: 295.787, y2: 133.290, obj_conf: 0.97388, cls_conf: 0.99991
saved image plot with detected bboxes into ---> output/invivo_91/44.jpg
Showing image with bbox in detected image size - (416, 416)
	+ Label: vein, x1: 152.571, y1: 19.016, x2: 234.193, y2: 73.539, iou: 0.79504

Performing object detection on ---> data/custom/images/invivo_91/101.jpg 	
inference_time: 0.03273940086364746s
Saving image with bbox in original image size - (754, 494):
	+ Label: vein, x1: 148.172, y1: 0.638, x2: 251.516, y2: 53.694, obj_conf: 0.95991, cls_conf: 0.99976
saved image plot with detected bboxes into ---> output/invivo_91/101.jpg
Showing image with bbox in detected image size - (416, 416)
	+ Label: vein, x1: 152.750, y1: 0.352, x2: 209.767, y2: 29.625, iou: 0.88719

Performing object detection on ---> data/custom/images/invivo_91/122.jpg 	
inference_time: 0.032805442810058594s
Saving image with bbox in original image size - (754, 494):
	+ Label: vein, x1: 125.129, y1: -1.871, x2: 246.279, y2: 58.378, obj_conf: 0.98306, cls_conf: 0.99988
saved image plot with detected bboxes into ---> output/invivo_91/122.jpg
Showing image with bbox in detected image size - (416, 416)
	+ Label: vein, x1: 140.037, y1: -1.032, x2: 206.878, y2: 32.209, iou: 0.69603

Performing object detection on ---> data/custom/images/invivo_91/23.jpg 	
inference_time: 0.03274965286254883s
Saving image with bbox in original image size - (754, 494):
	+ Label: vein, x1: 207.596, y1: 32.225, x2: 333.109, y2: 110.263, obj_conf: 0.98744, cls_conf: 0.99978
saved image plot with detected bboxes into ---> output/invivo_91/23.jpg
Showing image with bbox in detected image size - (416, 416)
	+ Label: vein, x1: 185.536, y1: 17.779, x2: 254.784, y2: 60.835, iou: 0.81755

Performing object detection on ---> data/custom/images/invivo_91/97.jpg 	
inference_time: 0.03270912170410156s
Saving image with bbox in original image size - (754, 494):
	+ Label: vein, x1: 5.616, y1: -4.286, x2: 139.820, y2: 70.990, obj_conf: 0.99637, cls_conf: 0.99999
saved image plot with detected bboxes into ---> output/invivo_91/97.jpg
Showing image with bbox in detected image size - (416, 416)
	+ Label: vein, x1: 74.098, y1: -2.365, x2: 148.142, y2: 39.167, iou: 0.78076

Performing object detection on ---> data/custom/images/invivo_91/80.jpg 	
inference_time: 0.03276515007019043s
Saving image with bbox in original image size - (754, 494):
	+ Label: vein, x1: 175.312, y1: 9.347, x2: 312.462, y2: 94.699, obj_conf: 0.98199, cls_conf: 0.99965
saved image plot with detected bboxes into ---> output/invivo_91/80.jpg
Showing image with bbox in detected image size - (416, 416)
	+ Label: vein, x1: 167.724, y1: 5.157, x2: 243.393, y2: 52.248, iou: 0.82391

Performing object detection on ---> data/custom/images/invivo_91/103.jpg 	
inference_time: 0.0327451229095459s
Saving image with bbox in original image size - (754, 494):
	+ Label: vein, x1: 160.459, y1: 0.991, x2: 267.520, y2: 56.012, obj_conf: 0.97305, cls_conf: 0.99985
saved image plot with detected bboxes into ---> output/invivo_91/103.jpg
Showing image with bbox in detected image size - (416, 416)
	+ Label: vein, x1: 159.529, y1: 0.547, x2: 218.597, y2: 30.903, iou: 0.76021

Performing object detection on ---> data/custom/images/invivo_91/18.jpg 	
inference_time: 0.03274965286254883s
Saving image with bbox in original image size - (754, 494):
	+ Label: vein, x1: 246.890, y1: 34.237, x2: 366.178, y2: 117.327, obj_conf: 0.96879, cls_conf: 0.99973
saved image plot with detected bboxes into ---> output/invivo_91/18.jpg
Showing image with bbox in detected image size - (416, 416)
	+ Label: vein, x1: 207.215, y1: 18.889, x2: 273.029, y2: 64.732, iou: 0.85493

Performing object detection on ---> data/custom/images/invivo_91/41.jpg 	
inference_time: 0.032804012298583984s
Saving image with bbox in original image size - (754, 494):
	+ Label: vein, x1: 122.663, y1: 26.060, x2: 260.782, y2: 119.968, obj_conf: 0.97864, cls_conf: 0.99958
saved image plot with detected bboxes into ---> output/invivo_91/41.jpg
Showing image with bbox in detected image size - (416, 416)
	+ Label: vein, x1: 138.676, y1: 14.378, x2: 214.880, y2: 66.189, iou: 0.84916

Performing object detection on ---> data/custom/images/invivo_91/99.jpg 	
inference_time: 0.03274130821228027s
Saving image with bbox in original image size - (754, 494):
	+ Label: vein, x1: 96.529, y1: -1.139, x2: 227.144, y2: 71.157, obj_conf: 0.99438, cls_conf: 0.99997
saved image plot with detected bboxes into ---> output/invivo_91/99.jpg
Showing image with bbox in detected image size - (416, 416)
	+ Label: vein, x1: 124.257, y1: -0.628, x2: 196.321, y2: 39.259, iou: 0.73054

Performing object detection on ---> data/custom/images/invivo_91/90.jpg 	
inference_time: 0.03273892402648926s
Saving image with bbox in original image size - (754, 494):
	+ Label: vein, x1: 301.809, y1: -2.388, x2: 426.809, y2: 57.272, obj_conf: 0.99098, cls_conf: 0.99996
saved image plot with detected bboxes into ---> output/invivo_91/90.jpg
Showing image with bbox in detected image size - (416, 416)
	+ Label: vein, x1: 237.515, y1: -1.318, x2: 306.481, y2: 31.598, iou: 0.80903

Performing object detection on ---> data/custom/images/invivo_91/125.jpg 	
inference_time: 0.03275275230407715s
Saving image with bbox in original image size - (754, 494):
	+ Label: vein, x1: 165.556, y1: -2.075, x2: 258.152, y2: 46.579, obj_conf: 0.95564, cls_conf: 0.99933
saved image plot with detected bboxes into ---> output/invivo_91/125.jpg
Showing image with bbox in detected image size - (416, 416)
	+ Label: vein, x1: 162.341, y1: -1.145, x2: 213.428, y2: 25.699, iou: 0.82047

Performing object detection on ---> data/custom/images/invivo_91/58.jpg 	
inference_time: 0.032731056213378906s
Saving image with bbox in original image size - (754, 494):
	+ Label: vein, x1: 218.608, y1: 23.778, x2: 364.879, y2: 125.940, obj_conf: 0.98698, cls_conf: 0.99978
saved image plot with detected bboxes into ---> output/invivo_91/58.jpg
Showing image with bbox in detected image size - (416, 416)
	+ Label: vein, x1: 191.611, y1: 13.119, x2: 272.313, y2: 69.484, iou: 0.84480

Performing object detection on ---> data/custom/images/invivo_91/86.jpg 	
inference_time: 0.03270530700683594s
Saving image with bbox in original image size - (754, 494):
	+ Label: vein, x1: 342.251, y1: -2.125, x2: 466.123, y2: 63.597, obj_conf: 0.98544, cls_conf: 0.99992
saved image plot with detected bboxes into ---> output/invivo_91/86.jpg
Showing image with bbox in detected image size - (416, 416)
	+ Label: vein, x1: 259.828, y1: -1.172, x2: 328.171, y2: 35.088, iou: 0.82338

Performing object detection on ---> data/custom/images/invivo_91/14.jpg 	
inference_time: 0.03277778625488281s
Saving image with bbox in original image size - (754, 494):
	+ Label: vein, x1: 252.114, y1: 28.957, x2: 370.629, y2: 106.119, obj_conf: 0.86155, cls_conf: 0.99958
saved image plot with detected bboxes into ---> output/invivo_91/14.jpg
Showing image with bbox in detected image size - (416, 416)
	+ Label: vein, x1: 210.097, y1: 15.976, x2: 275.485, y2: 58.548, iou: 0.75644

Performing object detection on ---> data/custom/images/invivo_91/111.jpg 	
inference_time: 0.033449411392211914s
Saving image with bbox in original image size - (754, 494):
	+ Label: vein, x1: -27.991, y1: 58.770, x2: 83.938, y2: 130.179, obj_conf: 0.92306, cls_conf: 0.99883
	+ Label: vein, x1: 250.758, y1: 152.394, x2: 358.827, y2: 223.147, obj_conf: 0.90329, cls_conf: 0.99951
	+ Label: vein, x1: 337.905, y1: 189.018, x2: 432.896, y2: 264.400, obj_conf: 0.84965, cls_conf: 0.99848
saved image plot with detected bboxes into ---> output/invivo_91/111.jpg
Showing image with bbox in detected image size - (416, 416)
	+ Label: vein, x1: 55.557, y1: 32.425, x2: 117.311, y2: 71.823, iou: 0.63070
	+ Label: vein, x1: 209.349, y1: 84.079, x2: 268.973, y2: 123.115, iou: 0.74386
	+ Label: vein, x1: 257.430, y1: 104.286, x2: 309.839, y2: 145.876, iou: 0.70772

Performing object detection on ---> data/custom/images/invivo_91/92.jpg 	
inference_time: 0.032737016677856445s
Saving image with bbox in original image size - (754, 494):
	+ Label: vein, x1: 355.937, y1: 1.144, x2: 482.705, y2: 72.021, obj_conf: 0.99285, cls_conf: 0.99996
saved image plot with detected bboxes into ---> output/invivo_91/92.jpg
Showing image with bbox in detected image size - (416, 416)
	+ Label: vein, x1: 267.379, y1: 0.631, x2: 337.320, y2: 39.736, iou: 0.85424

Performing object detection on ---> data/custom/images/invivo_91/102.jpg 	
inference_time: 0.03277111053466797s
Saving image with bbox in original image size - (754, 494):
	+ Label: vein, x1: 149.646, y1: 1.024, x2: 255.271, y2: 53.709, obj_conf: 0.97137, cls_conf: 0.99974
saved image plot with detected bboxes into ---> output/invivo_91/102.jpg
Showing image with bbox in detected image size - (416, 416)
	+ Label: vein, x1: 153.564, y1: 0.565, x2: 211.839, y2: 29.633, iou: 0.74523

Performing object detection on ---> data/custom/images/invivo_91/100.jpg 	
inference_time: 0.03277277946472168s
Saving image with bbox in original image size - (754, 494):
	+ Label: vein, x1: 71.373, y1: 0.713, x2: 200.824, y2: 70.637, obj_conf: 0.99260, cls_conf: 0.99995
saved image plot with detected bboxes into ---> output/invivo_91/100.jpg
Showing image with bbox in detected image size - (416, 416)
	+ Label: vein, x1: 110.378, y1: 0.393, x2: 181.799, y2: 38.972, iou: 0.85621

Performing object detection on ---> data/custom/images/invivo_91/64.jpg 	
inference_time: 0.03466653823852539s
Saving image with bbox in original image size - (754, 494):
	+ Label: vein, x1: 61.726, y1: 17.218, x2: 195.230, y2: 100.255, obj_conf: 0.97281, cls_conf: 0.99988
saved image plot with detected bboxes into ---> output/invivo_91/64.jpg
Showing image with bbox in detected image size - (416, 416)
	+ Label: vein, x1: 105.055, y1: 9.500, x2: 178.713, y2: 55.313, iou: 0.82845

Performing object detection on ---> data/custom/images/invivo_91/108.jpg 	
inference_time: 0.032799720764160156s
Saving image with bbox in original image size - (754, 494):
	+ Label: vein, x1: 165.654, y1: -1.729, x2: 261.075, y2: 48.686, obj_conf: 0.97591, cls_conf: 0.99972
saved image plot with detected bboxes into ---> output/invivo_91/108.jpg
Showing image with bbox in detected image size - (416, 416)
	+ Label: vein, x1: 162.395, y1: -0.954, x2: 215.041, y2: 26.861, iou: 0.71841

Performing object detection on ---> data/custom/images/invivo_91/95.jpg 	
inference_time: 0.03274965286254883s
Saving image with bbox in original image size - (754, 494):
	+ Label: vein, x1: 97.174, y1: 3.181, x2: 221.879, y2: 70.144, obj_conf: 0.99336, cls_conf: 0.99997
saved image plot with detected bboxes into ---> output/invivo_91/95.jpg
Showing image with bbox in detected image size - (416, 416)
	+ Label: vein, x1: 124.613, y1: 1.755, x2: 193.416, y2: 38.700, iou: 0.89516

Performing object detection on ---> data/custom/images/invivo_91/105.jpg 	
inference_time: 0.0327761173248291s
Saving image with bbox in original image size - (754, 494):
	+ Label: vein, x1: 126.760, y1: 0.067, x2: 236.386, y2: 57.306, obj_conf: 0.97856, cls_conf: 0.99988
saved image plot with detected bboxes into ---> output/invivo_91/105.jpg
Showing image with bbox in detected image size - (416, 416)
	+ Label: vein, x1: 140.937, y1: 0.037, x2: 201.420, y2: 31.617, iou: 0.87991

Performing object detection on ---> data/custom/images/invivo_91/131.jpg 	
inference_time: 0.032782554626464844s
Saving image with bbox in original image size - (754, 494):
	+ Label: vein, x1: 231.772, y1: -1.566, x2: 335.506, y2: 52.768, obj_conf: 0.98583, cls_conf: 0.99985
saved image plot with detected bboxes into ---> output/invivo_91/131.jpg
Showing image with bbox in detected image size - (416, 416)
	+ Label: vein, x1: 198.874, y1: -0.864, x2: 256.107, y2: 29.113, iou: 0.79950

Performing object detection on ---> data/custom/images/invivo_91/79.jpg 	
inference_time: 0.0327455997467041s
Saving image with bbox in original image size - (754, 494):
	+ Label: vein, x1: 181.115, y1: 11.046, x2: 321.811, y2: 96.343, obj_conf: 0.98513, cls_conf: 0.99995
saved image plot with detected bboxes into ---> output/invivo_91/79.jpg
Showing image with bbox in detected image size - (416, 416)
	+ Label: vein, x1: 170.926, y1: 6.094, x2: 248.551, y2: 53.155, iou: 0.84651

Performing object detection on ---> data/custom/images/invivo_91/96.jpg 	
inference_time: 0.0327303409576416s
Saving image with bbox in original image size - (754, 494):
	+ Label: vein, x1: 33.130, y1: 1.355, x2: 175.128, y2: 73.918, obj_conf: 0.99661, cls_conf: 0.99999
saved image plot with detected bboxes into ---> output/invivo_91/96.jpg
Showing image with bbox in detected image size - (416, 416)
	+ Label: vein, x1: 89.278, y1: 0.748, x2: 167.622, y2: 40.782, iou: 0.84008

Performing object detection on ---> data/custom/images/invivo_91/56.jpg 	
inference_time: 0.03277945518493652s
Saving image with bbox in original image size - (754, 494):
	+ Label: vein, x1: 192.567, y1: 25.203, x2: 335.148, y2: 124.905, obj_conf: 0.98984, cls_conf: 0.99981
saved image plot with detected bboxes into ---> output/invivo_91/56.jpg
Showing image with bbox in detected image size - (416, 416)
	+ Label: vein, x1: 177.244, y1: 13.905, x2: 255.909, y2: 68.913, iou: 0.86918

Performing object detection on ---> data/custom/images/invivo_91/115.jpg 	
inference_time: 0.03313636779785156s
Saving image with bbox in original image size - (754, 494):
	+ Label: vein, x1: 277.704, y1: 95.950, x2: 397.753, y2: 180.149, obj_conf: 0.97661, cls_conf: 0.99986
	+ Label: vein, x1: 363.901, y1: 135.904, x2: 483.318, y2: 210.626, obj_conf: 0.97401, cls_conf: 0.99985
saved image plot with detected bboxes into ---> output/invivo_91/115.jpg
Showing image with bbox in detected image size - (416, 416)
	+ Label: vein, x1: 224.216, y1: 52.938, x2: 290.450, y2: 99.393, iou: 0.80320
	+ Label: vein, x1: 271.773, y1: 74.981, x2: 337.658, y2: 116.207, iou: 0.71637

Performing object detection on ---> data/custom/images/invivo_91/45.jpg 	
inference_time: 0.0327305793762207s
Saving image with bbox in original image size - (754, 494):
	+ Label: vein, x1: 148.979, y1: 43.635, x2: 288.979, y2: 132.665, obj_conf: 0.97689, cls_conf: 0.99992
saved image plot with detected bboxes into ---> output/invivo_91/45.jpg
Showing image with bbox in detected image size - (416, 416)
	+ Label: vein, x1: 153.195, y1: 24.075, x2: 230.437, y2: 73.194, iou: 0.78205

Performing object detection on ---> data/custom/images/invivo_91/129.jpg 	
inference_time: 0.03287649154663086s
Saving image with bbox in original image size - (754, 494):
	+ Label: vein, x1: 205.475, y1: 0.402, x2: 298.390, y2: 44.193, obj_conf: 0.93677, cls_conf: 0.99971
saved image plot with detected bboxes into ---> output/invivo_91/129.jpg
Showing image with bbox in detected image size - (416, 416)
	+ Label: vein, x1: 184.366, y1: 0.222, x2: 235.629, y2: 24.382, iou: 0.76570

Performing object detection on ---> data/custom/images/invivo_91/133.jpg 	
inference_time: 0.03273487091064453s
Saving image with bbox in original image size - (754, 494):
	+ Label: vein, x1: 254.872, y1: -2.738, x2: 361.143, y2: 51.201, obj_conf: 0.98437, cls_conf: 0.99988
saved image plot with detected bboxes into ---> output/invivo_91/133.jpg
Showing image with bbox in detected image size - (416, 416)
	+ Label: vein, x1: 211.619, y1: -1.511, x2: 270.251, y2: 28.249, iou: 0.63903

Performing object detection on ---> data/custom/images/invivo_91/69.jpg 	
inference_time: 0.03270888328552246s
Saving image with bbox in original image size - (754, 494):
	+ Label: vein, x1: 17.949, y1: 27.794, x2: 159.517, y2: 114.634, obj_conf: 0.99399, cls_conf: 0.99992
saved image plot with detected bboxes into ---> output/invivo_91/69.jpg
Showing image with bbox in detected image size - (416, 416)
	+ Label: vein, x1: 80.903, y1: 15.335, x2: 159.009, y2: 63.246, iou: 0.84143

Performing object detection on ---> data/custom/images/invivo_91/87.jpg 	
inference_time: 0.032816410064697266s
Saving image with bbox in original image size - (754, 494):
	+ Label: vein, x1: 376.530, y1: -2.202, x2: 495.169, y2: 59.252, obj_conf: 0.98187, cls_conf: 0.99994
saved image plot with detected bboxes into ---> output/invivo_91/87.jpg
Showing image with bbox in detected image size - (416, 416)
	+ Label: vein, x1: 278.741, y1: -1.215, x2: 344.197, y2: 32.691, iou: 0.80883

Performing object detection on ---> data/custom/images/invivo_91/159.jpg 	
inference_time: 0.03279685974121094s
Saving image with bbox in original image size - (754, 494):
	+ Label: vein, x1: 268.831, y1: 11.105, x2: 375.311, y2: 79.294, obj_conf: 0.94295, cls_conf: 0.99948
saved image plot with detected bboxes into ---> output/invivo_91/159.jpg
Showing image with bbox in detected image size - (416, 416)
	+ Label: vein, x1: 219.321, y1: 6.127, x2: 278.068, y2: 43.748, iou: 0.80789

Performing object detection on ---> data/custom/images/invivo_91/70.jpg 	
inference_time: 0.03278207778930664s
Saving image with bbox in original image size - (754, 494):
	+ Label: vein, x1: 57.832, y1: 26.749, x2: 192.887, y2: 109.717, obj_conf: 0.99115, cls_conf: 0.99987
saved image plot with detected bboxes into ---> output/invivo_91/70.jpg
Showing image with bbox in detected image size - (416, 416)
	+ Label: vein, x1: 102.907, y1: 14.758, x2: 177.420, y2: 60.534, iou: 0.80386

Performing object detection on ---> data/custom/images/invivo_91/91.jpg 	
inference_time: 0.032787322998046875s
Saving image with bbox in original image size - (754, 494):
	+ Label: vein, x1: 355.773, y1: 2.991, x2: 488.810, y2: 76.782, obj_conf: 0.99024, cls_conf: 0.99986
saved image plot with detected bboxes into ---> output/invivo_91/91.jpg
Showing image with bbox in detected image size - (416, 416)
	+ Label: vein, x1: 267.288, y1: 1.650, x2: 340.688, y2: 42.363, iou: 0.82721

Performing object detection on ---> data/custom/images/invivo_91/128.jpg 	
inference_time: 0.03271889686584473s
Saving image with bbox in original image size - (754, 494):
	+ Label: vein, x1: 196.357, y1: -2.218, x2: 293.274, y2: 45.826, obj_conf: 0.96054, cls_conf: 0.99972
saved image plot with detected bboxes into ---> output/invivo_91/128.jpg
Showing image with bbox in detected image size - (416, 416)
	+ Label: vein, x1: 179.335, y1: -1.224, x2: 232.806, y2: 25.283, iou: 0.78247

Performing object detection on ---> data/custom/images/invivo_91/24.jpg 	
inference_time: 0.03271818161010742s
Saving image with bbox in original image size - (754, 494):
	+ Label: vein, x1: 185.560, y1: 33.225, x2: 312.097, y2: 112.200, obj_conf: 0.97653, cls_conf: 0.99960
saved image plot with detected bboxes into ---> output/invivo_91/24.jpg
Showing image with bbox in detected image size - (416, 416)
	+ Label: vein, x1: 173.378, y1: 18.331, x2: 243.192, y2: 61.903, iou: 0.79458

Performing object detection on ---> data/custom/images/invivo_91/110.jpg 	
inference_time: 0.03274726867675781s
Saving image with bbox in original image size - (754, 494):
	+ Label: vein, x1: 168.440, y1: -0.710, x2: 269.697, y2: 48.276, obj_conf: 0.96970, cls_conf: 0.99951
saved image plot with detected bboxes into ---> output/invivo_91/110.jpg
Showing image with bbox in detected image size - (416, 416)
	+ Label: vein, x1: 163.933, y1: -0.392, x2: 219.798, y2: 26.635, iou: 0.85274

Performing object detection on ---> data/custom/images/invivo_91/127.jpg 	
inference_time: 0.036876678466796875s
Saving image with bbox in original image size - (754, 494):
	+ Label: vein, x1: 184.246, y1: -3.182, x2: 287.164, y2: 48.445, obj_conf: 0.97621, cls_conf: 0.99980
saved image plot with detected bboxes into ---> output/invivo_91/127.jpg
Showing image with bbox in detected image size - (416, 416)
	+ Label: vein, x1: 172.653, y1: -1.755, x2: 229.435, y2: 26.728, iou: 0.87578

Performing object detection on ---> data/custom/images/invivo_91/135.jpg 	
inference_time: 0.03276991844177246s
Saving image with bbox in original image size - (754, 494):
	+ Label: vein, x1: 204.331, y1: -1.373, x2: 320.868, y2: 55.540, obj_conf: 0.98437, cls_conf: 0.99990
saved image plot with detected bboxes into ---> output/invivo_91/135.jpg
Showing image with bbox in detected image size - (416, 416)
	+ Label: vein, x1: 183.734, y1: -0.757, x2: 248.031, y2: 30.643, iou: 0.78036

Performing object detection on ---> data/custom/images/invivo_91/88.jpg 	
inference_time: 0.03275299072265625s
Saving image with bbox in original image size - (754, 494):
	+ Label: vein, x1: 380.690, y1: -1.835, x2: 500.219, y2: 60.280, obj_conf: 0.98109, cls_conf: 0.99992
saved image plot with detected bboxes into ---> output/invivo_91/88.jpg
Showing image with bbox in detected image size - (416, 416)
	+ Label: vein, x1: 281.036, y1: -1.013, x2: 346.983, y2: 33.258, iou: 0.72569

Performing object detection on ---> data/custom/images/invivo_91/84.jpg 	
inference_time: 0.03275036811828613s
Saving image with bbox in original image size - (754, 494):
	+ Label: vein, x1: 236.701, y1: -2.911, x2: 355.383, y2: 63.397, obj_conf: 0.98949, cls_conf: 0.99994
saved image plot with detected bboxes into ---> output/invivo_91/84.jpg
Showing image with bbox in detected image size - (416, 416)
	+ Label: vein, x1: 201.593, y1: -1.606, x2: 267.073, y2: 34.978, iou: 0.77322

Performing object detection on ---> data/custom/images/invivo_91/151.jpg 	
inference_time: 0.0326991081237793s
Saving image with bbox in original image size - (754, 494):
	+ Label: vein, x1: 349.379, y1: 1.054, x2: 483.999, y2: 89.252, obj_conf: 0.98501, cls_conf: 0.99969
saved image plot with detected bboxes into ---> output/invivo_91/151.jpg
Showing image with bbox in detected image size - (416, 416)
	+ Label: vein, x1: 263.761, y1: 0.582, x2: 338.034, y2: 49.243, iou: 0.88179

Performing object detection on ---> data/custom/images/invivo_91/4.jpg 	
inference_time: 0.03287386894226074s
Saving image with bbox in original image size - (754, 494):
	+ Label: vein, x1: 209.403, y1: 46.883, x2: 323.961, y2: 121.949, obj_conf: 0.96925, cls_conf: 0.99979
saved image plot with detected bboxes into ---> output/invivo_91/4.jpg
Showing image with bbox in detected image size - (416, 416)
	+ Label: vein, x1: 186.533, y1: 25.866, x2: 249.737, y2: 67.282, iou: 0.87749

Performing object detection on ---> data/custom/images/invivo_91/132.jpg 	
inference_time: 0.03275489807128906s
Saving image with bbox in original image size - (754, 494):
	+ Label: vein, x1: 237.472, y1: -1.894, x2: 352.413, y2: 54.273, obj_conf: 0.98470, cls_conf: 0.99988
saved image plot with detected bboxes into ---> output/invivo_91/132.jpg
Showing image with bbox in detected image size - (416, 416)
	+ Label: vein, x1: 202.019, y1: -1.045, x2: 265.435, y2: 29.944, iou: 0.84333

Performing object detection on ---> data/custom/images/invivo_91/61.jpg 	
inference_time: 0.03272843360900879s
Saving image with bbox in original image size - (754, 494):
	+ Label: vein, x1: 81.471, y1: 17.109, x2: 215.854, y2: 98.706, obj_conf: 0.97669, cls_conf: 0.99991
saved image plot with detected bboxes into ---> output/invivo_91/61.jpg
Showing image with bbox in detected image size - (416, 416)
	+ Label: vein, x1: 115.949, y1: 9.439, x2: 190.092, y2: 54.458, iou: 0.80742

Performing object detection on ---> data/custom/images/invivo_91/153.jpg 	
inference_time: 0.03270316123962402s
Saving image with bbox in original image size - (754, 494):
	+ Label: vein, x1: 276.543, y1: 6.138, x2: 380.253, y2: 68.883, obj_conf: 0.94635, cls_conf: 0.99936
saved image plot with detected bboxes into ---> output/invivo_91/153.jpg
Showing image with bbox in detected image size - (416, 416)
	+ Label: vein, x1: 223.576, y1: 3.386, x2: 280.795, y2: 38.004, iou: 0.81373

Performing object detection on ---> data/custom/images/invivo_91/89.jpg 	
inference_time: 0.03275632858276367s
Saving image with bbox in original image size - (754, 494):
	+ Label: vein, x1: 396.178, y1: 0.210, x2: 513.552, y2: 60.319, obj_conf: 0.97918, cls_conf: 0.99989
saved image plot with detected bboxes into ---> output/invivo_91/89.jpg
Showing image with bbox in detected image size - (416, 416)
	+ Label: vein, x1: 289.581, y1: 0.116, x2: 354.339, y2: 33.279, iou: 0.60778

Performing object detection on ---> data/custom/images/invivo_91/30.jpg 	
inference_time: 0.03274679183959961s
Saving image with bbox in original image size - (754, 494):
	+ Label: vein, x1: 111.957, y1: 49.946, x2: 229.581, y2: 125.126, obj_conf: 0.96021, cls_conf: 0.99963
saved image plot with detected bboxes into ---> output/invivo_91/30.jpg
Showing image with bbox in detected image size - (416, 416)
	+ Label: vein, x1: 132.769, y1: 27.557, x2: 197.665, y2: 69.035, iou: 0.85010

Performing object detection on ---> data/custom/images/invivo_91/154.jpg 	
inference_time: 0.03275465965270996s
Saving image with bbox in original image size - (754, 494):
	+ Label: vein, x1: 306.836, y1: 5.418, x2: 416.868, y2: 67.237, obj_conf: 0.97962, cls_conf: 0.99981
saved image plot with detected bboxes into ---> output/invivo_91/154.jpg
Showing image with bbox in detected image size - (416, 416)
	+ Label: vein, x1: 240.289, y1: 2.989, x2: 300.996, y2: 37.096, iou: 0.60777

Performing object detection on ---> data/custom/images/invivo_91/124.jpg 	
inference_time: 0.03277015686035156s
Saving image with bbox in original image size - (754, 494):
	+ Label: vein, x1: 156.571, y1: -3.453, x2: 256.842, y2: 49.848, obj_conf: 0.98350, cls_conf: 0.99978
saved image plot with detected bboxes into ---> output/invivo_91/124.jpg
Showing image with bbox in detected image size - (416, 416)
	+ Label: vein, x1: 157.384, y1: -1.905, x2: 212.706, y2: 27.502, iou: 0.79603

Performing object detection on ---> data/custom/images/invivo_91/113.jpg 	
inference_time: 0.033080339431762695s
Saving image with bbox in original image size - (754, 494):
	+ Label: vein, x1: 26.823, y1: 30.861, x2: 151.815, y2: 110.790, obj_conf: 0.97698, cls_conf: 0.99962
	+ Label: vein, x1: 347.113, y1: 160.021, x2: 460.635, y2: 237.164, obj_conf: 0.95473, cls_conf: 0.99968
saved image plot with detected bboxes into ---> output/invivo_91/113.jpg
Showing image with bbox in detected image size - (416, 416)
	+ Label: vein, x1: 85.799, y1: 17.027, x2: 154.760, y2: 61.125, iou: 0.77392
	+ Label: vein, x1: 262.511, y1: 88.288, x2: 325.143, y2: 130.849, iou: 0.82025

Performing object detection on ---> data/custom/images/invivo_91/19.jpg 	
inference_time: 0.032706260681152344s
Saving image with bbox in original image size - (754, 494):
	+ Label: vein, x1: 274.771, y1: 42.853, x2: 403.781, y2: 124.904, obj_conf: 0.98536, cls_conf: 0.99993
saved image plot with detected bboxes into ---> output/invivo_91/19.jpg
Showing image with bbox in detected image size - (416, 416)
	+ Label: vein, x1: 222.598, y1: 23.643, x2: 293.776, y2: 68.912, iou: 0.82379

Performing object detection on ---> data/custom/images/invivo_91/22.jpg 	
inference_time: 0.03276491165161133s
Saving image with bbox in original image size - (754, 494):
	+ Label: vein, x1: 222.539, y1: 33.686, x2: 345.319, y2: 112.053, obj_conf: 0.96744, cls_conf: 0.99981
saved image plot with detected bboxes into ---> output/invivo_91/22.jpg
Showing image with bbox in detected image size - (416, 416)
	+ Label: vein, x1: 193.780, y1: 18.586, x2: 261.521, y2: 61.822, iou: 0.78954

Performing object detection on ---> data/custom/images/invivo_91/116.jpg 	
inference_time: 0.03306221961975098s
Saving image with bbox in original image size - (754, 494):
	+ Label: vein, x1: 375.551, y1: 125.894, x2: 490.099, y2: 206.499, obj_conf: 0.96604, cls_conf: 0.99973
	+ Label: vein, x1: 292.514, y1: 93.409, x2: 411.276, y2: 180.109, obj_conf: 0.96009, cls_conf: 0.99972
saved image plot with detected bboxes into ---> output/invivo_91/116.jpg
Showing image with bbox in detected image size - (416, 416)
	+ Label: vein, x1: 278.201, y1: 69.459, x2: 341.399, y2: 113.930, iou: 0.72875
	+ Label: vein, x1: 232.387, y1: 51.536, x2: 297.911, y2: 99.370, iou: 0.76022

Performing object detection on ---> data/custom/images/invivo_91/55.jpg 	
inference_time: 0.03280043601989746s
Saving image with bbox in original image size - (754, 494):
	+ Label: vein, x1: 194.564, y1: 25.316, x2: 332.365, y2: 118.619, obj_conf: 0.99054, cls_conf: 0.99983
saved image plot with detected bboxes into ---> output/invivo_91/55.jpg
Showing image with bbox in detected image size - (416, 416)
	+ Label: vein, x1: 178.346, y1: 13.967, x2: 254.374, y2: 65.445, iou: 0.90248

Performing object detection on ---> data/custom/images/invivo_91/104.jpg 	
inference_time: 0.03271889686584473s
Saving image with bbox in original image size - (754, 494):
	+ Label: vein, x1: 127.260, y1: 0.168, x2: 231.440, y2: 56.805, obj_conf: 0.96526, cls_conf: 0.99979
saved image plot with detected bboxes into ---> output/invivo_91/104.jpg
Showing image with bbox in detected image size - (416, 416)
	+ Label: vein, x1: 141.212, y1: 0.093, x2: 198.691, y2: 31.341, iou: 0.89136

Performing object detection on ---> data/custom/images/invivo_91/3.jpg 	
inference_time: 0.03275442123413086s
Saving image with bbox in original image size - (754, 494):
	+ Label: vein, x1: 204.633, y1: 36.125, x2: 306.102, y2: 103.056, obj_conf: 0.84655, cls_conf: 0.99939
saved image plot with detected bboxes into ---> output/invivo_91/3.jpg
Showing image with bbox in detected image size - (416, 416)
	+ Label: vein, x1: 183.901, y1: 19.931, x2: 239.884, y2: 56.858, iou: 0.81301

Performing object detection on ---> data/custom/images/invivo_91/46.jpg 	
inference_time: 0.032877445220947266s
Saving image with bbox in original image size - (754, 494):
	+ Label: vein, x1: 186.845, y1: 33.735, x2: 337.242, y2: 129.990, obj_conf: 0.98479, cls_conf: 0.99996
saved image plot with detected bboxes into ---> output/invivo_91/46.jpg
Showing image with bbox in detected image size - (416, 416)
	+ Label: vein, x1: 174.087, y1: 18.612, x2: 257.065, y2: 71.719, iou: 0.81899

Performing object detection on ---> data/custom/images/invivo_91/152.jpg 	
inference_time: 0.032835960388183594s
Saving image with bbox in original image size - (754, 494):
	+ Label: vein, x1: 248.987, y1: 5.093, x2: 369.114, y2: 77.514, obj_conf: 0.97676, cls_conf: 0.99991
saved image plot with detected bboxes into ---> output/invivo_91/152.jpg
Showing image with bbox in detected image size - (416, 416)
	+ Label: vein, x1: 208.372, y1: 2.810, x2: 274.649, y2: 42.767, iou: 0.80375

Performing object detection on ---> data/custom/images/invivo_91/15.jpg 	
inference_time: 0.032749176025390625s
Saving image with bbox in original image size - (754, 494):
	+ Label: vein, x1: 272.154, y1: 29.391, x2: 384.954, y2: 104.650, obj_conf: 0.97163, cls_conf: 0.99956
saved image plot with detected bboxes into ---> output/invivo_91/15.jpg
Showing image with bbox in detected image size - (416, 416)
	+ Label: vein, x1: 221.154, y1: 16.216, x2: 283.388, y2: 57.738, iou: 0.84338

Performing object detection on ---> data/custom/images/invivo_91/43.jpg 	
inference_time: 0.03277873992919922s
Saving image with bbox in original image size - (754, 494):
	+ Label: vein, x1: 135.896, y1: 22.234, x2: 279.834, y2: 126.411, obj_conf: 0.98664, cls_conf: 0.99977
saved image plot with detected bboxes into ---> output/invivo_91/43.jpg
Showing image with bbox in detected image size - (416, 416)
	+ Label: vein, x1: 145.977, y1: 12.267, x2: 225.391, y2: 69.744, iou: 0.86516

Performing object detection on ---> data/custom/images/invivo_91/48.jpg 	
inference_time: 0.03282666206359863s
Saving image with bbox in original image size - (754, 494):
	+ Label: vein, x1: 274.029, y1: 38.159, x2: 416.989, y2: 127.957, obj_conf: 0.97973, cls_conf: 0.99994
saved image plot with detected bboxes into ---> output/invivo_91/48.jpg
Showing image with bbox in detected image size - (416, 416)
	+ Label: vein, x1: 222.188, y1: 21.053, x2: 301.063, y2: 70.597, iou: 0.88415

Performing object detection on ---> data/custom/images/invivo_91/47.jpg 	
inference_time: 0.0327301025390625s
Saving image with bbox in original image size - (754, 494):
	+ Label: vein, x1: 235.530, y1: 28.536, x2: 373.128, y2: 118.968, obj_conf: 0.97422, cls_conf: 0.99952
saved image plot with detected bboxes into ---> output/invivo_91/47.jpg
Showing image with bbox in detected image size - (416, 416)
	+ Label: vein, x1: 200.947, y1: 15.744, x2: 276.864, y2: 65.638, iou: 0.71517

Performing object detection on ---> data/custom/images/invivo_91/117.jpg 	
inference_time: 0.03340411186218262s
Saving image with bbox in original image size - (754, 494):
	+ Label: vein, x1: 299.612, y1: 86.364, x2: 421.036, y2: 173.815, obj_conf: 0.96993, cls_conf: 0.99933
	+ Label: vein, x1: 388.501, y1: 119.755, x2: 504.618, y2: 200.453, obj_conf: 0.96574, cls_conf: 0.99927
	+ Label: vein, x1: 15.349, y1: 14.264, x2: 115.349, y2: 84.724, obj_conf: 0.87980, cls_conf: 0.99828
saved image plot with detected bboxes into ---> output/invivo_91/117.jpg
Showing image with bbox in detected image size - (416, 416)
	+ Label: vein, x1: 236.303, y1: 47.649, x2: 303.296, y2: 95.898, iou: 0.67039
	+ Label: vein, x1: 285.346, y1: 66.072, x2: 349.410, y2: 110.595, iou: 0.71984

Performing object detection on ---> data/custom/images/invivo_91/42.jpg 	
inference_time: 0.03272438049316406s
Saving image with bbox in original image size - (754, 494):
	+ Label: vein, x1: 127.250, y1: 29.968, x2: 266.440, y2: 126.004, obj_conf: 0.98321, cls_conf: 0.99994
saved image plot with detected bboxes into ---> output/invivo_91/42.jpg
Showing image with bbox in detected image size - (416, 416)
	+ Label: vein, x1: 141.207, y1: 16.534, x2: 218.001, y2: 69.519, iou: 0.81953

Performing object detection on ---> data/custom/images/invivo_91/0.jpg 	
inference_time: 0.03272366523742676s
Saving image with bbox in original image size - (754, 494):
	+ Label: vein, x1: 150.501, y1: 49.433, x2: 262.130, y2: 127.810, obj_conf: 0.85832, cls_conf: 0.99909
saved image plot with detected bboxes into ---> output/invivo_91/0.jpg
Showing image with bbox in detected image size - (416, 416)
	+ Label: vein, x1: 154.035, y1: 27.274, x2: 215.624, y2: 70.516, iou: 0.75063

Performing object detection on ---> data/custom/images/invivo_91/123.jpg 	
inference_time: 0.03280377388000488s
Saving image with bbox in original image size - (754, 494):
	+ Label: vein, x1: 160.345, y1: -2.939, x2: 257.189, y2: 49.755, obj_conf: 0.97759, cls_conf: 0.99972
saved image plot with detected bboxes into ---> output/invivo_91/123.jpg
Showing image with bbox in detected image size - (416, 416)
	+ Label: vein, x1: 159.466, y1: -1.622, x2: 212.897, y2: 27.451, iou: 0.79447

Performing object detection on ---> data/custom/images/invivo_91/12.jpg 	
inference_time: 0.03271317481994629s
Saving image with bbox in original image size - (754, 494):
	+ Label: vein, x1: 248.265, y1: 29.894, x2: 366.901, y2: 105.083, obj_conf: 0.97647, cls_conf: 0.99979
saved image plot with detected bboxes into ---> output/invivo_91/12.jpg
Showing image with bbox in detected image size - (416, 416)
	+ Label: vein, x1: 207.974, y1: 16.493, x2: 273.428, y2: 57.977, iou: 0.80470

Performing object detection on ---> data/custom/images/invivo_91/50.jpg 	
inference_time: 0.03273367881774902s
Saving image with bbox in original image size - (754, 494):
	+ Label: vein, x1: 245.209, y1: 20.293, x2: 387.965, y2: 110.615, obj_conf: 0.99130, cls_conf: 0.99998
saved image plot with detected bboxes into ---> output/invivo_91/50.jpg
Showing image with bbox in detected image size - (416, 416)
	+ Label: vein, x1: 206.288, y1: 11.196, x2: 285.050, y2: 61.029, iou: 0.83170

Performing object detection on ---> data/custom/images/invivo_91/93.jpg 	
inference_time: 0.032735586166381836s
Saving image with bbox in original image size - (754, 494):
	+ Label: vein, x1: 226.413, y1: 5.209, x2: 339.844, y2: 64.404, obj_conf: 0.98002, cls_conf: 0.99981
saved image plot with detected bboxes into ---> output/invivo_91/93.jpg
Showing image with bbox in detected image size - (416, 416)
	+ Label: vein, x1: 195.917, y1: 2.874, x2: 258.500, y2: 35.533, iou: 0.78531

Performing object detection on ---> data/custom/images/invivo_91/106.jpg 	
inference_time: 0.03272557258605957s
Saving image with bbox in original image size - (754, 494):
	+ Label: vein, x1: 125.462, y1: -1.218, x2: 235.746, y2: 54.487, obj_conf: 0.98621, cls_conf: 0.99987
saved image plot with detected bboxes into ---> output/invivo_91/106.jpg
Showing image with bbox in detected image size - (416, 416)
	+ Label: vein, x1: 140.221, y1: -0.672, x2: 201.067, y2: 30.062, iou: 0.77422

Performing object detection on ---> data/custom/images/invivo_91/1.jpg 	
inference_time: 0.032802581787109375s
Saving image with bbox in original image size - (754, 494):
	+ Label: vein, x1: 202.660, y1: 46.978, x2: 317.823, y2: 121.849, obj_conf: 0.93314, cls_conf: 0.99965
saved image plot with detected bboxes into ---> output/invivo_91/1.jpg
Showing image with bbox in detected image size - (416, 416)
	+ Label: vein, x1: 182.812, y1: 25.919, x2: 246.350, y2: 67.227, iou: 0.72294

Performing object detection on ---> data/custom/images/invivo_91/27.jpg 	
inference_time: 0.032758474349975586s
Saving image with bbox in original image size - (754, 494):
	+ Label: vein, x1: 127.778, y1: 37.241, x2: 247.323, y2: 111.329, obj_conf: 0.97584, cls_conf: 0.99956
saved image plot with detected bboxes into ---> output/invivo_91/27.jpg
Showing image with bbox in detected image size - (416, 416)
	+ Label: vein, x1: 141.498, y1: 20.547, x2: 207.454, y2: 61.423, iou: 0.75836

Performing object detection on ---> data/custom/images/invivo_91/157.jpg 	
inference_time: 0.03275609016418457s
Saving image with bbox in original image size - (754, 494):
	+ Label: vein, x1: 332.953, y1: 4.329, x2: 455.294, y2: 73.814, obj_conf: 0.98845, cls_conf: 0.99992
saved image plot with detected bboxes into ---> output/invivo_91/157.jpg
Showing image with bbox in detected image size - (416, 416)
	+ Label: vein, x1: 254.698, y1: 2.388, x2: 322.197, y2: 40.725, iou: 0.53129

Performing object detection on ---> data/custom/images/invivo_91/60.jpg 	
inference_time: 0.03274679183959961s
Saving image with bbox in original image size - (754, 494):
	+ Label: vein, x1: 217.894, y1: 19.081, x2: 354.714, y2: 108.745, obj_conf: 0.98508, cls_conf: 0.99990
saved image plot with detected bboxes into ---> output/invivo_91/60.jpg
Showing image with bbox in detected image size - (416, 416)
	+ Label: vein, x1: 191.217, y1: 10.528, x2: 266.704, y2: 59.997, iou: 0.72956

Performing object detection on ---> data/custom/images/invivo_91/21.jpg 	
inference_time: 0.03280162811279297s
Saving image with bbox in original image size - (754, 494):
	+ Label: vein, x1: 207.280, y1: 30.692, x2: 328.937, y2: 110.172, obj_conf: 0.98408, cls_conf: 0.99971
saved image plot with detected bboxes into ---> output/invivo_91/21.jpg
Showing image with bbox in detected image size - (416, 416)
	+ Label: vein, x1: 185.361, y1: 16.933, x2: 252.482, y2: 60.785, iou: 0.88378

Performing object detection on ---> data/custom/images/invivo_91/85.jpg 	
inference_time: 0.03275871276855469s
Saving image with bbox in original image size - (754, 494):
	+ Label: vein, x1: 293.773, y1: -2.140, x2: 414.826, y2: 61.231, obj_conf: 0.98742, cls_conf: 0.99995
saved image plot with detected bboxes into ---> output/invivo_91/85.jpg
Showing image with bbox in detected image size - (416, 416)
	+ Label: vein, x1: 233.081, y1: -1.181, x2: 299.870, y2: 33.783, iou: 0.72782

Performing object detection on ---> data/custom/images/invivo_91/107.jpg 	
inference_time: 0.03561687469482422s
Saving image with bbox in original image size - (754, 494):
	+ Label: vein, x1: 145.556, y1: 0.095, x2: 252.777, y2: 54.021, obj_conf: 0.97418, cls_conf: 0.99980
saved image plot with detected bboxes into ---> output/invivo_91/107.jpg
Showing image with bbox in detected image size - (416, 416)
	+ Label: vein, x1: 151.307, y1: 0.052, x2: 210.463, y2: 29.805, iou: 0.78891

Performing object detection on ---> data/custom/images/invivo_91/160.jpg 	
inference_time: 0.032835960388183594s
Saving image with bbox in original image size - (754, 494):
	+ Label: vein, x1: 277.240, y1: 8.003, x2: 387.839, y2: 78.221, obj_conf: 0.96457, cls_conf: 0.99954
saved image plot with detected bboxes into ---> output/invivo_91/160.jpg
Showing image with bbox in detected image size - (416, 416)
	+ Label: vein, x1: 223.960, y1: 4.416, x2: 284.980, y2: 43.156, iou: 0.65423

Performing object detection on ---> data/custom/images/invivo_91/26.jpg 	
inference_time: 0.03278708457946777s
Saving image with bbox in original image size - (754, 494):
	+ Label: vein, x1: 160.969, y1: 34.133, x2: 286.176, y2: 118.867, obj_conf: 0.98643, cls_conf: 0.99991
saved image plot with detected bboxes into ---> output/invivo_91/26.jpg
Showing image with bbox in detected image size - (416, 416)
	+ Label: vein, x1: 159.810, y1: 18.832, x2: 228.890, y2: 65.582, iou: 0.72514

Performing object detection on ---> data/custom/images/invivo_91/54.jpg 	
inference_time: 0.03272104263305664s
Saving image with bbox in original image size - (754, 494):
	+ Label: vein, x1: 183.168, y1: 28.211, x2: 320.560, y2: 117.618, obj_conf: 0.98299, cls_conf: 0.99989
saved image plot with detected bboxes into ---> output/invivo_91/54.jpg
Showing image with bbox in detected image size - (416, 416)
	+ Label: vein, x1: 172.058, y1: 15.564, x2: 247.861, y2: 64.893, iou: 0.78647

Performing object detection on ---> data/custom/images/invivo_91/49.jpg 	
inference_time: 0.032750844955444336s
Saving image with bbox in original image size - (754, 494):
	+ Label: vein, x1: 270.471, y1: 18.296, x2: 414.419, y2: 110.764, obj_conf: 0.99188, cls_conf: 0.99998
saved image plot with detected bboxes into ---> output/invivo_91/49.jpg
Showing image with bbox in detected image size - (416, 416)
	+ Label: vein, x1: 220.225, y1: 10.094, x2: 299.645, y2: 61.111, iou: 0.91475

Performing object detection on ---> data/custom/images/invivo_91/20.jpg 	
inference_time: 0.032709360122680664s
Saving image with bbox in original image size - (754, 494):
	+ Label: vein, x1: 274.701, y1: 49.714, x2: 399.835, y2: 128.339, obj_conf: 0.96724, cls_conf: 0.99977
saved image plot with detected bboxes into ---> output/invivo_91/20.jpg
Showing image with bbox in detected image size - (416, 416)
	+ Label: vein, x1: 222.559, y1: 27.428, x2: 291.599, y2: 70.808, iou: 0.83779

Performing object detection on ---> data/custom/images/invivo_91/158.jpg 	
inference_time: 0.03275275230407715s
Saving image with bbox in original image size - (754, 494):
	+ Label: vein, x1: 263.502, y1: 6.644, x2: 375.389, y2: 76.636, obj_conf: 0.98443, cls_conf: 0.99984
saved image plot with detected bboxes into ---> output/invivo_91/158.jpg
Showing image with bbox in detected image size - (416, 416)
	+ Label: vein, x1: 216.380, y1: 3.666, x2: 278.111, y2: 42.282, iou: 0.67884

----- YOLOv3 Performance Summary on invivo_91 -----
Using device: cuda
Using model: checkpoints/invivo_91/yolov3_ckpt_34.pth
Total samples: 90 detected samples: 90
Precision: 0.990 Recall: 1.000 AP: 1.000 f1: 0.995 ap_class: [0]
Total inference time: 4.51943s
Average inference time: 0.05022s Average prediction confidence: 0.973 Average iou: 0.794
-----------------------
