Namespace(batch_size=4, checkpoint_interval=2, checkpoints_dir='checkpoints', compute_map=False, data_config='config/custom.data', dataset_name='invivo_91', epochs=40, evaluation_interval=1, gradient_accumulations=2, img_size=416, model_def='config/yolov3-custom.cfg', multiscale_training=True, n_cpu=1, pretrained_weights=None)
 train_path: data/custom/train_valid/invivo_91/train.txt
 valid_path: data/custom/train_valid/invivo_91/valid.txt
 class_names: data/custom/classes.names

---- [Epoch 0/40, Batch 17/18] ----
+------------+--------------+--------------+--------------+
| Metrics    | YOLO Layer 0 | YOLO Layer 1 | YOLO Layer 2 |
+------------+--------------+--------------+--------------+
| grid_size  | 12           | 24           | 48           |
| loss       | 9.338542     | 20.261290    | 36.194557    |
| x          | 0.073412     | 0.081914     | 0.115731     |
| y          | 0.074942     | 0.091590     | 0.116116     |
| w          | 0.066785     | 0.036977     | 0.037811     |
| h          | 0.320271     | 0.079673     | 0.046986     |
| conf       | 8.735443     | 19.789499    | 35.511848    |
| cls        | 0.067688     | 0.181636     | 0.366066     |
| cls_acc    | 100.00%      | 100.00%      | 100.00%      |
| recall50   | 0.000000     | 0.000000     | 0.000000     |
| recall75   | 0.000000     | 0.000000     | 0.000000     |
| precision  | 0.000000     | 0.000000     | 0.000000     |
| conf_obj   | 0.116895     | 0.159451     | 0.401111     |
| conf_noobj | 0.062901     | 0.161829     | 0.290750     |
+------------+--------------+--------------+--------------+
Total loss 65.79438781738281
---- ETA 0:00:00

---- Evaluating Model ----
+-------+------------+---------+
| Index | Class name | AP      |
+-------+------------+---------+
| 0     | vein       | 0.00028 |
+-------+------------+---------+
---- mAP 0.00028409090909090913

---- [Epoch 1/40, Batch 17/18] ----
+------------+--------------+--------------+--------------+
| Metrics    | YOLO Layer 0 | YOLO Layer 1 | YOLO Layer 2 |
+------------+--------------+--------------+--------------+
| grid_size  | 10           | 20           | 40           |
| loss       | 4.926681     | 7.391600     | 18.359701    |
| x          | 0.059155     | 0.124158     | 0.107275     |
| y          | 0.106528     | 0.095565     | 0.081774     |
| w          | 0.386085     | 0.064004     | 0.040384     |
| h          | 0.879917     | 0.054661     | 0.007250     |
| conf       | 3.490117     | 6.993109     | 18.037897    |
| cls        | 0.004879     | 0.060102     | 0.085120     |
| cls_acc    | 100.00%      | 100.00%      | 100.00%      |
| recall50   | 0.000000     | 0.000000     | 0.250000     |
| recall75   | 0.000000     | 0.000000     | 0.250000     |
| precision  | 0.000000     | 0.000000     | 0.100000     |
| conf_obj   | 0.166790     | 0.167499     | 0.453608     |
| conf_noobj | 0.015956     | 0.050331     | 0.157444     |
+------------+--------------+--------------+--------------+
Total loss 30.677982330322266
---- ETA 0:00:00

---- Evaluating Model ----
+-------+------------+---------+
| Index | Class name | AP      |
+-------+------------+---------+
| 0     | vein       | 0.46043 |
+-------+------------+---------+
---- mAP 0.46043383345240935

---- [Epoch 2/40, Batch 17/18] ----
+------------+--------------+--------------+--------------+
| Metrics    | YOLO Layer 0 | YOLO Layer 1 | YOLO Layer 2 |
+------------+--------------+--------------+--------------+
| grid_size  | 14           | 28           | 56           |
| loss       | 2.652572     | 3.732418     | 8.956544     |
| x          | 0.079523     | 0.071362     | 0.062995     |
| y          | 0.105171     | 0.057751     | 0.094611     |
| w          | 0.022839     | 0.029006     | 0.003135     |
| h          | 0.019799     | 0.071754     | 0.039260     |
| conf       | 2.419083     | 3.470087     | 8.743997     |
| cls        | 0.006156     | 0.032458     | 0.012546     |
| cls_acc    | 100.00%      | 100.00%      | 100.00%      |
| recall50   | 0.000000     | 0.000000     | 1.000000     |
| recall75   | 0.000000     | 0.000000     | 1.000000     |
| precision  | 0.000000     | 0.000000     | 0.050633     |
| conf_obj   | 0.255792     | 0.402584     | 0.740099     |
| conf_noobj | 0.009247     | 0.024366     | 0.080011     |
+------------+--------------+--------------+--------------+
Total loss 15.341533660888672
---- ETA 0:00:00

---- Evaluating Model ----
+-------+------------+---------+
| Index | Class name | AP      |
+-------+------------+---------+
| 0     | vein       | 0.36416 |
+-------+------------+---------+
---- mAP 0.3641635983462249

---- [Epoch 3/40, Batch 17/18] ----
+------------+--------------+--------------+--------------+
| Metrics    | YOLO Layer 0 | YOLO Layer 1 | YOLO Layer 2 |
+------------+--------------+--------------+--------------+
| grid_size  | 11           | 22           | 44           |
| loss       | 2.780091     | 3.508258     | 5.529919     |
| x          | 0.119125     | 0.111776     | 0.071229     |
| y          | 0.038599     | 0.021394     | 0.062104     |
| w          | 0.070027     | 0.052929     | 0.012927     |
| h          | 0.184672     | 0.014308     | 0.023626     |
| conf       | 2.365012     | 3.297419     | 5.356096     |
| cls        | 0.002655     | 0.010433     | 0.003937     |
| cls_acc    | 100.00%      | 100.00%      | 100.00%      |
| recall50   | 0.000000     | 0.500000     | 1.000000     |
| recall75   | 0.000000     | 0.250000     | 0.750000     |
| precision  | 0.000000     | 0.074074     | 0.043011     |
| conf_obj   | 0.278675     | 0.420446     | 0.799542     |
| conf_noobj | 0.008839     | 0.020348     | 0.048222     |
+------------+--------------+--------------+--------------+
Total loss 11.818267822265625
---- ETA 0:00:00

---- Evaluating Model ----
+-------+------------+---------+
| Index | Class name | AP      |
+-------+------------+---------+
| 0     | vein       | 0.70410 |
+-------+------------+---------+
---- mAP 0.7040950671517757

---- [Epoch 4/40, Batch 17/18] ----
+------------+--------------+--------------+--------------+
| Metrics    | YOLO Layer 0 | YOLO Layer 1 | YOLO Layer 2 |
+------------+--------------+--------------+--------------+
| grid_size  | 11           | 22           | 44           |
| loss       | 2.011982     | 2.275387     | 3.810900     |
| x          | 0.060136     | 0.053158     | 0.141318     |
| y          | 0.028466     | 0.052289     | 0.046211     |
| w          | 0.002790     | 0.017725     | 0.001729     |
| h          | 0.022191     | 0.131280     | 0.023657     |
| conf       | 1.895958     | 2.019355     | 3.592047     |
| cls        | 0.002441     | 0.001580     | 0.005938     |
| cls_acc    | 100.00%      | 100.00%      | 100.00%      |
| recall50   | 0.000000     | 1.000000     | 1.000000     |
| recall75   | 0.000000     | 0.250000     | 1.000000     |
| precision  | 0.000000     | 0.121212     | 0.088889     |
| conf_obj   | 0.373734     | 0.811212     | 0.745577     |
| conf_noobj | 0.008075     | 0.015200     | 0.031279     |
+------------+--------------+--------------+--------------+
Total loss 8.09826946258545
---- ETA 0:00:00

---- Evaluating Model ----
+-------+------------+---------+
| Index | Class name | AP      |
+-------+------------+---------+
| 0     | vein       | 0.70119 |
+-------+------------+---------+
---- mAP 0.7011933431447887

---- [Epoch 5/40, Batch 17/18] ----
+------------+--------------+--------------+--------------+
| Metrics    | YOLO Layer 0 | YOLO Layer 1 | YOLO Layer 2 |
+------------+--------------+--------------+--------------+
| grid_size  | 14           | 28           | 56           |
| loss       | 2.517110     | 1.826554     | 2.622052     |
| x          | 0.031013     | 0.086447     | 0.083190     |
| y          | 0.024591     | 0.041424     | 0.039052     |
| w          | 0.058779     | 0.021840     | 0.067364     |
| h          | 0.084621     | 0.073680     | 0.026319     |
| conf       | 2.314873     | 1.569368     | 2.404583     |
| cls        | 0.003234     | 0.033795     | 0.001544     |
| cls_acc    | 100.00%      | 100.00%      | 100.00%      |
| recall50   | 0.500000     | 0.750000     | 1.000000     |
| recall75   | 0.250000     | 0.250000     | 0.500000     |
| precision  | 0.083333     | 0.120000     | 0.100000     |
| conf_obj   | 0.550136     | 0.683028     | 0.838971     |
| conf_noobj | 0.011756     | 0.010272     | 0.021335     |
+------------+--------------+--------------+--------------+
Total loss 6.965716361999512
---- ETA 0:00:00

---- Evaluating Model ----
+-------+------------+---------+
| Index | Class name | AP      |
+-------+------------+---------+
| 0     | vein       | 0.73070 |
+-------+------------+---------+
---- mAP 0.7307007280673389

---- [Epoch 6/40, Batch 17/18] ----
+------------+--------------+--------------+--------------+
| Metrics    | YOLO Layer 0 | YOLO Layer 1 | YOLO Layer 2 |
+------------+--------------+--------------+--------------+
| grid_size  | 11           | 22           | 44           |
| loss       | 2.175485     | 1.460646     | 2.450916     |
| x          | 0.132845     | 0.129535     | 0.079619     |
| y          | 0.006028     | 0.053416     | 0.054931     |
| w          | 0.013377     | 0.015315     | 0.042030     |
| h          | 0.133045     | 0.008914     | 0.064716     |
| conf       | 1.887131     | 1.238125     | 2.208317     |
| cls        | 0.003058     | 0.015340     | 0.001303     |
| cls_acc    | 100.00%      | 100.00%      | 100.00%      |
| recall50   | 0.250000     | 1.000000     | 1.000000     |
| recall75   | 0.000000     | 0.750000     | 0.250000     |
| precision  | 0.333333     | 0.400000     | 0.063492     |
| conf_obj   | 0.465641     | 0.685100     | 0.907042     |
| conf_noobj | 0.009377     | 0.007897     | 0.019072     |
+------------+--------------+--------------+--------------+
Total loss 6.087045669555664
---- ETA 0:00:00

---- Evaluating Model ----
+-------+------------+---------+
| Index | Class name | AP      |
+-------+------------+---------+
| 0     | vein       | 0.81447 |
+-------+------------+---------+
---- mAP 0.814466444439252

---- [Epoch 7/40, Batch 17/18] ----
+------------+--------------+--------------+--------------+
| Metrics    | YOLO Layer 0 | YOLO Layer 1 | YOLO Layer 2 |
+------------+--------------+--------------+--------------+
| grid_size  | 11           | 22           | 44           |
| loss       | 1.413654     | 1.326661     | 1.947625     |
| x          | 0.054885     | 0.066897     | 0.126462     |
| y          | 0.104360     | 0.040010     | 0.043088     |
| w          | 0.021445     | 0.002625     | 0.021542     |
| h          | 0.040362     | 0.085232     | 0.052491     |
| conf       | 1.189653     | 1.128686     | 1.703524     |
| cls        | 0.002948     | 0.003211     | 0.000519     |
| cls_acc    | 100.00%      | 100.00%      | 100.00%      |
| recall50   | 0.750000     | 1.000000     | 1.000000     |
| recall75   | 0.250000     | 0.250000     | 0.250000     |
| precision  | 0.428571     | 0.173913     | 0.097561     |
| conf_obj   | 0.585952     | 0.924166     | 0.927305     |
| conf_noobj | 0.005391     | 0.007980     | 0.014669     |
+------------+--------------+--------------+--------------+
Total loss 4.687939643859863
---- ETA 0:00:00

---- Evaluating Model ----
+-------+------------+---------+
| Index | Class name | AP      |
+-------+------------+---------+
| 0     | vein       | 0.71871 |
+-------+------------+---------+
---- mAP 0.7187125019479508

---- [Epoch 8/40, Batch 17/18] ----
+------------+--------------+--------------+--------------+
| Metrics    | YOLO Layer 0 | YOLO Layer 1 | YOLO Layer 2 |
+------------+--------------+--------------+--------------+
| grid_size  | 11           | 22           | 44           |
| loss       | 1.275545     | 1.254360     | 1.719847     |
| x          | 0.083792     | 0.121848     | 0.076348     |
| y          | 0.060810     | 0.041856     | 0.052171     |
| w          | 0.018921     | 0.015165     | 0.066262     |
| h          | 0.068165     | 0.052198     | 0.020258     |
| conf       | 1.041522     | 1.021582     | 1.502812     |
| cls        | 0.002334     | 0.001711     | 0.001996     |
| cls_acc    | 100.00%      | 100.00%      | 100.00%      |
| recall50   | 1.000000     | 1.000000     | 1.000000     |
| recall75   | 0.000000     | 0.500000     | 0.250000     |
| precision  | 0.444444     | 0.400000     | 0.266667     |
| conf_obj   | 0.778042     | 0.746229     | 0.768371     |
| conf_noobj | 0.005913     | 0.006348     | 0.011896     |
+------------+--------------+--------------+--------------+
Total loss 4.249751567840576
---- ETA 0:00:00

---- Evaluating Model ----
+-------+------------+---------+
| Index | Class name | AP      |
+-------+------------+---------+
| 0     | vein       | 0.78495 |
+-------+------------+---------+
---- mAP 0.7849474193224193

---- [Epoch 9/40, Batch 17/18] ----
+------------+--------------+--------------+--------------+
| Metrics    | YOLO Layer 0 | YOLO Layer 1 | YOLO Layer 2 |
+------------+--------------+--------------+--------------+
| grid_size  | 13           | 26           | 52           |
| loss       | 0.673580     | 1.206045     | 1.600443     |
| x          | 0.055958     | 0.125478     | 0.088666     |
| y          | 0.028969     | 0.089647     | 0.107062     |
| w          | 0.027647     | 0.073351     | 0.003654     |
| h          | 0.023612     | 0.076870     | 0.077152     |
| conf       | 0.535164     | 0.839829     | 1.323584     |
| cls        | 0.002231     | 0.000871     | 0.000325     |
| cls_acc    | 100.00%      | 100.00%      | 100.00%      |
| recall50   | 1.000000     | 1.000000     | 1.000000     |
| recall75   | 0.750000     | 0.250000     | 0.250000     |
| precision  | 0.666667     | 0.222222     | 0.065574     |
| conf_obj   | 0.828845     | 0.956680     | 0.955863     |
| conf_noobj | 0.002994     | 0.005797     | 0.010910     |
+------------+--------------+--------------+--------------+
Total loss 3.4800686836242676
---- ETA 0:00:00

---- Evaluating Model ----
+-------+------------+---------+
| Index | Class name | AP      |
+-------+------------+---------+
| 0     | vein       | 0.90130 |
+-------+------------+---------+
---- mAP 0.9012979667391432

---- [Epoch 10/40, Batch 17/18] ----
+------------+--------------+--------------+--------------+
| Metrics    | YOLO Layer 0 | YOLO Layer 1 | YOLO Layer 2 |
+------------+--------------+--------------+--------------+
| grid_size  | 14           | 28           | 56           |
| loss       | 0.749354     | 1.105037     | 1.379499     |
| x          | 0.056130     | 0.047230     | 0.054747     |
| y          | 0.013984     | 0.011862     | 0.051318     |
| w          | 0.041181     | 0.009603     | 0.028676     |
| h          | 0.016174     | 0.011364     | 0.049964     |
| conf       | 0.620430     | 1.019451     | 1.194582     |
| cls        | 0.001455     | 0.005527     | 0.000212     |
| cls_acc    | 100.00%      | 100.00%      | 100.00%      |
| recall50   | 1.000000     | 0.750000     | 1.000000     |
| recall75   | 0.750000     | 0.750000     | 0.500000     |
| precision  | 0.571429     | 0.214286     | 0.061538     |
| conf_obj   | 0.854961     | 0.725534     | 0.966364     |
| conf_noobj | 0.002928     | 0.005037     | 0.009573     |
+------------+--------------+--------------+--------------+
Total loss 3.2338900566101074
---- ETA 0:00:00

---- Evaluating Model ----
+-------+------------+---------+
| Index | Class name | AP      |
+-------+------------+---------+
| 0     | vein       | 0.97107 |
+-------+------------+---------+
---- mAP 0.971074168797954

---- [Epoch 11/40, Batch 17/18] ----
+------------+--------------+--------------+--------------+
| Metrics    | YOLO Layer 0 | YOLO Layer 1 | YOLO Layer 2 |
+------------+--------------+--------------+--------------+
| grid_size  | 11           | 22           | 44           |
| loss       | 0.615324     | 1.129493     | 1.286817     |
| x          | 0.057234     | 0.068698     | 0.059296     |
| y          | 0.048765     | 0.078312     | 0.063293     |
| w          | 0.154592     | 0.079287     | 0.108569     |
| h          | 0.015934     | 0.031001     | 0.013826     |
| conf       | 0.337868     | 0.865434     | 1.040947     |
| cls        | 0.000931     | 0.006760     | 0.000886     |
| cls_acc    | 100.00%      | 100.00%      | 100.00%      |
| recall50   | 1.000000     | 1.000000     | 1.000000     |
| recall75   | 0.000000     | 0.250000     | 0.250000     |
| precision  | 0.800000     | 0.235294     | 0.142857     |
| conf_obj   | 0.960305     | 0.905869     | 0.945639     |
| conf_noobj | 0.002603     | 0.005876     | 0.008672     |
+------------+--------------+--------------+--------------+
Total loss 3.0316333770751953
---- ETA 0:00:00

---- Evaluating Model ----
+-------+------------+---------+
| Index | Class name | AP      |
+-------+------------+---------+
| 0     | vein       | 0.87404 |
+-------+------------+---------+
---- mAP 0.8740384615384614

---- [Epoch 12/40, Batch 17/18] ----
+------------+--------------+--------------+--------------+
| Metrics    | YOLO Layer 0 | YOLO Layer 1 | YOLO Layer 2 |
+------------+--------------+--------------+--------------+
| grid_size  | 11           | 22           | 44           |
| loss       | 1.682365     | 0.989084     | 1.359063     |
| x          | 0.040853     | 0.028673     | 0.069658     |
| y          | 0.026740     | 0.009569     | 0.020444     |
| w          | 0.246020     | 0.159481     | 0.207133     |
| h          | 0.307799     | 0.023690     | 0.023396     |
| conf       | 1.057624     | 0.762520     | 1.036953     |
| cls        | 0.003328     | 0.005150     | 0.001480     |
| cls_acc    | 100.00%      | 100.00%      | 100.00%      |
| recall50   | 0.500000     | 1.000000     | 1.000000     |
| recall75   | 0.000000     | 0.250000     | 0.000000     |
| precision  | 0.250000     | 0.307692     | 0.108108     |
| conf_obj   | 0.710505     | 0.787147     | 0.953333     |
| conf_noobj | 0.004492     | 0.004343     | 0.008024     |
+------------+--------------+--------------+--------------+
Total loss 4.030511379241943
---- ETA 0:00:00

---- Evaluating Model ----
+-------+------------+---------+
| Index | Class name | AP      |
+-------+------------+---------+
| 0     | vein       | 0.79460 |
+-------+------------+---------+
---- mAP 0.7946042256649453

---- [Epoch 13/40, Batch 17/18] ----
+------------+--------------+--------------+--------------+
| Metrics    | YOLO Layer 0 | YOLO Layer 1 | YOLO Layer 2 |
+------------+--------------+--------------+--------------+
| grid_size  | 15           | 30           | 60           |
| loss       | 0.732527     | 0.916653     | 1.139539     |
| x          | 0.029511     | 0.045473     | 0.102356     |
| y          | 0.021488     | 0.026610     | 0.071993     |
| w          | 0.065461     | 0.021195     | 0.040326     |
| h          | 0.035086     | 0.006173     | 0.046084     |
| conf       | 0.576073     | 0.812127     | 0.878058     |
| cls        | 0.004907     | 0.005075     | 0.000722     |
| cls_acc    | 100.00%      | 100.00%      | 100.00%      |
| recall50   | 1.000000     | 1.000000     | 1.000000     |
| recall75   | 0.500000     | 1.000000     | 0.500000     |
| precision  | 0.666667     | 0.137931     | 0.097561     |
| conf_obj   | 0.847834     | 0.956594     | 0.878690     |
| conf_noobj | 0.003503     | 0.005618     | 0.006474     |
+------------+--------------+--------------+--------------+
Total loss 2.7887184619903564
---- ETA 0:00:00

---- Evaluating Model ----
+-------+------------+---------+
| Index | Class name | AP      |
+-------+------------+---------+
| 0     | vein       | 0.84835 |
+-------+------------+---------+
---- mAP 0.8483495890074837

---- [Epoch 14/40, Batch 17/18] ----
+------------+--------------+--------------+--------------+
| Metrics    | YOLO Layer 0 | YOLO Layer 1 | YOLO Layer 2 |
+------------+--------------+--------------+--------------+
| grid_size  | 15           | 30           | 60           |
| loss       | 0.945036     | 1.168477     | 1.019620     |
| x          | 0.025562     | 0.076609     | 0.087449     |
| y          | 0.041391     | 0.026339     | 0.062014     |
| w          | 0.136342     | 0.029550     | 0.004771     |
| h          | 0.104256     | 0.039339     | 0.014979     |
| conf       | 0.633861     | 0.977682     | 0.849877     |
| cls        | 0.003624     | 0.018958     | 0.000529     |
| cls_acc    | 100.00%      | 100.00%      | 100.00%      |
| recall50   | 0.750000     | 0.750000     | 1.000000     |
| recall75   | 0.250000     | 0.750000     | 1.000000     |
| precision  | 0.500000     | 0.187500     | 0.074074     |
| conf_obj   | 0.770504     | 0.751298     | 0.966899     |
| conf_noobj | 0.002765     | 0.003800     | 0.006373     |
+------------+--------------+--------------+--------------+
Total loss 3.1331329345703125
---- ETA 0:00:00

---- Evaluating Model ----
+-------+------------+---------+
| Index | Class name | AP      |
+-------+------------+---------+
| 0     | vein       | 0.95083 |
+-------+------------+---------+
---- mAP 0.9508333333333333

---- [Epoch 15/40, Batch 17/18] ----
+------------+--------------+--------------+--------------+
| Metrics    | YOLO Layer 0 | YOLO Layer 1 | YOLO Layer 2 |
+------------+--------------+--------------+--------------+
| grid_size  | 15           | 30           | 60           |
| loss       | 0.768409     | 1.195912     | 0.968330     |
| x          | 0.015092     | 0.036207     | 0.096801     |
| y          | 0.015045     | 0.024910     | 0.030995     |
| w          | 0.031924     | 0.018246     | 0.017141     |
| h          | 0.034838     | 0.055041     | 0.028747     |
| conf       | 0.669874     | 1.034566     | 0.792671     |
| cls        | 0.001637     | 0.026943     | 0.001974     |
| cls_acc    | 100.00%      | 100.00%      | 100.00%      |
| recall50   | 0.800000     | 0.600000     | 1.000000     |
| recall75   | 0.200000     | 0.400000     | 0.800000     |
| precision  | 0.444444     | 0.272727     | 0.092593     |
| conf_obj   | 0.776325     | 0.609906     | 0.929989     |
| conf_noobj | 0.002826     | 0.003279     | 0.005890     |
+------------+--------------+--------------+--------------+
Total loss 2.9326512813568115
---- ETA 0:00:00

---- Evaluating Model ----
+-------+------------+---------+
| Index | Class name | AP      |
+-------+------------+---------+
| 0     | vein       | 0.94270 |
+-------+------------+---------+
---- mAP 0.9426951995373047

---- [Epoch 16/40, Batch 17/18] ----
+------------+--------------+--------------+--------------+
| Metrics    | YOLO Layer 0 | YOLO Layer 1 | YOLO Layer 2 |
+------------+--------------+--------------+--------------+
| grid_size  | 14           | 28           | 56           |
| loss       | 0.871439     | 0.900592     | 0.855737     |
| x          | 0.020599     | 0.056612     | 0.082490     |
| y          | 0.020591     | 0.097060     | 0.056290     |
| w          | 0.075612     | 0.051117     | 0.007629     |
| h          | 0.013094     | 0.036242     | 0.044403     |
| conf       | 0.740269     | 0.657503     | 0.664026     |
| cls        | 0.001274     | 0.002059     | 0.000899     |
| cls_acc    | 100.00%      | 100.00%      | 100.00%      |
| recall50   | 0.800000     | 1.000000     | 1.000000     |
| recall75   | 0.600000     | 0.200000     | 0.600000     |
| precision  | 0.800000     | 0.277778     | 0.131579     |
| conf_obj   | 0.748788     | 0.973112     | 0.935865     |
| conf_noobj | 0.001869     | 0.004203     | 0.005092     |
+------------+--------------+--------------+--------------+
Total loss 2.6277685165405273
---- ETA 0:00:00

---- Evaluating Model ----
+-------+------------+---------+
| Index | Class name | AP      |
+-------+------------+---------+
| 0     | vein       | 0.83859 |
+-------+------------+---------+
---- mAP 0.8385934265010352

---- [Epoch 17/40, Batch 17/18] ----
+------------+--------------+--------------+--------------+
| Metrics    | YOLO Layer 0 | YOLO Layer 1 | YOLO Layer 2 |
+------------+--------------+--------------+--------------+
| grid_size  | 10           | 20           | 40           |
| loss       | 0.330214     | 1.350141     | 0.941165     |
| x          | 0.025618     | 0.120310     | 0.159423     |
| y          | 0.009074     | 0.007973     | 0.036502     |
| w          | 0.023632     | 0.047316     | 0.017440     |
| h          | 0.013411     | 0.049835     | 0.023632     |
| conf       | 0.257821     | 1.107435     | 0.703530     |
| cls        | 0.000658     | 0.017271     | 0.000637     |
| cls_acc    | 100.00%      | 100.00%      | 100.00%      |
| recall50   | 1.000000     | 0.750000     | 1.000000     |
| recall75   | 0.750000     | 0.500000     | 0.750000     |
| precision  | 1.000000     | 0.333333     | 0.142857     |
| conf_obj   | 0.954435     | 0.716040     | 0.966748     |
| conf_noobj | 0.001920     | 0.003351     | 0.005267     |
+------------+--------------+--------------+--------------+
Total loss 2.6215195655822754
---- ETA 0:00:00

---- Evaluating Model ----
+-------+------------+---------+
| Index | Class name | AP      |
+-------+------------+---------+
| 0     | vein       | 0.94469 |
+-------+------------+---------+
---- mAP 0.9446864219371959

---- [Epoch 18/40, Batch 17/18] ----
+------------+--------------+--------------+--------------+
| Metrics    | YOLO Layer 0 | YOLO Layer 1 | YOLO Layer 2 |
+------------+--------------+--------------+--------------+
| grid_size  | 13           | 26           | 52           |
| loss       | 0.604864     | 0.780365     | 0.894297     |
| x          | 0.020719     | 0.071175     | 0.103759     |
| y          | 0.010565     | 0.015024     | 0.100933     |
| w          | 0.097551     | 0.153647     | 0.012452     |
| h          | 0.179960     | 0.038590     | 0.008850     |
| conf       | 0.294942     | 0.500396     | 0.667846     |
| cls        | 0.001128     | 0.001533     | 0.000457     |
| cls_acc    | 100.00%      | 100.00%      | 100.00%      |
| recall50   | 1.000000     | 0.750000     | 1.000000     |
| recall75   | 0.250000     | 0.250000     | 1.000000     |
| precision  | 0.800000     | 0.214286     | 0.137931     |
| conf_obj   | 0.940995     | 0.886099     | 0.932412     |
| conf_noobj | 0.001834     | 0.002910     | 0.004764     |
+------------+--------------+--------------+--------------+
Total loss 2.279526710510254
---- ETA 0:00:00

---- Evaluating Model ----
+-------+------------+---------+
| Index | Class name | AP      |
+-------+------------+---------+
| 0     | vein       | 0.95954 |
+-------+------------+---------+
---- mAP 0.9595415821501014

---- [Epoch 19/40, Batch 17/18] ----
+------------+--------------+--------------+--------------+
| Metrics    | YOLO Layer 0 | YOLO Layer 1 | YOLO Layer 2 |
+------------+--------------+--------------+--------------+
| grid_size  | 12           | 24           | 48           |
| loss       | 0.392394     | 0.633795     | 0.678937     |
| x          | 0.123465     | 0.070257     | 0.050273     |
| y          | 0.026957     | 0.008022     | 0.021405     |
| w          | 0.002081     | 0.045488     | 0.071227     |
| h          | 0.059399     | 0.009203     | 0.013842     |
| conf       | 0.179022     | 0.498756     | 0.522028     |
| cls        | 0.001469     | 0.002069     | 0.000162     |
| cls_acc    | 100.00%      | 100.00%      | 100.00%      |
| recall50   | 1.000000     | 1.000000     | 1.000000     |
| recall75   | 0.250000     | 1.000000     | 0.250000     |
| precision  | 1.000000     | 0.333333     | 0.166667     |
| conf_obj   | 0.930400     | 0.893323     | 0.971066     |
| conf_noobj | 0.001049     | 0.002851     | 0.004052     |
+------------+--------------+--------------+--------------+
Total loss 1.7051258087158203
---- ETA 0:00:00

---- Evaluating Model ----
+-------+------------+---------+
| Index | Class name | AP      |
+-------+------------+---------+
| 0     | vein       | 0.92572 |
+-------+------------+---------+
---- mAP 0.9257234432234434

---- [Epoch 20/40, Batch 17/18] ----
+------------+--------------+--------------+--------------+
| Metrics    | YOLO Layer 0 | YOLO Layer 1 | YOLO Layer 2 |
+------------+--------------+--------------+--------------+
| grid_size  | 16           | 32           | 64           |
| loss       | 0.448770     | 1.710073     | 0.898747     |
| x          | 0.055894     | 0.047013     | 0.177381     |
| y          | 0.075688     | 0.004207     | 0.076630     |
| w          | 0.033515     | 0.147507     | 0.051227     |
| h          | 0.012249     | 0.057488     | 0.012750     |
| conf       | 0.269998     | 1.443163     | 0.580720     |
| cls        | 0.001425     | 0.010696     | 0.000038     |
| cls_acc    | 100.00%      | 100.00%      | 100.00%      |
| recall50   | 1.000000     | 0.500000     | 1.000000     |
| recall75   | 0.250000     | 0.000000     | 0.250000     |
| precision  | 0.571429     | 0.117647     | 0.088889     |
| conf_obj   | 0.976358     | 0.555577     | 0.978335     |
| conf_noobj | 0.001741     | 0.002555     | 0.003875     |
+------------+--------------+--------------+--------------+
Total loss 3.0575897693634033
---- ETA 0:00:00

---- Evaluating Model ----
+-------+------------+---------+
| Index | Class name | AP      |
+-------+------------+---------+
| 0     | vein       | 0.77597 |
+-------+------------+---------+
---- mAP 0.7759687595013681

---- [Epoch 21/40, Batch 17/18] ----
+------------+--------------+--------------+--------------+
| Metrics    | YOLO Layer 0 | YOLO Layer 1 | YOLO Layer 2 |
+------------+--------------+--------------+--------------+
| grid_size  | 13           | 26           | 52           |
| loss       | 0.986568     | 0.883269     | 0.672008     |
| x          | 0.034183     | 0.029598     | 0.073359     |
| y          | 0.086063     | 0.029089     | 0.027476     |
| w          | 0.031714     | 0.090870     | 0.010771     |
| h          | 0.107195     | 0.035399     | 0.023912     |
| conf       | 0.725945     | 0.687322     | 0.533488     |
| cls        | 0.001469     | 0.010990     | 0.003001     |
| cls_acc    | 100.00%      | 100.00%      | 100.00%      |
| recall50   | 0.600000     | 1.000000     | 1.000000     |
| recall75   | 0.000000     | 0.400000     | 0.800000     |
| precision  | 0.750000     | 0.333333     | 0.227273     |
| conf_obj   | 0.621334     | 0.780782     | 0.896333     |
| conf_noobj | 0.001727     | 0.003294     | 0.003695     |
+------------+--------------+--------------+--------------+
Total loss 2.5418450832366943
---- ETA 0:00:00

---- Evaluating Model ----
+-------+------------+---------+
| Index | Class name | AP      |
+-------+------------+---------+
| 0     | vein       | 0.95343 |
+-------+------------+---------+
---- mAP 0.9534343434343434

---- [Epoch 22/40, Batch 17/18] ----
+------------+--------------+--------------+--------------+
| Metrics    | YOLO Layer 0 | YOLO Layer 1 | YOLO Layer 2 |
+------------+--------------+--------------+--------------+
| grid_size  | 10           | 20           | 40           |
| loss       | 0.795906     | 0.670237     | 0.878110     |
| x          | 0.005742     | 0.006223     | 0.049228     |
| y          | 0.041521     | 0.027559     | 0.069574     |
| w          | 0.034752     | 0.009874     | 0.076116     |
| h          | 0.038960     | 0.014884     | 0.015443     |
| conf       | 0.673680     | 0.609544     | 0.665692     |
| cls        | 0.001252     | 0.002154     | 0.002057     |
| cls_acc    | 100.00%      | 100.00%      | 100.00%      |
| recall50   | 1.000000     | 1.000000     | 1.000000     |
| recall75   | 0.750000     | 1.000000     | 0.250000     |
| precision  | 0.500000     | 0.500000     | 0.142857     |
| conf_obj   | 0.880495     | 0.802544     | 0.926485     |
| conf_noobj | 0.003429     | 0.002755     | 0.004254     |
+------------+--------------+--------------+--------------+
Total loss 2.3442530632019043
---- ETA 0:00:00

---- Evaluating Model ----
+-------+------------+---------+
| Index | Class name | AP      |
+-------+------------+---------+
| 0     | vein       | 0.99762 |
+-------+------------+---------+
---- mAP 0.9976190476190476

---- [Epoch 23/40, Batch 17/18] ----
+------------+--------------+--------------+--------------+
| Metrics    | YOLO Layer 0 | YOLO Layer 1 | YOLO Layer 2 |
+------------+--------------+--------------+--------------+
| grid_size  | 13           | 26           | 52           |
| loss       | 0.354538     | 0.412981     | 0.694411     |
| x          | 0.074822     | 0.033376     | 0.053938     |
| y          | 0.037893     | 0.048856     | 0.055625     |
| w          | 0.023806     | 0.019128     | 0.056040     |
| h          | 0.080478     | 0.035103     | 0.009907     |
| conf       | 0.137087     | 0.276460     | 0.518503     |
| cls        | 0.000452     | 0.000058     | 0.000397     |
| cls_acc    | 100.00%      | 100.00%      | 100.00%      |
| recall50   | 1.000000     | 1.000000     | 1.000000     |
| recall75   | 0.500000     | 0.750000     | 0.500000     |
| precision  | 1.000000     | 0.444444     | 0.266667     |
| conf_obj   | 0.958873     | 0.965580     | 0.823219     |
| conf_noobj | 0.000861     | 0.001759     | 0.002798     |
+------------+--------------+--------------+--------------+
Total loss 1.461930513381958
---- ETA 0:00:00

---- Evaluating Model ----
+-------+------------+---------+
| Index | Class name | AP      |
+-------+------------+---------+
| 0     | vein       | 0.94048 |
+-------+------------+---------+
---- mAP 0.9404761904761905

---- [Epoch 24/40, Batch 17/18] ----
+------------+--------------+--------------+--------------+
| Metrics    | YOLO Layer 0 | YOLO Layer 1 | YOLO Layer 2 |
+------------+--------------+--------------+--------------+
| grid_size  | 14           | 28           | 56           |
| loss       | 0.554388     | 0.474589     | 0.883797     |
| x          | 0.045447     | 0.049223     | 0.060469     |
| y          | 0.017275     | 0.049231     | 0.085511     |
| w          | 0.061242     | 0.011082     | 0.060336     |
| h          | 0.010636     | 0.030405     | 0.000566     |
| conf       | 0.418988     | 0.333820     | 0.675998     |
| cls        | 0.000801     | 0.000828     | 0.000917     |
| cls_acc    | 100.00%      | 100.00%      | 100.00%      |
| recall50   | 1.000000     | 1.000000     | 1.000000     |
| recall75   | 0.750000     | 1.000000     | 0.750000     |
| precision  | 0.500000     | 0.307692     | 0.062500     |
| conf_obj   | 0.985316     | 0.980485     | 0.957162     |
| conf_noobj | 0.002622     | 0.002437     | 0.004289     |
+------------+--------------+--------------+--------------+
Total loss 1.912773847579956
---- ETA 0:00:00

---- Evaluating Model ----
+-------+------------+---------+
| Index | Class name | AP      |
+-------+------------+---------+
| 0     | vein       | 0.89630 |
+-------+------------+---------+
---- mAP 0.8962976431463273

---- [Epoch 25/40, Batch 17/18] ----
+------------+--------------+--------------+--------------+
| Metrics    | YOLO Layer 0 | YOLO Layer 1 | YOLO Layer 2 |
+------------+--------------+--------------+--------------+
| grid_size  | 15           | 30           | 60           |
| loss       | 0.409630     | 0.788774     | 0.616384     |
| x          | 0.026908     | 0.093918     | 0.022042     |
| y          | 0.028832     | 0.022168     | 0.044934     |
| w          | 0.036542     | 0.052753     | 0.058746     |
| h          | 0.008894     | 0.006943     | 0.023993     |
| conf       | 0.306635     | 0.605191     | 0.466017     |
| cls        | 0.001817     | 0.007801     | 0.000652     |
| cls_acc    | 100.00%      | 100.00%      | 100.00%      |
| recall50   | 1.000000     | 1.000000     | 1.000000     |
| recall75   | 0.800000     | 0.600000     | 0.400000     |
| precision  | 0.833333     | 0.250000     | 0.151515     |
| conf_obj   | 0.853569     | 0.887596     | 0.911218     |
| conf_noobj | 0.001041     | 0.002993     | 0.002930     |
+------------+--------------+--------------+--------------+
Total loss 1.8147881031036377
---- ETA 0:00:00

---- Evaluating Model ----
+-------+------------+---------+
| Index | Class name | AP      |
+-------+------------+---------+
| 0     | vein       | 0.90021 |
+-------+------------+---------+
---- mAP 0.9002073798627003

---- [Epoch 26/40, Batch 17/18] ----
+------------+--------------+--------------+--------------+
| Metrics    | YOLO Layer 0 | YOLO Layer 1 | YOLO Layer 2 |
+------------+--------------+--------------+--------------+
| grid_size  | 15           | 30           | 60           |
| loss       | 0.345085     | 0.699729     | 0.628752     |
| x          | 0.044590     | 0.088283     | 0.035772     |
| y          | 0.011794     | 0.037338     | 0.067793     |
| w          | 0.070392     | 0.017584     | 0.053832     |
| h          | 0.031520     | 0.064066     | 0.013174     |
| conf       | 0.186354     | 0.489995     | 0.458008     |
| cls        | 0.000434     | 0.002464     | 0.000172     |
| cls_acc    | 100.00%      | 100.00%      | 100.00%      |
| recall50   | 1.000000     | 1.000000     | 1.000000     |
| recall75   | 0.250000     | 0.500000     | 0.500000     |
| precision  | 0.800000     | 0.333333     | 0.097561     |
| conf_obj   | 0.930243     | 0.819193     | 0.975581     |
| conf_noobj | 0.000819     | 0.002115     | 0.003071     |
+------------+--------------+--------------+--------------+
Total loss 1.673565149307251
---- ETA 0:00:00

---- Evaluating Model ----
+-------+------------+---------+
| Index | Class name | AP      |
+-------+------------+---------+
| 0     | vein       | 1.00000 |
+-------+------------+---------+
---- mAP 1.0

---- [Epoch 27/40, Batch 17/18] ----
+------------+--------------+--------------+--------------+
| Metrics    | YOLO Layer 0 | YOLO Layer 1 | YOLO Layer 2 |
+------------+--------------+--------------+--------------+
| grid_size  | 10           | 20           | 40           |
| loss       | 0.987195     | 0.543340     | 0.653380     |
| x          | 0.008794     | 0.038864     | 0.091051     |
| y          | 0.012516     | 0.030427     | 0.083268     |
| w          | 0.013020     | 0.027006     | 0.010955     |
| h          | 0.022186     | 0.012154     | 0.010229     |
| conf       | 0.930505     | 0.434162     | 0.457614     |
| cls        | 0.000174     | 0.000727     | 0.000263     |
| cls_acc    | 100.00%      | 100.00%      | 100.00%      |
| recall50   | 0.750000     | 1.000000     | 1.000000     |
| recall75   | 0.750000     | 0.750000     | 1.000000     |
| precision  | 0.500000     | 0.400000     | 0.181818     |
| conf_obj   | 0.836233     | 0.948057     | 0.978610     |
| conf_noobj | 0.003214     | 0.002571     | 0.003066     |
+------------+--------------+--------------+--------------+
Total loss 2.18391489982605
---- ETA 0:00:00

---- Evaluating Model ----
+-------+------------+---------+
| Index | Class name | AP      |
+-------+------------+---------+
| 0     | vein       | 0.94742 |
+-------+------------+---------+
---- mAP 0.9474187577128753

---- [Epoch 28/40, Batch 17/18] ----
+------------+--------------+--------------+--------------+
| Metrics    | YOLO Layer 0 | YOLO Layer 1 | YOLO Layer 2 |
+------------+--------------+--------------+--------------+
| grid_size  | 15           | 30           | 60           |
| loss       | 0.428757     | 0.532124     | 0.554336     |
| x          | 0.058360     | 0.071684     | 0.064403     |
| y          | 0.053580     | 0.047853     | 0.101970     |
| w          | 0.026668     | 0.090563     | 0.015728     |
| h          | 0.009149     | 0.019950     | 0.015470     |
| conf       | 0.280009     | 0.300855     | 0.356596     |
| cls        | 0.000990     | 0.001217     | 0.000170     |
| cls_acc    | 100.00%      | 100.00%      | 100.00%      |
| recall50   | 1.000000     | 1.000000     | 1.000000     |
| recall75   | 0.500000     | 0.500000     | 1.000000     |
| precision  | 1.000000     | 0.500000     | 0.133333     |
| conf_obj   | 0.835466     | 0.901522     | 0.966236     |
| conf_noobj | 0.000719     | 0.001571     | 0.002534     |
+------------+--------------+--------------+--------------+
Total loss 1.51521635055542
---- ETA 0:00:00

---- Evaluating Model ----
+-------+------------+---------+
| Index | Class name | AP      |
+-------+------------+---------+
| 0     | vein       | 1.00000 |
+-------+------------+---------+
---- mAP 1.0

---- [Epoch 29/40, Batch 17/18] ----
+------------+--------------+--------------+--------------+
| Metrics    | YOLO Layer 0 | YOLO Layer 1 | YOLO Layer 2 |
+------------+--------------+--------------+--------------+
| grid_size  | 13           | 26           | 52           |
| loss       | 0.333422     | 0.510870     | 0.567403     |
| x          | 0.005240     | 0.027954     | 0.044981     |
| y          | 0.030925     | 0.012663     | 0.017424     |
| w          | 0.035528     | 0.006974     | 0.024521     |
| h          | 0.060683     | 0.050327     | 0.064527     |
| conf       | 0.200013     | 0.412739     | 0.415592     |
| cls        | 0.001032     | 0.000213     | 0.000358     |
| cls_acc    | 100.00%      | 100.00%      | 100.00%      |
| recall50   | 1.000000     | 1.000000     | 1.000000     |
| recall75   | 0.500000     | 0.500000     | 0.250000     |
| precision  | 0.800000     | 0.363636     | 0.137931     |
| conf_obj   | 0.956680     | 0.910778     | 0.977558     |
| conf_noobj | 0.001119     | 0.001960     | 0.002715     |
+------------+--------------+--------------+--------------+
Total loss 1.411693811416626
---- ETA 0:00:00

---- Evaluating Model ----
+-------+------------+---------+
| Index | Class name | AP      |
+-------+------------+---------+
| 0     | vein       | 0.95598 |
+-------+------------+---------+
---- mAP 0.9559788359788359

---- [Epoch 30/40, Batch 17/18] ----
+------------+--------------+--------------+--------------+
| Metrics    | YOLO Layer 0 | YOLO Layer 1 | YOLO Layer 2 |
+------------+--------------+--------------+--------------+
| grid_size  | 14           | 28           | 56           |
| loss       | 0.227172     | 0.534521     | 0.558676     |
| x          | 0.015980     | 0.074987     | 0.085061     |
| y          | 0.002286     | 0.026976     | 0.048918     |
| w          | 0.024036     | 0.009467     | 0.022802     |
| h          | 0.020774     | 0.070318     | 0.015552     |
| conf       | 0.163081     | 0.352726     | 0.385039     |
| cls        | 0.001015     | 0.000047     | 0.001303     |
| cls_acc    | 100.00%      | 100.00%      | 100.00%      |
| recall50   | 1.000000     | 1.000000     | 1.000000     |
| recall75   | 1.000000     | 0.500000     | 0.750000     |
| precision  | 1.000000     | 0.307692     | 0.137931     |
| conf_obj   | 0.965067     | 0.985315     | 0.915593     |
| conf_noobj | 0.001120     | 0.002073     | 0.002331     |
+------------+--------------+--------------+--------------+
Total loss 1.320368766784668
---- ETA 0:00:00

---- Evaluating Model ----
+-------+------------+---------+
| Index | Class name | AP      |
+-------+------------+---------+
| 0     | vein       | 0.77529 |
+-------+------------+---------+
---- mAP 0.7752898550724637

---- [Epoch 31/40, Batch 17/18] ----
+------------+--------------+--------------+--------------+
| Metrics    | YOLO Layer 0 | YOLO Layer 1 | YOLO Layer 2 |
+------------+--------------+--------------+--------------+
| grid_size  | 10           | 20           | 40           |
| loss       | 0.761529     | 0.722442     | 0.729989     |
| x          | 0.139632     | 0.077785     | 0.050121     |
| y          | 0.018679     | 0.018883     | 0.110325     |
| w          | 0.040381     | 0.008048     | 0.002286     |
| h          | 0.035346     | 0.007758     | 0.005258     |
| conf       | 0.526514     | 0.607354     | 0.560862     |
| cls        | 0.000977     | 0.002613     | 0.001138     |
| cls_acc    | 100.00%      | 100.00%      | 100.00%      |
| recall50   | 0.750000     | 1.000000     | 1.000000     |
| recall75   | 0.000000     | 1.000000     | 1.000000     |
| precision  | 0.750000     | 0.400000     | 0.125000     |
| conf_obj   | 0.821438     | 0.846962     | 0.960705     |
| conf_noobj | 0.002014     | 0.003195     | 0.003658     |
+------------+--------------+--------------+--------------+
Total loss 2.2139604091644287
---- ETA 0:00:00

---- Evaluating Model ----
+-------+------------+---------+
| Index | Class name | AP      |
+-------+------------+---------+
| 0     | vein       | 0.96338 |
+-------+------------+---------+
---- mAP 0.9633810914091827

---- [Epoch 32/40, Batch 17/18] ----
+------------+--------------+--------------+--------------+
| Metrics    | YOLO Layer 0 | YOLO Layer 1 | YOLO Layer 2 |
+------------+--------------+--------------+--------------+
| grid_size  | 15           | 30           | 60           |
| loss       | 0.563467     | 0.638598     | 0.636409     |
| x          | 0.033433     | 0.045055     | 0.073937     |
| y          | 0.017262     | 0.019988     | 0.034248     |
| w          | 0.025806     | 0.017938     | 0.014726     |
| h          | 0.017747     | 0.086553     | 0.016597     |
| conf       | 0.468007     | 0.447004     | 0.495445     |
| cls        | 0.001213     | 0.022061     | 0.001456     |
| cls_acc    | 100.00%      | 100.00%      | 100.00%      |
| recall50   | 0.800000     | 1.000000     | 1.000000     |
| recall75   | 0.600000     | 0.600000     | 1.000000     |
| precision  | 0.571429     | 0.500000     | 0.087719     |
| conf_obj   | 0.812153     | 0.892032     | 0.951353     |
| conf_noobj | 0.001594     | 0.002767     | 0.003333     |
+------------+--------------+--------------+--------------+
Total loss 1.8384745121002197
---- ETA 0:00:00

---- Evaluating Model ----
+-------+------------+---------+
| Index | Class name | AP      |
+-------+------------+---------+
| 0     | vein       | 0.90026 |
+-------+------------+---------+
---- mAP 0.9002579922331443

---- [Epoch 33/40, Batch 17/18] ----
+------------+--------------+--------------+--------------+
| Metrics    | YOLO Layer 0 | YOLO Layer 1 | YOLO Layer 2 |
+------------+--------------+--------------+--------------+
| grid_size  | 12           | 24           | 48           |
| loss       | 0.404681     | 0.559288     | 0.595166     |
| x          | 0.044515     | 0.111919     | 0.041205     |
| y          | 0.015640     | 0.014107     | 0.030243     |
| w          | 0.061276     | 0.004857     | 0.023781     |
| h          | 0.025228     | 0.023479     | 0.030458     |
| conf       | 0.257465     | 0.400601     | 0.467713     |
| cls        | 0.000557     | 0.004325     | 0.001765     |
| cls_acc    | 100.00%      | 100.00%      | 100.00%      |
| recall50   | 1.000000     | 1.000000     | 1.000000     |
| recall75   | 0.500000     | 1.000000     | 0.750000     |
| precision  | 0.666667     | 0.307692     | 0.133333     |
| conf_obj   | 0.948160     | 0.928575     | 0.877156     |
| conf_noobj | 0.001712     | 0.002398     | 0.002557     |
+------------+--------------+--------------+--------------+
Total loss 1.5591356754302979
---- ETA 0:00:00

---- Evaluating Model ----
+-------+------------+---------+
| Index | Class name | AP      |
+-------+------------+---------+
| 0     | vein       | 0.94264 |
+-------+------------+---------+
---- mAP 0.9426361655773421

---- [Epoch 34/40, Batch 17/18] ----
+------------+--------------+--------------+--------------+
| Metrics    | YOLO Layer 0 | YOLO Layer 1 | YOLO Layer 2 |
+------------+--------------+--------------+--------------+
| grid_size  | 12           | 24           | 48           |
| loss       | 0.210024     | 0.447415     | 0.667914     |
| x          | 0.017001     | 0.074117     | 0.195677     |
| y          | 0.022626     | 0.014365     | 0.005888     |
| w          | 0.033899     | 0.026588     | 0.026766     |
| h          | 0.000716     | 0.007334     | 0.023411     |
| conf       | 0.135294     | 0.324814     | 0.415606     |
| cls        | 0.000488     | 0.000197     | 0.000566     |
| cls_acc    | 100.00%      | 100.00%      | 100.00%      |
| recall50   | 1.000000     | 1.000000     | 1.000000     |
| recall75   | 0.750000     | 0.750000     | 0.750000     |
| precision  | 1.000000     | 0.400000     | 0.166667     |
| conf_obj   | 0.953702     | 0.963579     | 0.930376     |
| conf_noobj | 0.000841     | 0.001960     | 0.002339     |
+------------+--------------+--------------+--------------+
Total loss 1.3253531455993652
---- ETA 0:00:00

---- Evaluating Model ----
+-------+------------+---------+
| Index | Class name | AP      |
+-------+------------+---------+
| 0     | vein       | 1.00000 |
+-------+------------+---------+
---- mAP 1.0

---- [Epoch 35/40, Batch 17/18] ----
+------------+--------------+--------------+--------------+
| Metrics    | YOLO Layer 0 | YOLO Layer 1 | YOLO Layer 2 |
+------------+--------------+--------------+--------------+
| grid_size  | 16           | 32           | 64           |
| loss       | 0.507928     | 0.490165     | 0.644008     |
| x          | 0.026576     | 0.035473     | 0.117816     |
| y          | 0.027519     | 0.005934     | 0.032629     |
| w          | 0.014274     | 0.047381     | 0.067922     |
| h          | 0.001746     | 0.027735     | 0.019984     |
| conf       | 0.437466     | 0.373341     | 0.405648     |
| cls        | 0.000347     | 0.000301     | 0.000007     |
| cls_acc    | 100.00%      | 100.00%      | 100.00%      |
| recall50   | 1.000000     | 1.000000     | 1.000000     |
| recall75   | 0.800000     | 0.400000     | 0.400000     |
| precision  | 0.555556     | 0.312500     | 0.102041     |
| conf_obj   | 0.926870     | 0.946672     | 0.975360     |
| conf_noobj | 0.002074     | 0.001829     | 0.002392     |
+------------+--------------+--------------+--------------+
Total loss 1.64210045337677
---- ETA 0:00:00

---- Evaluating Model ----
+-------+------------+---------+
| Index | Class name | AP      |
+-------+------------+---------+
| 0     | vein       | 0.90931 |
+-------+------------+---------+
---- mAP 0.9093073593073593

---- [Epoch 36/40, Batch 17/18] ----
+------------+--------------+--------------+--------------+
| Metrics    | YOLO Layer 0 | YOLO Layer 1 | YOLO Layer 2 |
+------------+--------------+--------------+--------------+
| grid_size  | 12           | 24           | 48           |
| loss       | 0.601799     | 0.533751     | 0.587291     |
| x          | 0.068055     | 0.064550     | 0.085527     |
| y          | 0.042578     | 0.060992     | 0.035614     |
| w          | 0.070234     | 0.036455     | 0.037861     |
| h          | 0.047518     | 0.011384     | 0.014126     |
| conf       | 0.372263     | 0.359793     | 0.413995     |
| cls        | 0.001152     | 0.000578     | 0.000167     |
| cls_acc    | 100.00%      | 100.00%      | 100.00%      |
| recall50   | 0.800000     | 1.000000     | 1.000000     |
| recall75   | 0.400000     | 0.800000     | 0.600000     |
| precision  | 1.000000     | 0.500000     | 0.178571     |
| conf_obj   | 0.804530     | 0.890293     | 0.929896     |
| conf_noobj | 0.000993     | 0.001707     | 0.002198     |
+------------+--------------+--------------+--------------+
Total loss 1.7228412628173828
---- ETA 0:00:00

---- Evaluating Model ----
+-------+------------+---------+
| Index | Class name | AP      |
+-------+------------+---------+
| 0     | vein       | 0.98810 |
+-------+------------+---------+
---- mAP 0.9880952380952381

---- [Epoch 37/40, Batch 17/18] ----
+------------+--------------+--------------+--------------+
| Metrics    | YOLO Layer 0 | YOLO Layer 1 | YOLO Layer 2 |
+------------+--------------+--------------+--------------+
| grid_size  | 15           | 30           | 60           |
| loss       | 0.514793     | 0.521169     | 0.470021     |
| x          | 0.020793     | 0.042081     | 0.074638     |
| y          | 0.002336     | 0.090376     | 0.056501     |
| w          | 0.030067     | 0.029945     | 0.013322     |
| h          | 0.033628     | 0.035932     | 0.008067     |
| conf       | 0.427553     | 0.321368     | 0.317410     |
| cls        | 0.000417     | 0.001469     | 0.000084     |
| cls_acc    | 100.00%      | 100.00%      | 100.00%      |
| recall50   | 0.750000     | 1.000000     | 1.000000     |
| recall75   | 0.500000     | 0.500000     | 1.000000     |
| precision  | 0.750000     | 0.363636     | 0.125000     |
| conf_obj   | 0.823005     | 0.944613     | 0.942121     |
| conf_noobj | 0.000738     | 0.001838     | 0.001922     |
+------------+--------------+--------------+--------------+
Total loss 1.505983591079712
---- ETA 0:00:00

---- Evaluating Model ----
+-------+------------+---------+
| Index | Class name | AP      |
+-------+------------+---------+
| 0     | vein       | 0.93395 |
+-------+------------+---------+
---- mAP 0.933951048951049

---- [Epoch 38/40, Batch 17/18] ----
+------------+--------------+--------------+--------------+
| Metrics    | YOLO Layer 0 | YOLO Layer 1 | YOLO Layer 2 |
+------------+--------------+--------------+--------------+
| grid_size  | 10           | 20           | 40           |
| loss       | 0.663576     | 1.435539     | 0.556657     |
| x          | 0.031772     | 0.062733     | 0.081682     |
| y          | 0.012653     | 0.043383     | 0.024268     |
| w          | 0.060132     | 0.006965     | 0.029336     |
| h          | 0.024238     | 0.030467     | 0.044805     |
| conf       | 0.534628     | 1.283778     | 0.375610     |
| cls        | 0.000154     | 0.008213     | 0.000956     |
| cls_acc    | 100.00%      | 100.00%      | 100.00%      |
| recall50   | 1.000000     | 0.750000     | 1.000000     |
| recall75   | 0.500000     | 0.750000     | 0.500000     |
| precision  | 0.666667     | 0.333333     | 0.285714     |
| conf_obj   | 0.939689     | 0.644259     | 0.890098     |
| conf_noobj | 0.002455     | 0.002366     | 0.001821     |
+------------+--------------+--------------+--------------+
Total loss 2.6557722091674805
---- ETA 0:00:00

---- Evaluating Model ----
+-------+------------+---------+
| Index | Class name | AP      |
+-------+------------+---------+
| 0     | vein       | 0.92103 |
+-------+------------+---------+
---- mAP 0.921031746031746

---- [Epoch 39/40, Batch 17/18] ----
+------------+--------------+--------------+--------------+
| Metrics    | YOLO Layer 0 | YOLO Layer 1 | YOLO Layer 2 |
+------------+--------------+--------------+--------------+
| grid_size  | 16           | 32           | 64           |
| loss       | 0.307947     | 0.838589     | 0.523257     |
| x          | 0.048650     | 0.028297     | 0.047769     |
| y          | 0.022280     | 0.039534     | 0.043870     |
| w          | 0.030583     | 0.035577     | 0.012130     |
| h          | 0.007986     | 0.014811     | 0.085729     |
| conf       | 0.197913     | 0.713459     | 0.333707     |
| cls        | 0.000536     | 0.006911     | 0.000053     |
| cls_acc    | 100.00%      | 100.00%      | 100.00%      |
| recall50   | 1.000000     | 0.600000     | 1.000000     |
| recall75   | 0.800000     | 0.600000     | 0.200000     |
| precision  | 1.000000     | 0.166667     | 0.113636     |
| conf_obj   | 0.889540     | 0.761279     | 0.974140     |
| conf_noobj | 0.000644     | 0.002231     | 0.001895     |
+------------+--------------+--------------+--------------+
Total loss 1.669792652130127
---- ETA 0:00:00

---- Evaluating Model ----
+-------+------------+---------+
| Index | Class name | AP      |
+-------+------------+---------+
| 0     | vein       | 0.84646 |
+-------+------------+---------+
---- mAP 0.8464584270505323
