Namespace(batch_size=1, checkpoint_interval=2, checkpoints_dir='checkpoints', compute_map=False, data_config='config/custom.data', dataset_name='phantom_20', epochs=40, evaluation_interval=1, gradient_accumulations=2, img_size=416, model_def='config/yolov3-custom.cfg', multiscale_training=True, n_cpu=1, pretrained_weights=None)
 train_path: data/custom/train_valid/phantom_20/train.txt
 valid_path: data/custom/train_valid/phantom_20/valid.txt
 class_names: data/custom/classes.names

---- [Epoch 0/40, Batch 15/16] ----
+------------+--------------+--------------+--------------+
| Metrics    | YOLO Layer 0 | YOLO Layer 1 | YOLO Layer 2 |
+------------+--------------+--------------+--------------+
| grid_size  | 12           | 24           | 48           |
| loss       | 12.481440    | 21.658987    | 36.943138    |
| x          | 0.028279     | 0.078998     | 0.074649     |
| y          | 0.122554     | 0.252496     | 0.137534     |
| w          | 0.029045     | 0.020869     | 0.043304     |
| h          | 0.013851     | 0.005269     | 0.005355     |
| conf       | 12.166339    | 21.078386    | 36.501282    |
| cls        | 0.121373     | 0.222969     | 0.181015     |
| cls_acc    | 100.00%      | 100.00%      | 100.00%      |
| recall50   | 0.000000     | 0.000000     | 0.000000     |
| recall75   | 0.000000     | 0.000000     | 0.000000     |
| precision  | 0.000000     | 0.000000     | 0.000000     |
| conf_obj   | 0.126649     | 0.306497     | 0.431805     |
| conf_noobj | 0.095317     | 0.178700     | 0.297291     |
+------------+--------------+--------------+--------------+
Total loss 71.08356475830078
---- ETA 0:00:00

---- Evaluating Model ----
+-------+------------+---------+
| Index | Class name | AP      |
+-------+------------+---------+
| 0     | vein       | 0.07738 |
+-------+------------+---------+
---- mAP 0.07738095238095238

---- [Epoch 1/40, Batch 15/16] ----
+------------+--------------+--------------+--------------+
| Metrics    | YOLO Layer 0 | YOLO Layer 1 | YOLO Layer 2 |
+------------+--------------+--------------+--------------+
| grid_size  | 13           | 26           | 52           |
| loss       | 4.936357     | 7.740128     | 18.450958    |
| x          | 0.190126     | 0.087789     | 0.068203     |
| y          | 0.082575     | 0.032764     | 0.087822     |
| w          | 0.099490     | 0.036484     | 0.016530     |
| h          | 0.012974     | 0.138129     | 0.016114     |
| conf       | 4.531556     | 7.314387     | 18.217333    |
| cls        | 0.019636     | 0.130574     | 0.044957     |
| cls_acc    | 100.00%      | 100.00%      | 100.00%      |
| recall50   | 0.000000     | 0.000000     | 1.000000     |
| recall75   | 0.000000     | 0.000000     | 1.000000     |
| precision  | 0.000000     | 0.000000     | 0.150000     |
| conf_obj   | 0.096127     | 0.343775     | 0.578298     |
| conf_noobj | 0.021354     | 0.057547     | 0.160510     |
+------------+--------------+--------------+--------------+
Total loss 31.127443313598633
---- ETA 0:00:00

---- Evaluating Model ----
+-------+------------+---------+
| Index | Class name | AP      |
+-------+------------+---------+
| 0     | vein       | 1.00000 |
+-------+------------+---------+
---- mAP 1.0

---- [Epoch 2/40, Batch 15/16] ----
+------------+--------------+--------------+--------------+
| Metrics    | YOLO Layer 0 | YOLO Layer 1 | YOLO Layer 2 |
+------------+--------------+--------------+--------------+
| grid_size  | 16           | 32           | 64           |
| loss       | 4.336342     | 4.392298     | 9.612283     |
| x          | 0.095475     | 0.078290     | 0.063059     |
| y          | 0.229180     | 0.111946     | 0.045867     |
| w          | 0.093854     | 0.013798     | 0.040911     |
| h          | 0.067657     | 0.025390     | 0.038623     |
| conf       | 3.840994     | 4.125756     | 9.418505     |
| cls        | 0.009183     | 0.037118     | 0.005318     |
| cls_acc    | 100.00%      | 100.00%      | 100.00%      |
| recall50   | 0.000000     | 0.333333     | 1.000000     |
| recall75   | 0.000000     | 0.333333     | 0.333333     |
| precision  | 0.000000     | 0.200000     | 0.093750     |
| conf_obj   | 0.120508     | 0.433456     | 0.748372     |
| conf_noobj | 0.016561     | 0.030900     | 0.086028     |
+------------+--------------+--------------+--------------+
Total loss 18.340923309326172
---- ETA 0:00:00

---- Evaluating Model ----
+-------+------------+---------+
| Index | Class name | AP      |
+-------+------------+---------+
| 0     | vein       | 0.27000 |
+-------+------------+---------+
---- mAP 0.27

---- [Epoch 3/40, Batch 15/16] ----
+------------+--------------+--------------+--------------+
| Metrics    | YOLO Layer 0 | YOLO Layer 1 | YOLO Layer 2 |
+------------+--------------+--------------+--------------+
| grid_size  | 14           | 28           | 56           |
| loss       | 3.311731     | 2.829345     | 5.953835     |
| x          | 0.087380     | 0.098875     | 0.136713     |
| y          | 0.023830     | 0.095700     | 0.073822     |
| w          | 0.042871     | 0.105355     | 0.052075     |
| h          | 0.033592     | 0.196099     | 0.067167     |
| conf       | 3.120772     | 2.321478     | 5.616541     |
| cls        | 0.003286     | 0.011838     | 0.007517     |
| cls_acc    | 100.00%      | 100.00%      | 100.00%      |
| recall50   | 0.000000     | 0.666667     | 1.000000     |
| recall75   | 0.000000     | 0.000000     | 0.000000     |
| precision  | 0.000000     | 0.400000     | 0.142857     |
| conf_obj   | 0.159081     | 0.562335     | 0.747829     |
| conf_noobj | 0.012032     | 0.016304     | 0.050659     |
+------------+--------------+--------------+--------------+
Total loss 12.094911575317383
---- ETA 0:00:00

---- Evaluating Model ----
+-------+------------+---------+
| Index | Class name | AP      |
+-------+------------+---------+
| 0     | vein       | 1.00000 |
+-------+------------+---------+
---- mAP 1.0

---- [Epoch 4/40, Batch 15/16] ----
+------------+--------------+--------------+--------------+
| Metrics    | YOLO Layer 0 | YOLO Layer 1 | YOLO Layer 2 |
+------------+--------------+--------------+--------------+
| grid_size  | 13           | 26           | 52           |
| loss       | 3.144172     | 3.116505     | 4.344657     |
| x          | 0.143762     | 0.085109     | 0.093868     |
| y          | 0.098160     | 0.242920     | 0.101174     |
| w          | 0.021459     | 0.250744     | 0.054277     |
| h          | 0.016053     | 0.064517     | 0.055845     |
| conf       | 2.863699     | 2.462629     | 4.027709     |
| cls        | 0.001040     | 0.010586     | 0.011784     |
| cls_acc    | 100.00%      | 100.00%      | 100.00%      |
| recall50   | 0.000000     | 0.333333     | 1.000000     |
| recall75   | 0.000000     | 0.000000     | 0.000000     |
| precision  | 0.000000     | 0.090909     | 0.136364     |
| conf_obj   | 0.177761     | 0.566675     | 0.730781     |
| conf_noobj | 0.009827     | 0.015352     | 0.034775     |
+------------+--------------+--------------+--------------+
Total loss 10.605334281921387
---- ETA 0:00:00

---- Evaluating Model ----
+-------+------------+---------+
| Index | Class name | AP      |
+-------+------------+---------+
| 0     | vein       | 1.00000 |
+-------+------------+---------+
---- mAP 1.0

---- [Epoch 5/40, Batch 15/16] ----
+------------+--------------+--------------+--------------+
| Metrics    | YOLO Layer 0 | YOLO Layer 1 | YOLO Layer 2 |
+------------+--------------+--------------+--------------+
| grid_size  | 12           | 24           | 48           |
| loss       | 3.108997     | 2.628934     | 3.120738     |
| x          | 0.028753     | 0.045632     | 0.017303     |
| y          | 0.075473     | 0.040737     | 0.010901     |
| w          | 0.005174     | 0.096066     | 0.020062     |
| h          | 0.280324     | 0.362775     | 0.045596     |
| conf       | 2.718601     | 2.069943     | 3.020697     |
| cls        | 0.000672     | 0.013781     | 0.006179     |
| cls_acc    | 100.00%      | 100.00%      | 100.00%      |
| recall50   | 0.000000     | 0.000000     | 1.000000     |
| recall75   | 0.000000     | 0.000000     | 0.666667     |
| precision  | 0.000000     | 0.000000     | 0.150000     |
| conf_obj   | 0.157967     | 0.397461     | 0.751165     |
| conf_noobj | 0.007831     | 0.010671     | 0.025563     |
+------------+--------------+--------------+--------------+
Total loss 8.85866928100586
---- ETA 0:00:00

---- Evaluating Model ----
+-------+------------+---------+
| Index | Class name | AP      |
+-------+------------+---------+
| 0     | vein       | 0.97222 |
+-------+------------+---------+
---- mAP 0.9722222222222222

---- [Epoch 6/40, Batch 15/16] ----
+------------+--------------+--------------+--------------+
| Metrics    | YOLO Layer 0 | YOLO Layer 1 | YOLO Layer 2 |
+------------+--------------+--------------+--------------+
| grid_size  | 16           | 32           | 64           |
| loss       | 3.152256     | 1.944856     | 2.528289     |
| x          | 0.002364     | 0.129359     | 0.137349     |
| y          | 0.127389     | 0.054879     | 0.011788     |
| w          | 0.137661     | 0.079840     | 0.064977     |
| h          | 0.019054     | 0.057912     | 0.010822     |
| conf       | 2.863964     | 1.601618     | 2.300594     |
| cls        | 0.001826     | 0.021248     | 0.002759     |
| cls_acc    | 100.00%      | 100.00%      | 100.00%      |
| recall50   | 0.000000     | 1.000000     | 1.000000     |
| recall75   | 0.000000     | 0.333333     | 0.666667     |
| precision  | 0.000000     | 0.250000     | 0.125000     |
| conf_obj   | 0.171420     | 0.690619     | 0.802992     |
| conf_noobj | 0.010257     | 0.010464     | 0.019281     |
+------------+--------------+--------------+--------------+
Total loss 7.625401973724365
---- ETA 0:00:00

---- Evaluating Model ----
+-------+------------+---------+
| Index | Class name | AP      |
+-------+------------+---------+
| 0     | vein       | 0.48412 |
+-------+------------+---------+
---- mAP 0.4841170634920635

---- [Epoch 7/40, Batch 15/16] ----
+------------+--------------+--------------+--------------+
| Metrics    | YOLO Layer 0 | YOLO Layer 1 | YOLO Layer 2 |
+------------+--------------+--------------+--------------+
| grid_size  | 10           | 20           | 40           |
| loss       | 3.072595     | 3.761244     | 2.407241     |
| x          | 0.083346     | 0.008409     | 0.099152     |
| y          | 0.069243     | 0.058899     | 0.027411     |
| w          | 0.023459     | 0.086617     | 0.033991     |
| h          | 0.028304     | 0.055476     | 0.050416     |
| conf       | 2.867880     | 3.528957     | 2.185678     |
| cls        | 0.000363     | 0.022886     | 0.010593     |
| cls_acc    | 100.00%      | 100.00%      | 100.00%      |
| recall50   | 0.000000     | 0.000000     | 1.000000     |
| recall75   | 0.000000     | 0.000000     | 0.666667     |
| precision  | 0.000000     | 0.000000     | 0.187500     |
| conf_obj   | 0.139486     | 0.130675     | 0.829223     |
| conf_noobj | 0.007710     | 0.010746     | 0.018164     |
+------------+--------------+--------------+--------------+
Total loss 9.241080284118652
---- ETA 0:00:00

---- Evaluating Model ----
+-------+------------+---------+
| Index | Class name | AP      |
+-------+------------+---------+
| 0     | vein       | 0.79444 |
+-------+------------+---------+
---- mAP 0.7944444444444444

---- [Epoch 8/40, Batch 15/16] ----
+------------+--------------+--------------+--------------+
| Metrics    | YOLO Layer 0 | YOLO Layer 1 | YOLO Layer 2 |
+------------+--------------+--------------+--------------+
| grid_size  | 12           | 24           | 48           |
| loss       | 3.207353     | 2.191401     | 2.020646     |
| x          | 0.029036     | 0.011986     | 0.033241     |
| y          | 0.068267     | 0.045599     | 0.014276     |
| w          | 0.059873     | 0.070969     | 0.020227     |
| h          | 0.113843     | 0.055270     | 0.074020     |
| conf       | 2.935781     | 1.986039     | 1.873309     |
| cls        | 0.000553     | 0.021538     | 0.005573     |
| cls_acc    | 100.00%      | 100.00%      | 100.00%      |
| recall50   | 0.000000     | 0.333333     | 1.000000     |
| recall75   | 0.000000     | 0.000000     | 0.333333     |
| precision  | 0.000000     | 0.250000     | 0.142857     |
| conf_obj   | 0.101457     | 0.426751     | 0.765169     |
| conf_noobj | 0.006123     | 0.009456     | 0.014462     |
+------------+--------------+--------------+--------------+
Total loss 7.419400215148926
---- ETA 0:00:00

---- Evaluating Model ----
+-------+------------+---------+
| Index | Class name | AP      |
+-------+------------+---------+
| 0     | vein       | 0.90278 |
+-------+------------+---------+
---- mAP 0.9027777777777778

---- [Epoch 9/40, Batch 15/16] ----
+------------+--------------+--------------+--------------+
| Metrics    | YOLO Layer 0 | YOLO Layer 1 | YOLO Layer 2 |
+------------+--------------+--------------+--------------+
| grid_size  | 12           | 24           | 48           |
| loss       | 3.569635     | 1.890021     | 2.124942     |
| x          | 0.015161     | 0.024742     | 0.060716     |
| y          | 0.138614     | 0.140080     | 0.077868     |
| w          | 0.063550     | 0.035243     | 0.069162     |
| h          | 0.040353     | 0.077107     | 0.182258     |
| conf       | 3.310294     | 1.597507     | 1.714573     |
| cls        | 0.001664     | 0.015341     | 0.020364     |
| cls_acc    | 100.00%      | 100.00%      | 100.00%      |
| recall50   | 0.000000     | 0.666667     | 0.666667     |
| recall75   | 0.000000     | 0.000000     | 0.000000     |
| precision  | 0.000000     | 0.666667     | 0.125000     |
| conf_obj   | 0.241440     | 0.541063     | 0.740774     |
| conf_noobj | 0.014182     | 0.008716     | 0.012662     |
+------------+--------------+--------------+--------------+
Total loss 7.584598064422607
---- ETA 0:00:00

---- Evaluating Model ----
+-------+------------+---------+
| Index | Class name | AP      |
+-------+------------+---------+
| 0     | vein       | 0.73102 |
+-------+------------+---------+
---- mAP 0.7310185185185185

---- [Epoch 10/40, Batch 15/16] ----
+------------+--------------+--------------+--------------+
| Metrics    | YOLO Layer 0 | YOLO Layer 1 | YOLO Layer 2 |
+------------+--------------+--------------+--------------+
| grid_size  | 13           | 26           | 52           |
| loss       | 2.537650     | 1.961043     | 2.449894     |
| x          | 0.129104     | 0.042562     | 0.064629     |
| y          | 0.052131     | 0.076441     | 0.147174     |
| w          | 0.109629     | 0.047725     | 0.056564     |
| h          | 0.022029     | 0.013966     | 0.019858     |
| conf       | 2.223927     | 1.777831     | 2.149008     |
| cls        | 0.000831     | 0.002519     | 0.012662     |
| cls_acc    | 100.00%      | 100.00%      | 100.00%      |
| recall50   | 0.000000     | 0.333333     | 0.333333     |
| recall75   | 0.000000     | 0.333333     | 0.000000     |
| precision  | 0.000000     | 0.142857     | 0.090909     |
| conf_obj   | 0.181689     | 0.476928     | 0.465428     |
| conf_noobj | 0.004894     | 0.007572     | 0.010654     |
+------------+--------------+--------------+--------------+
Total loss 6.948587417602539
---- ETA 0:00:00

---- Evaluating Model ----
+-------+------------+---------+
| Index | Class name | AP      |
+-------+------------+---------+
| 0     | vein       | 0.98718 |
+-------+------------+---------+
---- mAP 0.9871794871794872

---- [Epoch 11/40, Batch 15/16] ----
+------------+--------------+--------------+--------------+
| Metrics    | YOLO Layer 0 | YOLO Layer 1 | YOLO Layer 2 |
+------------+--------------+--------------+--------------+
| grid_size  | 14           | 28           | 56           |
| loss       | 2.066678     | 1.114485     | 1.534110     |
| x          | 0.073734     | 0.067993     | 0.124223     |
| y          | 0.074028     | 0.057083     | 0.057511     |
| w          | 0.084714     | 0.144722     | 0.034154     |
| h          | 0.080240     | 0.011094     | 0.057762     |
| conf       | 1.748037     | 0.833036     | 1.256864     |
| cls        | 0.005926     | 0.000557     | 0.003596     |
| cls_acc    | 100.00%      | 100.00%      | 100.00%      |
| recall50   | 0.666667     | 1.000000     | 1.000000     |
| recall75   | 0.000000     | 0.000000     | 0.333333     |
| precision  | 0.500000     | 0.500000     | 0.200000     |
| conf_obj   | 0.627680     | 0.832867     | 0.810684     |
| conf_noobj | 0.010254     | 0.005634     | 0.009441     |
+------------+--------------+--------------+--------------+
Total loss 4.715273857116699
---- ETA 0:00:00

---- Evaluating Model ----
+-------+------------+---------+
| Index | Class name | AP      |
+-------+------------+---------+
| 0     | vein       | 0.96104 |
+-------+------------+---------+
---- mAP 0.9610389610389611

---- [Epoch 12/40, Batch 15/16] ----
+------------+--------------+--------------+--------------+
| Metrics    | YOLO Layer 0 | YOLO Layer 1 | YOLO Layer 2 |
+------------+--------------+--------------+--------------+
| grid_size  | 11           | 22           | 44           |
| loss       | 2.950661     | 1.415272     | 1.310116     |
| x          | 0.028383     | 0.068664     | 0.047308     |
| y          | 0.139104     | 0.077709     | 0.040697     |
| w          | 0.089430     | 0.148841     | 0.065045     |
| h          | 0.194211     | 0.004133     | 0.001836     |
| conf       | 2.498924     | 1.094578     | 1.147499     |
| cls        | 0.000609     | 0.021346     | 0.007729     |
| cls_acc    | 100.00%      | 100.00%      | 100.00%      |
| recall50   | 0.000000     | 1.000000     | 1.000000     |
| recall75   | 0.000000     | 0.333333     | 0.666667     |
| precision  | 0.000000     | 0.600000     | 0.375000     |
| conf_obj   | 0.178084     | 0.701750     | 0.837574     |
| conf_noobj | 0.004875     | 0.006449     | 0.008876     |
+------------+--------------+--------------+--------------+
Total loss 5.676048278808594
---- ETA 0:00:00

---- Evaluating Model ----
+-------+------------+---------+
| Index | Class name | AP      |
+-------+------------+---------+
| 0     | vein       | 0.59583 |
+-------+------------+---------+
---- mAP 0.5958333333333333

---- [Epoch 13/40, Batch 15/16] ----
+------------+--------------+--------------+--------------+
| Metrics    | YOLO Layer 0 | YOLO Layer 1 | YOLO Layer 2 |
+------------+--------------+--------------+--------------+
| grid_size  | 16           | 32           | 64           |
| loss       | 2.054132     | 1.869952     | 1.244776     |
| x          | 0.041987     | 0.023868     | 0.121422     |
| y          | 0.139379     | 0.206287     | 0.092691     |
| w          | 0.083753     | 0.138826     | 0.037683     |
| h          | 0.025212     | 0.031421     | 0.042754     |
| conf       | 1.761234     | 1.457872     | 0.949479     |
| cls        | 0.002567     | 0.011679     | 0.000746     |
| cls_acc    | 100.00%      | 100.00%      | 100.00%      |
| recall50   | 0.000000     | 0.333333     | 1.000000     |
| recall75   | 0.000000     | 0.000000     | 0.333333     |
| precision  | 0.000000     | 0.200000     | 0.200000     |
| conf_obj   | 0.297895     | 0.514059     | 0.914185     |
| conf_noobj | 0.004991     | 0.005590     | 0.007501     |
+------------+--------------+--------------+--------------+
Total loss 5.168859958648682
---- ETA 0:00:00

---- Evaluating Model ----
+-------+------------+---------+
| Index | Class name | AP      |
+-------+------------+---------+
| 0     | vein       | 0.73810 |
+-------+------------+---------+
---- mAP 0.738095238095238

---- [Epoch 14/40, Batch 15/16] ----
+------------+--------------+--------------+--------------+
| Metrics    | YOLO Layer 0 | YOLO Layer 1 | YOLO Layer 2 |
+------------+--------------+--------------+--------------+
| grid_size  | 12           | 24           | 48           |
| loss       | 1.391553     | 1.665045     | 1.474769     |
| x          | 0.008210     | 0.073637     | 0.031278     |
| y          | 0.020109     | 0.040448     | 0.017872     |
| w          | 0.333521     | 0.123965     | 0.094511     |
| h          | 0.016715     | 0.169916     | 0.060025     |
| conf       | 1.012284     | 1.250803     | 1.266718     |
| cls        | 0.000714     | 0.006276     | 0.004366     |
| cls_acc    | 100.00%      | 100.00%      | 100.00%      |
| recall50   | 0.666667     | 0.333333     | 1.000000     |
| recall75   | 0.333333     | 0.000000     | 0.333333     |
| precision  | 0.666667     | 0.142857     | 0.142857     |
| conf_obj   | 0.546648     | 0.735690     | 0.852095     |
| conf_noobj | 0.003784     | 0.007122     | 0.008858     |
+------------+--------------+--------------+--------------+
Total loss 4.531367778778076
---- ETA 0:00:00

---- Evaluating Model ----
+-------+------------+---------+
| Index | Class name | AP      |
+-------+------------+---------+
| 0     | vein       | 0.99359 |
+-------+------------+---------+
---- mAP 0.9935897435897436

---- [Epoch 15/40, Batch 15/16] ----
+------------+--------------+--------------+--------------+
| Metrics    | YOLO Layer 0 | YOLO Layer 1 | YOLO Layer 2 |
+------------+--------------+--------------+--------------+
| grid_size  | 11           | 22           | 44           |
| loss       | 0.958510     | 1.611382     | 1.141423     |
| x          | 0.027604     | 0.092032     | 0.012838     |
| y          | 0.066556     | 0.064986     | 0.041989     |
| w          | 0.138085     | 0.094708     | 0.023926     |
| h          | 0.022849     | 0.141083     | 0.002715     |
| conf       | 0.702747     | 1.208550     | 1.057575     |
| cls        | 0.000669     | 0.010022     | 0.002380     |
| cls_acc    | 100.00%      | 100.00%      | 100.00%      |
| recall50   | 0.666667     | 0.666667     | 1.000000     |
| recall75   | 0.000000     | 0.000000     | 1.000000     |
| precision  | 1.000000     | 0.333333     | 0.333333     |
| conf_obj   | 0.709379     | 0.596220     | 0.766805     |
| conf_noobj | 0.003007     | 0.005352     | 0.007002     |
+------------+--------------+--------------+--------------+
Total loss 3.7113142013549805
---- ETA 0:00:00

---- Evaluating Model ----
+-------+------------+---------+
| Index | Class name | AP      |
+-------+------------+---------+
| 0     | vein       | 0.93611 |
+-------+------------+---------+
---- mAP 0.9361111111111111

---- [Epoch 16/40, Batch 15/16] ----
+------------+--------------+--------------+--------------+
| Metrics    | YOLO Layer 0 | YOLO Layer 1 | YOLO Layer 2 |
+------------+--------------+--------------+--------------+
| grid_size  | 11           | 22           | 44           |
| loss       | 1.089680     | 0.953499     | 0.917610     |
| x          | 0.010942     | 0.048778     | 0.051806     |
| y          | 0.043668     | 0.010052     | 0.020742     |
| w          | 0.019676     | 0.028512     | 0.092467     |
| h          | 0.030634     | 0.024954     | 0.001396     |
| conf       | 0.983535     | 0.831837     | 0.750555     |
| cls        | 0.001226     | 0.009366     | 0.000643     |
| cls_acc    | 100.00%      | 100.00%      | 100.00%      |
| recall50   | 0.666667     | 1.000000     | 1.000000     |
| recall75   | 0.666667     | 0.666667     | 0.333333     |
| precision  | 1.000000     | 0.500000     | 0.300000     |
| conf_obj   | 0.732210     | 0.813915     | 0.928617     |
| conf_noobj | 0.005314     | 0.005585     | 0.006232     |
+------------+--------------+--------------+--------------+
Total loss 2.9607887268066406
---- ETA 0:00:00

---- Evaluating Model ----
+-------+------------+---------+
| Index | Class name | AP      |
+-------+------------+---------+
| 0     | vein       | 0.95238 |
+-------+------------+---------+
---- mAP 0.9523809523809523

---- [Epoch 17/40, Batch 15/16] ----
+------------+--------------+--------------+--------------+
| Metrics    | YOLO Layer 0 | YOLO Layer 1 | YOLO Layer 2 |
+------------+--------------+--------------+--------------+
| grid_size  | 10           | 20           | 40           |
| loss       | 2.454076     | 1.925334     | 1.018195     |
| x          | 0.074037     | 0.065902     | 0.078200     |
| y          | 0.057019     | 0.035440     | 0.074646     |
| w          | 0.020849     | 0.046018     | 0.054342     |
| h          | 0.183940     | 0.025026     | 0.023231     |
| conf       | 2.117996     | 1.751041     | 0.786542     |
| cls        | 0.000235     | 0.001907     | 0.001235     |
| cls_acc    | 100.00%      | 100.00%      | 100.00%      |
| recall50   | 0.666667     | 0.666667     | 1.000000     |
| recall75   | 0.333333     | 0.666667     | 0.333333     |
| precision  | 0.666667     | 0.400000     | 0.500000     |
| conf_obj   | 0.600696     | 0.495280     | 0.868993     |
| conf_noobj | 0.004129     | 0.005185     | 0.005783     |
+------------+--------------+--------------+--------------+
Total loss 5.397605895996094
---- ETA 0:00:00

---- Evaluating Model ----
+-------+------------+---------+
| Index | Class name | AP      |
+-------+------------+---------+
| 0     | vein       | 0.93333 |
+-------+------------+---------+
---- mAP 0.9333333333333332

---- [Epoch 18/40, Batch 15/16] ----
+------------+--------------+--------------+--------------+
| Metrics    | YOLO Layer 0 | YOLO Layer 1 | YOLO Layer 2 |
+------------+--------------+--------------+--------------+
| grid_size  | 10           | 20           | 40           |
| loss       | 0.909588     | 0.859392     | 0.886527     |
| x          | 0.011224     | 0.022761     | 0.025607     |
| y          | 0.008417     | 0.040832     | 0.047222     |
| w          | 0.010273     | 0.010571     | 0.017455     |
| h          | 0.031754     | 0.016989     | 0.012952     |
| conf       | 0.846941     | 0.766517     | 0.782085     |
| cls        | 0.000980     | 0.001721     | 0.001206     |
| cls_acc    | 100.00%      | 100.00%      | 100.00%      |
| recall50   | 0.666667     | 1.000000     | 1.000000     |
| recall75   | 0.666667     | 0.666667     | 1.000000     |
| precision  | 1.000000     | 0.750000     | 0.500000     |
| conf_obj   | 0.657120     | 0.745119     | 0.822197     |
| conf_noobj | 0.003161     | 0.004064     | 0.005238     |
+------------+--------------+--------------+--------------+
Total loss 2.6555070877075195
---- ETA 0:00:00

---- Evaluating Model ----
+-------+------------+---------+
| Index | Class name | AP      |
+-------+------------+---------+
| 0     | vein       | 0.81579 |
+-------+------------+---------+
---- mAP 0.8157894736842105

---- [Epoch 19/40, Batch 15/16] ----
+------------+--------------+--------------+--------------+
| Metrics    | YOLO Layer 0 | YOLO Layer 1 | YOLO Layer 2 |
+------------+--------------+--------------+--------------+
| grid_size  | 12           | 24           | 48           |
| loss       | 0.612293     | 0.817030     | 1.118805     |
| x          | 0.037690     | 0.051871     | 0.023677     |
| y          | 0.052361     | 0.008188     | 0.037500     |
| w          | 0.026467     | 0.041322     | 0.016000     |
| h          | 0.054405     | 0.034562     | 0.080578     |
| conf       | 0.440783     | 0.679577     | 0.960656     |
| cls        | 0.000586     | 0.001509     | 0.000393     |
| cls_acc    | 100.00%      | 100.00%      | 100.00%      |
| recall50   | 1.000000     | 1.000000     | 1.000000     |
| recall75   | 0.333333     | 0.666667     | 0.000000     |
| precision  | 1.000000     | 0.375000     | 0.187500     |
| conf_obj   | 0.792304     | 0.879265     | 0.859828     |
| conf_noobj | 0.001934     | 0.004103     | 0.005955     |
+------------+--------------+--------------+--------------+
Total loss 2.548126697540283
---- ETA 0:00:00

---- Evaluating Model ----
+-------+------------+---------+
| Index | Class name | AP      |
+-------+------------+---------+
| 0     | vein       | 0.89205 |
+-------+------------+---------+
---- mAP 0.8920454545454546

---- [Epoch 20/40, Batch 15/16] ----
+------------+--------------+--------------+--------------+
| Metrics    | YOLO Layer 0 | YOLO Layer 1 | YOLO Layer 2 |
+------------+--------------+--------------+--------------+
| grid_size  | 14           | 28           | 56           |
| loss       | 1.533561     | 0.982371     | 1.121554     |
| x          | 0.007502     | 0.102759     | 0.182208     |
| y          | 0.163036     | 0.008655     | 0.004359     |
| w          | 0.018587     | 0.080371     | 0.061030     |
| h          | 0.005062     | 0.019510     | 0.046795     |
| conf       | 1.338408     | 0.767555     | 0.826649     |
| cls        | 0.000966     | 0.003522     | 0.000512     |
| cls_acc    | 100.00%      | 100.00%      | 100.00%      |
| recall50   | 0.666667     | 1.000000     | 1.000000     |
| recall75   | 0.333333     | 0.333333     | 0.000000     |
| precision  | 0.500000     | 0.375000     | 0.200000     |
| conf_obj   | 0.661451     | 0.735208     | 0.804003     |
| conf_noobj | 0.004294     | 0.003628     | 0.004957     |
+------------+--------------+--------------+--------------+
Total loss 3.637485980987549
---- ETA 0:00:00

---- Evaluating Model ----
+-------+------------+---------+
| Index | Class name | AP      |
+-------+------------+---------+
| 0     | vein       | 1.00000 |
+-------+------------+---------+
---- mAP 1.0

---- [Epoch 21/40, Batch 15/16] ----
+------------+--------------+--------------+--------------+
| Metrics    | YOLO Layer 0 | YOLO Layer 1 | YOLO Layer 2 |
+------------+--------------+--------------+--------------+
| grid_size  | 10           | 20           | 40           |
| loss       | 0.533719     | 1.029714     | 0.828467     |
| x          | 0.014640     | 0.053772     | 0.058377     |
| y          | 0.070908     | 0.022272     | 0.015017     |
| w          | 0.010479     | 0.013075     | 0.008231     |
| h          | 0.023467     | 0.001828     | 0.002688     |
| conf       | 0.413810     | 0.935402     | 0.742523     |
| cls        | 0.000416     | 0.003365     | 0.001630     |
| cls_acc    | 100.00%      | 100.00%      | 100.00%      |
| recall50   | 1.000000     | 1.000000     | 1.000000     |
| recall75   | 0.333333     | 1.000000     | 1.000000     |
| precision  | 1.000000     | 0.375000     | 0.300000     |
| conf_obj   | 0.796237     | 0.807260     | 0.863545     |
| conf_noobj | 0.001725     | 0.005324     | 0.004757     |
+------------+--------------+--------------+--------------+
Total loss 2.391900062561035
---- ETA 0:00:00

---- Evaluating Model ----
+-------+------------+---------+
| Index | Class name | AP      |
+-------+------------+---------+
| 0     | vein       | 0.97619 |
+-------+------------+---------+
---- mAP 0.9761904761904763

---- [Epoch 22/40, Batch 15/16] ----
+------------+--------------+--------------+--------------+
| Metrics    | YOLO Layer 0 | YOLO Layer 1 | YOLO Layer 2 |
+------------+--------------+--------------+--------------+
| grid_size  | 14           | 28           | 56           |
| loss       | 0.374720     | 0.975548     | 0.836137     |
| x          | 0.045630     | 0.122346     | 0.060669     |
| y          | 0.031819     | 0.024669     | 0.010686     |
| w          | 0.034603     | 0.014028     | 0.004891     |
| h          | 0.013782     | 0.045659     | 0.008519     |
| conf       | 0.247347     | 0.766155     | 0.750719     |
| cls        | 0.001539     | 0.002690     | 0.000653     |
| cls_acc    | 100.00%      | 100.00%      | 100.00%      |
| recall50   | 1.000000     | 0.666667     | 1.000000     |
| recall75   | 0.333333     | 0.666667     | 1.000000     |
| precision  | 1.000000     | 0.400000     | 0.176471     |
| conf_obj   | 0.909407     | 0.740953     | 0.870331     |
| conf_noobj | 0.001501     | 0.003295     | 0.004677     |
+------------+--------------+--------------+--------------+
Total loss 2.1864047050476074
---- ETA 0:00:00

---- Evaluating Model ----
+-------+------------+---------+
| Index | Class name | AP      |
+-------+------------+---------+
| 0     | vein       | 1.00000 |
+-------+------------+---------+
---- mAP 1.0

---- [Epoch 23/40, Batch 15/16] ----
+------------+--------------+--------------+--------------+
| Metrics    | YOLO Layer 0 | YOLO Layer 1 | YOLO Layer 2 |
+------------+--------------+--------------+--------------+
| grid_size  | 15           | 30           | 60           |
| loss       | 0.332154     | 0.811280     | 0.922368     |
| x          | 0.015939     | 0.046301     | 0.159216     |
| y          | 0.097555     | 0.148399     | 0.084466     |
| w          | 0.047210     | 0.017375     | 0.009592     |
| h          | 0.003211     | 0.021682     | 0.003528     |
| conf       | 0.166952     | 0.577200     | 0.665419     |
| cls        | 0.001287     | 0.000323     | 0.000148     |
| cls_acc    | 100.00%      | 100.00%      | 100.00%      |
| recall50   | 1.000000     | 1.000000     | 1.000000     |
| recall75   | 0.333333     | 0.666667     | 1.000000     |
| precision  | 1.000000     | 0.375000     | 0.166667     |
| conf_obj   | 0.959316     | 0.877705     | 0.931906     |
| conf_noobj | 0.001235     | 0.003079     | 0.004327     |
+------------+--------------+--------------+--------------+
Total loss 2.065803050994873
---- ETA 0:00:00

---- Evaluating Model ----
+-------+------------+---------+
| Index | Class name | AP      |
+-------+------------+---------+
| 0     | vein       | 1.00000 |
+-------+------------+---------+
---- mAP 1.0

---- [Epoch 24/40, Batch 15/16] ----
+------------+--------------+--------------+--------------+
| Metrics    | YOLO Layer 0 | YOLO Layer 1 | YOLO Layer 2 |
+------------+--------------+--------------+--------------+
| grid_size  | 16           | 32           | 64           |
| loss       | 1.039391     | 0.865159     | 1.078160     |
| x          | 0.011916     | 0.020733     | 0.124407     |
| y          | 0.066941     | 0.089514     | 0.082820     |
| w          | 0.068106     | 0.039151     | 0.099141     |
| h          | 0.056144     | 0.052813     | 0.155743     |
| conf       | 0.835245     | 0.662767     | 0.614853     |
| cls        | 0.001040     | 0.000182     | 0.001196     |
| cls_acc    | 100.00%      | 100.00%      | 100.00%      |
| recall50   | 1.000000     | 1.000000     | 1.000000     |
| recall75   | 0.000000     | 0.333333     | 0.000000     |
| precision  | 0.500000     | 0.375000     | 0.176471     |
| conf_obj   | 0.940939     | 0.865168     | 0.911797     |
| conf_noobj | 0.004089     | 0.003556     | 0.004221     |
+------------+--------------+--------------+--------------+
Total loss 2.98271107673645
---- ETA 0:00:00

---- Evaluating Model ----
+-------+------------+---------+
| Index | Class name | AP      |
+-------+------------+---------+
| 0     | vein       | 0.73138 |
+-------+------------+---------+
---- mAP 0.7313803914187545

---- [Epoch 25/40, Batch 15/16] ----
+------------+--------------+--------------+--------------+
| Metrics    | YOLO Layer 0 | YOLO Layer 1 | YOLO Layer 2 |
+------------+--------------+--------------+--------------+
| grid_size  | 15           | 30           | 60           |
| loss       | 3.073630     | 1.219511     | 0.782564     |
| x          | 0.021925     | 0.041458     | 0.085640     |
| y          | 0.279542     | 0.045651     | 0.020250     |
| w          | 0.111057     | 0.014700     | 0.059930     |
| h          | 0.194584     | 0.109309     | 0.033758     |
| conf       | 2.465152     | 1.007859     | 0.581811     |
| cls        | 0.001370     | 0.000536     | 0.001176     |
| cls_acc    | 100.00%      | 100.00%      | 100.00%      |
| recall50   | 0.666667     | 0.666667     | 1.000000     |
| recall75   | 0.000000     | 0.333333     | 0.333333     |
| precision  | 0.666667     | 0.200000     | 0.214286     |
| conf_obj   | 0.475399     | 0.697611     | 0.892457     |
| conf_noobj | 0.002753     | 0.003505     | 0.003713     |
+------------+--------------+--------------+--------------+
Total loss 5.075705528259277
---- ETA 0:00:00

---- Evaluating Model ----
+-------+------------+---------+
| Index | Class name | AP      |
+-------+------------+---------+
| 0     | vein       | 1.00000 |
+-------+------------+---------+
---- mAP 1.0

---- [Epoch 26/40, Batch 15/16] ----
+------------+--------------+--------------+--------------+
| Metrics    | YOLO Layer 0 | YOLO Layer 1 | YOLO Layer 2 |
+------------+--------------+--------------+--------------+
| grid_size  | 15           | 30           | 60           |
| loss       | 0.527235     | 0.660722     | 0.674451     |
| x          | 0.041834     | 0.017910     | 0.106514     |
| y          | 0.067351     | 0.022310     | 0.023787     |
| w          | 0.058940     | 0.025900     | 0.005799     |
| h          | 0.011298     | 0.045846     | 0.006186     |
| conf       | 0.345297     | 0.548547     | 0.531849     |
| cls        | 0.002515     | 0.000209     | 0.000316     |
| cls_acc    | 100.00%      | 100.00%      | 100.00%      |
| recall50   | 1.000000     | 1.000000     | 1.000000     |
| recall75   | 0.666667     | 0.666667     | 1.000000     |
| precision  | 1.000000     | 0.500000     | 0.187500     |
| conf_obj   | 0.891434     | 0.863240     | 0.950162     |
| conf_noobj | 0.002144     | 0.002686     | 0.003537     |
+------------+--------------+--------------+--------------+
Total loss 1.8624087572097778
---- ETA 0:00:00

---- Evaluating Model ----
+-------+------------+---------+
| Index | Class name | AP      |
+-------+------------+---------+
| 0     | vein       | 1.00000 |
+-------+------------+---------+
---- mAP 1.0

---- [Epoch 27/40, Batch 15/16] ----
+------------+--------------+--------------+--------------+
| Metrics    | YOLO Layer 0 | YOLO Layer 1 | YOLO Layer 2 |
+------------+--------------+--------------+--------------+
| grid_size  | 11           | 22           | 44           |
| loss       | 0.640620     | 0.623090     | 0.560523     |
| x          | 0.003456     | 0.014334     | 0.047825     |
| y          | 0.047838     | 0.051684     | 0.011719     |
| w          | 0.113979     | 0.039503     | 0.052054     |
| h          | 0.006952     | 0.012823     | 0.000806     |
| conf       | 0.466461     | 0.502537     | 0.447411     |
| cls        | 0.001934     | 0.002210     | 0.000707     |
| cls_acc    | 100.00%      | 100.00%      | 100.00%      |
| recall50   | 1.000000     | 1.000000     | 1.000000     |
| recall75   | 0.666667     | 0.666667     | 0.666667     |
| precision  | 1.000000     | 0.750000     | 0.428571     |
| conf_obj   | 0.790694     | 0.804394     | 0.928272     |
| conf_noobj | 0.001795     | 0.002470     | 0.003175     |
+------------+--------------+--------------+--------------+
Total loss 1.824232578277588
---- ETA 0:00:00

---- Evaluating Model ----
+-------+------------+---------+
| Index | Class name | AP      |
+-------+------------+---------+
| 0     | vein       | 0.95000 |
+-------+------------+---------+
---- mAP 0.95

---- [Epoch 28/40, Batch 15/16] ----
+------------+--------------+--------------+--------------+
| Metrics    | YOLO Layer 0 | YOLO Layer 1 | YOLO Layer 2 |
+------------+--------------+--------------+--------------+
| grid_size  | 12           | 24           | 48           |
| loss       | 0.242325     | 0.720326     | 0.672155     |
| x          | 0.012635     | 0.065149     | 0.017024     |
| y          | 0.034319     | 0.022902     | 0.010677     |
| w          | 0.045151     | 0.002613     | 0.004196     |
| h          | 0.012683     | 0.017289     | 0.002780     |
| conf       | 0.136896     | 0.611533     | 0.634831     |
| cls        | 0.000641     | 0.000840     | 0.002646     |
| cls_acc    | 100.00%      | 100.00%      | 100.00%      |
| recall50   | 1.000000     | 1.000000     | 1.000000     |
| recall75   | 0.333333     | 0.666667     | 1.000000     |
| precision  | 1.000000     | 0.500000     | 0.300000     |
| conf_obj   | 0.965883     | 0.922850     | 0.826402     |
| conf_noobj | 0.001007     | 0.003495     | 0.003305     |
+------------+--------------+--------------+--------------+
Total loss 1.6348057985305786
---- ETA 0:00:00

---- Evaluating Model ----
+-------+------------+---------+
| Index | Class name | AP      |
+-------+------------+---------+
| 0     | vein       | 0.98810 |
+-------+------------+---------+
---- mAP 0.9880952380952381

---- [Epoch 29/40, Batch 15/16] ----
+------------+--------------+--------------+--------------+
| Metrics    | YOLO Layer 0 | YOLO Layer 1 | YOLO Layer 2 |
+------------+--------------+--------------+--------------+
| grid_size  | 10           | 20           | 40           |
| loss       | 1.071231     | 1.066569     | 0.841485     |
| x          | 0.010436     | 0.019604     | 0.073920     |
| y          | 0.017857     | 0.115631     | 0.110820     |
| w          | 0.136971     | 0.003344     | 0.006673     |
| h          | 0.190321     | 0.213510     | 0.113289     |
| conf       | 0.712182     | 0.711296     | 0.534610     |
| cls        | 0.003463     | 0.003184     | 0.002173     |
| cls_acc    | 100.00%      | 100.00%      | 100.00%      |
| recall50   | 1.000000     | 1.000000     | 1.000000     |
| recall75   | 0.666667     | 0.333333     | 0.000000     |
| precision  | 1.000000     | 0.500000     | 0.600000     |
| conf_obj   | 0.631546     | 0.847437     | 0.813329     |
| conf_noobj | 0.002230     | 0.004014     | 0.002841     |
+------------+--------------+--------------+--------------+
Total loss 2.979285717010498
---- ETA 0:00:00

---- Evaluating Model ----
+-------+------------+---------+
| Index | Class name | AP      |
+-------+------------+---------+
| 0     | vein       | 0.87755 |
+-------+------------+---------+
---- mAP 0.8775495337995338

---- [Epoch 30/40, Batch 15/16] ----
+------------+--------------+--------------+--------------+
| Metrics    | YOLO Layer 0 | YOLO Layer 1 | YOLO Layer 2 |
+------------+--------------+--------------+--------------+
| grid_size  | 10           | 20           | 40           |
| loss       | 0.590886     | 0.720110     | 0.555154     |
| x          | 0.044564     | 0.068548     | 0.008114     |
| y          | 0.058240     | 0.003351     | 0.034763     |
| w          | 0.014649     | 0.012535     | 0.017719     |
| h          | 0.011758     | 0.047160     | 0.027578     |
| conf       | 0.461128     | 0.587395     | 0.465385     |
| cls        | 0.000546     | 0.001121     | 0.001595     |
| cls_acc    | 100.00%      | 100.00%      | 100.00%      |
| recall50   | 1.000000     | 1.000000     | 1.000000     |
| recall75   | 0.333333     | 0.666667     | 1.000000     |
| precision  | 0.750000     | 0.750000     | 0.428571     |
| conf_obj   | 0.868908     | 0.787013     | 0.958391     |
| conf_noobj | 0.002480     | 0.002723     | 0.003247     |
+------------+--------------+--------------+--------------+
Total loss 1.866149663925171
---- ETA 0:00:00

---- Evaluating Model ----
+-------+------------+---------+
| Index | Class name | AP      |
+-------+------------+---------+
| 0     | vein       | 0.86667 |
+-------+------------+---------+
---- mAP 0.8666666666666666

---- [Epoch 31/40, Batch 15/16] ----
+------------+--------------+--------------+--------------+
| Metrics    | YOLO Layer 0 | YOLO Layer 1 | YOLO Layer 2 |
+------------+--------------+--------------+--------------+
| grid_size  | 13           | 26           | 52           |
| loss       | 0.763621     | 0.783844     | 0.838818     |
| x          | 0.011639     | 0.006315     | 0.013450     |
| y          | 0.015077     | 0.063631     | 0.125363     |
| w          | 0.003049     | 0.013519     | 0.065814     |
| h          | 0.007253     | 0.092742     | 0.017053     |
| conf       | 0.726361     | 0.605851     | 0.616865     |
| cls        | 0.000241     | 0.001786     | 0.000272     |
| cls_acc    | 100.00%      | 100.00%      | 100.00%      |
| recall50   | 0.666667     | 1.000000     | 1.000000     |
| recall75   | 0.666667     | 0.666667     | 0.333333     |
| precision  | 0.666667     | 0.375000     | 0.250000     |
| conf_obj   | 0.652663     | 0.848355     | 0.859955     |
| conf_noobj | 0.002200     | 0.002939     | 0.003051     |
+------------+--------------+--------------+--------------+
Total loss 2.386282205581665
---- ETA 0:00:00

---- Evaluating Model ----
+-------+------------+---------+
| Index | Class name | AP      |
+-------+------------+---------+
| 0     | vein       | 1.00000 |
+-------+------------+---------+
---- mAP 1.0

---- [Epoch 32/40, Batch 15/16] ----
+------------+--------------+--------------+--------------+
| Metrics    | YOLO Layer 0 | YOLO Layer 1 | YOLO Layer 2 |
+------------+--------------+--------------+--------------+
| grid_size  | 12           | 24           | 48           |
| loss       | 0.776001     | 0.598577     | 0.591406     |
| x          | 0.020221     | 0.024605     | 0.003367     |
| y          | 0.173252     | 0.034522     | 0.049512     |
| w          | 0.016407     | 0.031618     | 0.002754     |
| h          | 0.002217     | 0.011496     | 0.008165     |
| conf       | 0.563699     | 0.495276     | 0.526882     |
| cls        | 0.000205     | 0.001060     | 0.000728     |
| cls_acc    | 100.00%      | 100.00%      | 100.00%      |
| recall50   | 1.000000     | 1.000000     | 1.000000     |
| recall75   | 0.000000     | 1.000000     | 1.000000     |
| precision  | 0.750000     | 0.500000     | 0.300000     |
| conf_obj   | 0.937362     | 0.806993     | 0.887316     |
| conf_noobj | 0.002608     | 0.002226     | 0.002954     |
+------------+--------------+--------------+--------------+
Total loss 1.9659837484359741
---- ETA 0:00:00

---- Evaluating Model ----
+-------+------------+---------+
| Index | Class name | AP      |
+-------+------------+---------+
| 0     | vein       | 0.98810 |
+-------+------------+---------+
---- mAP 0.9880952380952381

---- [Epoch 33/40, Batch 15/16] ----
+------------+--------------+--------------+--------------+
| Metrics    | YOLO Layer 0 | YOLO Layer 1 | YOLO Layer 2 |
+------------+--------------+--------------+--------------+
| grid_size  | 11           | 22           | 44           |
| loss       | 2.238872     | 0.595134     | 0.582073     |
| x          | 0.015094     | 0.006289     | 0.034736     |
| y          | 0.030474     | 0.007222     | 0.015401     |
| w          | 0.038473     | 0.007693     | 0.005364     |
| h          | 0.077560     | 0.015858     | 0.001693     |
| conf       | 2.076894     | 0.557651     | 0.524332     |
| cls        | 0.000378     | 0.000421     | 0.000546     |
| cls_acc    | 100.00%      | 100.00%      | 100.00%      |
| recall50   | 0.666667     | 1.000000     | 1.000000     |
| recall75   | 0.000000     | 1.000000     | 1.000000     |
| precision  | 0.666667     | 0.500000     | 0.375000     |
| conf_obj   | 0.629830     | 0.774799     | 0.850410     |
| conf_noobj | 0.003348     | 0.002333     | 0.002557     |
+------------+--------------+--------------+--------------+
Total loss 3.416079521179199
---- ETA 0:00:00

---- Evaluating Model ----
+-------+------------+---------+
| Index | Class name | AP      |
+-------+------------+---------+
| 0     | vein       | 1.00000 |
+-------+------------+---------+
---- mAP 1.0

---- [Epoch 34/40, Batch 15/16] ----
+------------+--------------+--------------+--------------+
| Metrics    | YOLO Layer 0 | YOLO Layer 1 | YOLO Layer 2 |
+------------+--------------+--------------+--------------+
| grid_size  | 10           | 20           | 40           |
| loss       | 0.367304     | 0.558796     | 0.492302     |
| x          | 0.049095     | 0.045226     | 0.028852     |
| y          | 0.077931     | 0.028687     | 0.008660     |
| w          | 0.019393     | 0.000322     | 0.002499     |
| h          | 0.005335     | 0.019552     | 0.008447     |
| conf       | 0.215008     | 0.464084     | 0.443180     |
| cls        | 0.000542     | 0.000925     | 0.000665     |
| cls_acc    | 100.00%      | 100.00%      | 100.00%      |
| recall50   | 1.000000     | 1.000000     | 1.000000     |
| recall75   | 0.333333     | 0.666667     | 1.000000     |
| precision  | 1.000000     | 0.600000     | 0.500000     |
| conf_obj   | 0.891695     | 0.905569     | 0.939037     |
| conf_noobj | 0.000986     | 0.002817     | 0.002574     |
+------------+--------------+--------------+--------------+
Total loss 1.418402075767517
---- ETA 0:00:00

---- Evaluating Model ----
+-------+------------+---------+
| Index | Class name | AP      |
+-------+------------+---------+
| 0     | vein       | 1.00000 |
+-------+------------+---------+
---- mAP 1.0

---- [Epoch 35/40, Batch 15/16] ----
+------------+--------------+--------------+--------------+
| Metrics    | YOLO Layer 0 | YOLO Layer 1 | YOLO Layer 2 |
+------------+--------------+--------------+--------------+
| grid_size  | 14           | 28           | 56           |
| loss       | 0.311634     | 0.615216     | 0.625263     |
| x          | 0.063551     | 0.020717     | 0.173755     |
| y          | 0.071309     | 0.004722     | 0.053325     |
| w          | 0.025682     | 0.037952     | 0.047803     |
| h          | 0.014901     | 0.040575     | 0.003141     |
| conf       | 0.135421     | 0.511058     | 0.347160     |
| cls        | 0.000769     | 0.000192     | 0.000079     |
| cls_acc    | 100.00%      | 100.00%      | 100.00%      |
| recall50   | 1.000000     | 1.000000     | 1.000000     |
| recall75   | 0.333333     | 0.333333     | 0.666667     |
| precision  | 1.000000     | 0.500000     | 0.333333     |
| conf_obj   | 0.968471     | 0.888678     | 0.956017     |
| conf_noobj | 0.001017     | 0.002220     | 0.002156     |
+------------+--------------+--------------+--------------+
Total loss 1.5521131753921509
---- ETA 0:00:00

---- Evaluating Model ----
+-------+------------+---------+
| Index | Class name | AP      |
+-------+------------+---------+
| 0     | vein       | 0.97619 |
+-------+------------+---------+
---- mAP 0.9761904761904763

---- [Epoch 36/40, Batch 15/16] ----
+------------+--------------+--------------+--------------+
| Metrics    | YOLO Layer 0 | YOLO Layer 1 | YOLO Layer 2 |
+------------+--------------+--------------+--------------+
| grid_size  | 11           | 22           | 44           |
| loss       | 0.693869     | 0.401004     | 0.340193     |
| x          | 0.001411     | 0.040617     | 0.034800     |
| y          | 0.036152     | 0.024569     | 0.004016     |
| w          | 0.043705     | 0.022466     | 0.004365     |
| h          | 0.009531     | 0.012534     | 0.006677     |
| conf       | 0.602347     | 0.300606     | 0.290218     |
| cls        | 0.000723     | 0.000212     | 0.000117     |
| cls_acc    | 100.00%      | 100.00%      | 100.00%      |
| recall50   | 0.666667     | 1.000000     | 1.000000     |
| recall75   | 0.333333     | 0.666667     | 1.000000     |
| precision  | 0.666667     | 0.750000     | 0.500000     |
| conf_obj   | 0.786019     | 0.872612     | 0.971513     |
| conf_noobj | 0.002154     | 0.001438     | 0.002123     |
+------------+--------------+--------------+--------------+
Total loss 1.4350661039352417
---- ETA 0:00:00

---- Evaluating Model ----
+-------+------------+---------+
| Index | Class name | AP      |
+-------+------------+---------+
| 0     | vein       | 0.98115 |
+-------+------------+---------+
---- mAP 0.9811507936507937

---- [Epoch 37/40, Batch 15/16] ----
+------------+--------------+--------------+--------------+
| Metrics    | YOLO Layer 0 | YOLO Layer 1 | YOLO Layer 2 |
+------------+--------------+--------------+--------------+
| grid_size  | 16           | 32           | 64           |
| loss       | 0.807437     | 0.543508     | 0.576425     |
| x          | 0.009333     | 0.080463     | 0.062080     |
| y          | 0.291297     | 0.028010     | 0.072236     |
| w          | 0.052028     | 0.008342     | 0.032173     |
| h          | 0.114188     | 0.011006     | 0.006408     |
| conf       | 0.339692     | 0.415588     | 0.403491     |
| cls        | 0.000898     | 0.000097     | 0.000039     |
| cls_acc    | 100.00%      | 100.00%      | 100.00%      |
| recall50   | 1.000000     | 1.000000     | 1.000000     |
| recall75   | 0.000000     | 1.000000     | 0.666667     |
| precision  | 0.750000     | 0.428571     | 0.214286     |
| conf_obj   | 0.942947     | 0.965095     | 0.963164     |
| conf_noobj | 0.002102     | 0.002028     | 0.002358     |
+------------+--------------+--------------+--------------+
Total loss 1.9273699522018433
---- ETA 0:00:00

---- Evaluating Model ----
+-------+------------+---------+
| Index | Class name | AP      |
+-------+------------+---------+
| 0     | vein       | 0.84583 |
+-------+------------+---------+
---- mAP 0.8458333333333333

---- [Epoch 38/40, Batch 15/16] ----
+------------+--------------+--------------+--------------+
| Metrics    | YOLO Layer 0 | YOLO Layer 1 | YOLO Layer 2 |
+------------+--------------+--------------+--------------+
| grid_size  | 12           | 24           | 48           |
| loss       | 0.495473     | 0.539052     | 0.474532     |
| x          | 0.019058     | 0.030094     | 0.028546     |
| y          | 0.127447     | 0.062967     | 0.009397     |
| w          | 0.074936     | 0.011500     | 0.012177     |
| h          | 0.008037     | 0.011586     | 0.002058     |
| conf       | 0.265417     | 0.422061     | 0.421899     |
| cls        | 0.000578     | 0.000843     | 0.000455     |
| cls_acc    | 100.00%      | 100.00%      | 100.00%      |
| recall50   | 1.000000     | 1.000000     | 1.000000     |
| recall75   | 0.333333     | 1.000000     | 1.000000     |
| precision  | 1.000000     | 0.600000     | 0.300000     |
| conf_obj   | 0.926566     | 0.926519     | 0.932575     |
| conf_noobj | 0.001762     | 0.002625     | 0.002521     |
+------------+--------------+--------------+--------------+
Total loss 1.5090570449829102
---- ETA 0:00:00

---- Evaluating Model ----
+-------+------------+---------+
| Index | Class name | AP      |
+-------+------------+---------+
| 0     | vein       | 1.00000 |
+-------+------------+---------+
---- mAP 1.0

---- [Epoch 39/40, Batch 15/16] ----
+------------+--------------+--------------+--------------+
| Metrics    | YOLO Layer 0 | YOLO Layer 1 | YOLO Layer 2 |
+------------+--------------+--------------+--------------+
| grid_size  | 12           | 24           | 48           |
| loss       | 0.643705     | 1.980477     | 0.683562     |
| x          | 0.002197     | 0.007742     | 0.109277     |
| y          | 0.079003     | 0.031012     | 0.026378     |
| w          | 0.028576     | 0.116177     | 0.002997     |
| h          | 0.009119     | 0.007551     | 0.002390     |
| conf       | 0.524284     | 1.816380     | 0.541867     |
| cls        | 0.000526     | 0.001616     | 0.000652     |
| cls_acc    | 100.00%      | 100.00%      | 100.00%      |
| recall50   | 1.000000     | 0.333333     | 1.000000     |
| recall75   | 0.666667     | 0.333333     | 1.000000     |
| precision  | 0.750000     | 0.166667     | 0.428571     |
| conf_obj   | 0.819555     | 0.441689     | 0.855959     |
| conf_noobj | 0.002105     | 0.002876     | 0.002233     |
+------------+--------------+--------------+--------------+
Total loss 3.307743787765503
---- ETA 0:00:00

---- Evaluating Model ----
+-------+------------+---------+
| Index | Class name | AP      |
+-------+------------+---------+
| 0     | vein       | 1.00000 |
+-------+------------+---------+
---- mAP 1.0
