Namespace(dataset_name='invivo_91', device='cpu', unet_ckpt='unet_ckpt_20.pth', yolo_ckpt='yolov3_ckpt_34.pth')

----------------------

Performing segmentation on ---> UNet/data/imgs/invivo_91/59.jpg ...
inference_time: 2.563352346420288s

Performing object detection on ---> UNet/data/imgs/invivo_91/59.jpg 	
inference_time: 0.4786345958709717s
Saving image with bbox in original image size - (754, 494):
	+ Label: vein, x1: 226.078, y1: 25.722, x2: 366.209, y2: 113.560, obj_conf: 0.99028, cls_conf: 0.99985
centroids_target: [(299, 54)]
centroids_unet: [(299, 68)]
centroids_yolo: [(296, 69)]
unet_target_errors: [14.0]
yolo_target_errors: [15.297058540778355]

----------------------

Performing segmentation on ---> UNet/data/imgs/invivo_91/98.jpg ...
inference_time: 2.488961696624756s

Performing object detection on ---> UNet/data/imgs/invivo_91/98.jpg 	
inference_time: 0.4249839782714844s
Saving image with bbox in original image size - (754, 494):
	+ Label: vein, x1: 43.299, y1: 1.357, x2: 174.589, y2: 71.861, obj_conf: 0.99516, cls_conf: 0.99997
we got more or less segemented regions than target regions
centroids_target: [(113, 32)]
centroids_unet: []
centroids_yolo: [(108, 36)]
unet_target_errors: []
yolo_target_errors: [6.4031242374328485]

----------------------

Performing segmentation on ---> UNet/data/imgs/invivo_91/68.jpg ...
inference_time: 2.5100722312927246s

Performing object detection on ---> UNet/data/imgs/invivo_91/68.jpg 	
inference_time: 0.5522565841674805s
Saving image with bbox in original image size - (754, 494):
	+ Label: vein, x1: 41.383, y1: 27.133, x2: 174.785, y2: 109.504, obj_conf: 0.98928, cls_conf: 0.99995
centroids_target: [(113, 59)]
centroids_unet: [(109, 61)]
centroids_yolo: [(108, 68)]
unet_target_errors: [4.47213595499958]
yolo_target_errors: [10.295630140987]

----------------------

Performing segmentation on ---> UNet/data/imgs/invivo_91/109.jpg ...
inference_time: 2.49890398979187s

Performing object detection on ---> UNet/data/imgs/invivo_91/109.jpg 	
inference_time: 0.571631908416748s
Saving image with bbox in original image size - (754, 494):
	+ Label: vein, x1: 162.461, y1: -2.711, x2: 258.528, y2: 46.649, obj_conf: 0.97070, cls_conf: 0.99936
centroids_target: [(215, 18)]
centroids_unet: [(215, 16)]
centroids_yolo: [(210, 21)]
unet_target_errors: [2.0]
yolo_target_errors: [5.830951894845301]

----------------------

Performing segmentation on ---> UNet/data/imgs/invivo_91/44.jpg ...
inference_time: 2.4443604946136475s

Performing object detection on ---> UNet/data/imgs/invivo_91/44.jpg 	
inference_time: 0.4343729019165039s
Saving image with bbox in original image size - (754, 494):
	+ Label: vein, x1: 146.815, y1: 37.460, x2: 298.063, y2: 133.355, obj_conf: 0.97388, cls_conf: 0.99991
centroids_target: [(227, 81)]
centroids_unet: [(228, 83)]
centroids_yolo: [(222, 85)]
unet_target_errors: [2.23606797749979]
yolo_target_errors: [6.4031242374328485]

----------------------

Performing segmentation on ---> UNet/data/imgs/invivo_91/101.jpg ...
inference_time: 2.4902021884918213s

Performing object detection on ---> UNet/data/imgs/invivo_91/101.jpg 	
inference_time: 0.4285612106323242s
Saving image with bbox in original image size - (754, 494):
	+ Label: vein, x1: 148.172, y1: 0.638, x2: 251.516, y2: 53.694, obj_conf: 0.95991, cls_conf: 0.99976
we got more or less segemented regions than target regions
centroids_target: [(204, 22)]
centroids_unet: []
centroids_yolo: [(199, 27)]
unet_target_errors: []
yolo_target_errors: [7.0710678118654755]

----------------------

Performing segmentation on ---> UNet/data/imgs/invivo_91/122.jpg ...
inference_time: 2.433812379837036s

Performing object detection on ---> UNet/data/imgs/invivo_91/122.jpg 	
inference_time: 0.42429590225219727s
Saving image with bbox in original image size - (754, 494):
	+ Label: vein, x1: 126.060, y1: -2.404, x2: 243.189, y2: 58.166, obj_conf: 0.98306, cls_conf: 0.99988
centroids_target: [(187, 25)]
centroids_unet: [(189, 23)]
centroids_yolo: [(184, 27)]
unet_target_errors: [2.8284271247461903]
yolo_target_errors: [3.605551275463989]

----------------------

Performing segmentation on ---> UNet/data/imgs/invivo_91/23.jpg ...
inference_time: 2.5099146366119385s

Performing object detection on ---> UNet/data/imgs/invivo_91/23.jpg 	
inference_time: 0.43009281158447266s
Saving image with bbox in original image size - (754, 494):
	+ Label: vein, x1: 207.596, y1: 32.225, x2: 333.109, y2: 110.263, obj_conf: 0.98744, cls_conf: 0.99978
centroids_target: [(280, 68)]
centroids_unet: [(274, 70)]
centroids_yolo: [(270, 71)]
unet_target_errors: [6.324555320336759]
yolo_target_errors: [10.44030650891055]

----------------------

Performing segmentation on ---> UNet/data/imgs/invivo_91/97.jpg ...
inference_time: 2.4333529472351074s

Performing object detection on ---> UNet/data/imgs/invivo_91/97.jpg 	
inference_time: 0.4296424388885498s
Saving image with bbox in original image size - (754, 494):
	+ Label: vein, x1: 5.616, y1: -4.286, x2: 139.820, y2: 70.990, obj_conf: 0.99637, cls_conf: 0.99999
we got more or less segemented regions than target regions
centroids_target: [(72, 30)]
centroids_unet: []
centroids_yolo: [(72, 33)]
unet_target_errors: []
yolo_target_errors: [3.0]

----------------------

Performing segmentation on ---> UNet/data/imgs/invivo_91/80.jpg ...
inference_time: 2.68552565574646s

Performing object detection on ---> UNet/data/imgs/invivo_91/80.jpg 	
inference_time: 0.42039012908935547s
Saving image with bbox in original image size - (754, 494):
	+ Label: vein, x1: 172.577, y1: 8.311, x2: 306.091, y2: 93.912, obj_conf: 0.98199, cls_conf: 0.99965
centroids_target: [(254, 41)]
centroids_unet: [(253, 45)]
centroids_yolo: [(239, 51)]
unet_target_errors: [4.123105625617661]
yolo_target_errors: [18.027756377319946]

----------------------

Performing segmentation on ---> UNet/data/imgs/invivo_91/103.jpg ...
inference_time: 2.436629056930542s

Performing object detection on ---> UNet/data/imgs/invivo_91/103.jpg 	
inference_time: 0.43279075622558594s
Saving image with bbox in original image size - (754, 494):
	+ Label: vein, x1: 160.459, y1: 0.991, x2: 267.520, y2: 56.012, obj_conf: 0.97305, cls_conf: 0.99985
centroids_target: [(219, 23)]
centroids_unet: [(225, 24)]
centroids_yolo: [(213, 28)]
unet_target_errors: [6.082762530298219]
yolo_target_errors: [7.810249675906654]

----------------------

Performing segmentation on ---> UNet/data/imgs/invivo_91/18.jpg ...
inference_time: 2.496211528778076s

Performing object detection on ---> UNet/data/imgs/invivo_91/18.jpg 	
inference_time: 0.4231538772583008s
Saving image with bbox in original image size - (754, 494):
	+ Label: vein, x1: 246.890, y1: 34.237, x2: 366.178, y2: 117.327, obj_conf: 0.96879, cls_conf: 0.99973
centroids_target: [(318, 73)]
centroids_unet: [(317, 73)]
centroids_yolo: [(306, 75)]
unet_target_errors: [1.0]
yolo_target_errors: [12.165525060596439]

----------------------

Performing segmentation on ---> UNet/data/imgs/invivo_91/41.jpg ...
inference_time: 2.4382243156433105s

Performing object detection on ---> UNet/data/imgs/invivo_91/41.jpg 	
inference_time: 0.433696985244751s
Saving image with bbox in original image size - (754, 494):
	+ Label: vein, x1: 122.663, y1: 26.060, x2: 260.782, y2: 119.968, obj_conf: 0.97864, cls_conf: 0.99958
centroids_target: [(200, 74)]
centroids_unet: [(196, 74)]
centroids_yolo: [(191, 73)]
unet_target_errors: [4.0]
yolo_target_errors: [9.055385138137417]

----------------------

Performing segmentation on ---> UNet/data/imgs/invivo_91/99.jpg ...
inference_time: 2.49007511138916s

Performing object detection on ---> UNet/data/imgs/invivo_91/99.jpg 	
inference_time: 0.43837594985961914s
Saving image with bbox in original image size - (754, 494):
	+ Label: vein, x1: 94.897, y1: 1.106, x2: 227.147, y2: 70.847, obj_conf: 0.99438, cls_conf: 0.99997
centroids_target: [(160, 32)]
centroids_unet: [(159, 30)]
centroids_yolo: [(161, 35)]
unet_target_errors: [2.23606797749979]
yolo_target_errors: [3.1622776601683795]

----------------------

Performing segmentation on ---> UNet/data/imgs/invivo_91/90.jpg ...
inference_time: 2.9531233310699463s

Performing object detection on ---> UNet/data/imgs/invivo_91/90.jpg 	
inference_time: 0.7021973133087158s
Saving image with bbox in original image size - (754, 494):
	+ Label: vein, x1: 301.809, y1: -2.388, x2: 426.809, y2: 57.272, obj_conf: 0.99098, cls_conf: 0.99996
centroids_target: [(370, 22)]
centroids_unet: [(371, 23)]
centroids_yolo: [(364, 27)]
unet_target_errors: [1.4142135623730951]
yolo_target_errors: [7.810249675906654]

----------------------

Performing segmentation on ---> UNet/data/imgs/invivo_91/125.jpg ...
inference_time: 3.495429754257202s

Performing object detection on ---> UNet/data/imgs/invivo_91/125.jpg 	
inference_time: 0.4405367374420166s
Saving image with bbox in original image size - (754, 494):
	+ Label: vein, x1: 165.556, y1: -2.075, x2: 258.151, y2: 46.579, obj_conf: 0.95564, cls_conf: 0.99933
centroids_target: [(218, 17)]
centroids_unet: [(220, 15)]
centroids_yolo: [(211, 22)]
unet_target_errors: [2.8284271247461903]
yolo_target_errors: [8.602325267042627]

----------------------

Performing segmentation on ---> UNet/data/imgs/invivo_91/58.jpg ...
inference_time: 2.41933274269104s

Performing object detection on ---> UNet/data/imgs/invivo_91/58.jpg 	
inference_time: 0.45263147354125977s
Saving image with bbox in original image size - (754, 494):
	+ Label: vein, x1: 218.608, y1: 23.778, x2: 364.879, y2: 125.940, obj_conf: 0.98698, cls_conf: 0.99978
centroids_target: [(296, 69)]
centroids_unet: [(297, 78)]
centroids_yolo: [(291, 74)]
unet_target_errors: [9.055385138137417]
yolo_target_errors: [7.0710678118654755]

----------------------

Performing segmentation on ---> UNet/data/imgs/invivo_91/86.jpg ...
inference_time: 2.46181583404541s

Performing object detection on ---> UNet/data/imgs/invivo_91/86.jpg 	
inference_time: 0.4369363784790039s
Saving image with bbox in original image size - (754, 494):
	+ Label: vein, x1: 342.251, y1: -2.125, x2: 466.123, y2: 63.597, obj_conf: 0.98544, cls_conf: 0.99992
we got more or less segemented regions than target regions
centroids_target: [(406, 27)]
centroids_unet: []
centroids_yolo: [(404, 30)]
unet_target_errors: []
yolo_target_errors: [3.605551275463989]

----------------------

Performing segmentation on ---> UNet/data/imgs/invivo_91/14.jpg ...
inference_time: 2.414469003677368s

Performing object detection on ---> UNet/data/imgs/invivo_91/14.jpg 	
inference_time: 0.4550437927246094s
Saving image with bbox in original image size - (754, 494):
	+ Label: vein, x1: 252.114, y1: 28.957, x2: 370.629, y2: 106.119, obj_conf: 0.86155, cls_conf: 0.99958
centroids_target: [(326, 65)]
centroids_unet: [(318, 67)]
centroids_yolo: [(311, 67)]
unet_target_errors: [8.246211251235321]
yolo_target_errors: [15.132745950421556]

----------------------

Performing segmentation on ---> UNet/data/imgs/invivo_91/111.jpg ...
inference_time: 2.472151756286621s

Performing object detection on ---> UNet/data/imgs/invivo_91/111.jpg 	
inference_time: 0.4540517330169678s
Saving image with bbox in original image size - (754, 494):
	+ Label: vein, x1: -29.914, y1: 60.235, x2: 79.263, y2: 131.579, obj_conf: 0.92306, cls_conf: 0.99883
	+ Label: vein, x1: 258.734, y1: 150.836, x2: 364.412, y2: 219.683, obj_conf: 0.90329, cls_conf: 0.99951
we got more or less segemented regions than target regions
we got more or less detectde bounding boxes than target regions
centroids_target: [(39, 84), (305, 191), (386, 227)]
centroids_unet: []
centroids_yolo: []
unet_target_errors: []
yolo_target_errors: []

----------------------

Performing segmentation on ---> UNet/data/imgs/invivo_91/92.jpg ...
inference_time: 2.442548990249634s

Performing object detection on ---> UNet/data/imgs/invivo_91/92.jpg 	
inference_time: 0.4612846374511719s
Saving image with bbox in original image size - (754, 494):
	+ Label: vein, x1: 355.937, y1: 1.144, x2: 482.705, y2: 72.021, obj_conf: 0.99285, cls_conf: 0.99996
centroids_target: [(425, 36)]
centroids_unet: [(424, 36)]
centroids_yolo: [(419, 36)]
unet_target_errors: [1.0]
yolo_target_errors: [6.0]

----------------------

Performing segmentation on ---> UNet/data/imgs/invivo_91/102.jpg ...
inference_time: 2.4730989933013916s

Performing object detection on ---> UNet/data/imgs/invivo_91/102.jpg 	
inference_time: 0.4522562026977539s
Saving image with bbox in original image size - (754, 494):
	+ Label: vein, x1: 152.130, y1: -0.574, x2: 251.566, y2: 52.387, obj_conf: 0.97137, cls_conf: 0.99974
centroids_target: [(210, 26)]
centroids_unet: [(210, 21)]
centroids_yolo: [(201, 25)]
unet_target_errors: [5.0]
yolo_target_errors: [9.055385138137417]

----------------------

Performing segmentation on ---> UNet/data/imgs/invivo_91/100.jpg ...
inference_time: 2.422823190689087s

Performing object detection on ---> UNet/data/imgs/invivo_91/100.jpg 	
inference_time: 0.4514913558959961s
Saving image with bbox in original image size - (754, 494):
	+ Label: vein, x1: 71.373, y1: 0.713, x2: 200.824, y2: 70.637, obj_conf: 0.99260, cls_conf: 0.99995
centroids_target: [(139, 32)]
centroids_unet: [(142, 31)]
centroids_yolo: [(136, 35)]
unet_target_errors: [3.1622776601683795]
yolo_target_errors: [4.242640687119285]

----------------------

Performing segmentation on ---> UNet/data/imgs/invivo_91/64.jpg ...
inference_time: 2.4855964183807373s

Performing object detection on ---> UNet/data/imgs/invivo_91/64.jpg 	
inference_time: 0.44280576705932617s
Saving image with bbox in original image size - (754, 494):
	+ Label: vein, x1: 61.726, y1: 17.218, x2: 195.230, y2: 100.255, obj_conf: 0.97281, cls_conf: 0.99988
centroids_target: [(130, 52)]
centroids_unet: [(130, 52)]
centroids_yolo: [(128, 58)]
unet_target_errors: [0.0]
yolo_target_errors: [6.324555320336759]

----------------------

Performing segmentation on ---> UNet/data/imgs/invivo_91/108.jpg ...
inference_time: 2.6895055770874023s

Performing object detection on ---> UNet/data/imgs/invivo_91/108.jpg 	
inference_time: 0.6859736442565918s
Saving image with bbox in original image size - (754, 494):
	+ Label: vein, x1: 165.654, y1: -1.729, x2: 261.075, y2: 48.686, obj_conf: 0.97591, cls_conf: 0.99972
centroids_target: [(219, 21)]
centroids_unet: [(221, 18)]
centroids_yolo: [(213, 23)]
unet_target_errors: [3.605551275463989]
yolo_target_errors: [6.324555320336759]

----------------------

Performing segmentation on ---> UNet/data/imgs/invivo_91/95.jpg ...
inference_time: 3.511949300765991s

Performing object detection on ---> UNet/data/imgs/invivo_91/95.jpg 	
inference_time: 0.44132089614868164s
Saving image with bbox in original image size - (754, 494):
	+ Label: vein, x1: 97.174, y1: 3.181, x2: 221.879, y2: 70.144, obj_conf: 0.99336, cls_conf: 0.99997
centroids_target: [(164, 32)]
centroids_unet: [(165, 33)]
centroids_yolo: [(159, 36)]
unet_target_errors: [1.4142135623730951]
yolo_target_errors: [6.4031242374328485]

----------------------

Performing segmentation on ---> UNet/data/imgs/invivo_91/105.jpg ...
inference_time: 2.441392183303833s

Performing object detection on ---> UNet/data/imgs/invivo_91/105.jpg 	
inference_time: 0.437222957611084s
Saving image with bbox in original image size - (754, 494):
	+ Label: vein, x1: 126.760, y1: 0.067, x2: 236.386, y2: 57.306, obj_conf: 0.97856, cls_conf: 0.99988
centroids_target: [(185, 24)]
centroids_unet: [(184, 23)]
centroids_yolo: [(181, 28)]
unet_target_errors: [1.4142135623730951]
yolo_target_errors: [5.656854249492381]

----------------------

Performing segmentation on ---> UNet/data/imgs/invivo_91/131.jpg ...
inference_time: 2.4989755153656006s

Performing object detection on ---> UNet/data/imgs/invivo_91/131.jpg 	
inference_time: 0.45193982124328613s
Saving image with bbox in original image size - (754, 494):
	+ Label: vein, x1: 231.772, y1: -1.566, x2: 335.506, y2: 52.768, obj_conf: 0.98583, cls_conf: 0.99985
we got more or less segemented regions than target regions
centroids_target: [(288, 20)]
centroids_unet: []
centroids_yolo: [(283, 25)]
unet_target_errors: []
yolo_target_errors: [7.0710678118654755]

----------------------

Performing segmentation on ---> UNet/data/imgs/invivo_91/79.jpg ...
inference_time: 2.4254627227783203s

Performing object detection on ---> UNet/data/imgs/invivo_91/79.jpg 	
inference_time: 0.4329960346221924s
Saving image with bbox in original image size - (754, 494):
	+ Label: vein, x1: 181.010, y1: 8.933, x2: 320.411, y2: 97.129, obj_conf: 0.98513, cls_conf: 0.99995
centroids_target: [(263, 45)]
centroids_unet: [(261, 48)]
centroids_yolo: [(250, 53)]
unet_target_errors: [3.605551275463989]
yolo_target_errors: [15.264337522473747]

----------------------

Performing segmentation on ---> UNet/data/imgs/invivo_91/96.jpg ...
inference_time: 2.453789234161377s

Performing object detection on ---> UNet/data/imgs/invivo_91/96.jpg 	
inference_time: 0.4447453022003174s
Saving image with bbox in original image size - (754, 494):
	+ Label: vein, x1: 35.361, y1: 0.029, x2: 172.243, y2: 73.391, obj_conf: 0.99661, cls_conf: 0.99999
centroids_target: [(112, 36)]
centroids_unet: [(111, 34)]
centroids_yolo: [(103, 36)]
unet_target_errors: [2.23606797749979]
yolo_target_errors: [9.0]

----------------------

Performing segmentation on ---> UNet/data/imgs/invivo_91/56.jpg ...
inference_time: 2.490468978881836s

Performing object detection on ---> UNet/data/imgs/invivo_91/56.jpg 	
inference_time: 0.428053617477417s
Saving image with bbox in original image size - (754, 494):
	+ Label: vein, x1: 193.241, y1: 26.892, x2: 336.378, y2: 125.000, obj_conf: 0.98984, cls_conf: 0.99981
centroids_target: [(269, 71)]
centroids_unet: [(270, 77)]
centroids_yolo: [(264, 75)]
unet_target_errors: [6.082762530298219]
yolo_target_errors: [6.4031242374328485]

----------------------

Performing segmentation on ---> UNet/data/imgs/invivo_91/115.jpg ...
inference_time: 2.6053855419158936s

Performing object detection on ---> UNet/data/imgs/invivo_91/115.jpg 	
inference_time: 0.4423232078552246s
Saving image with bbox in original image size - (754, 494):
	+ Label: vein, x1: 277.704, y1: 95.950, x2: 397.753, y2: 180.149, obj_conf: 0.97661, cls_conf: 0.99986
	+ Label: vein, x1: 363.901, y1: 135.904, x2: 483.318, y2: 210.626, obj_conf: 0.97401, cls_conf: 0.99985
we got more or less segemented regions than target regions
centroids_target: [(345, 141), (435, 162)]
centroids_unet: []
centroids_yolo: [(337, 138), (423, 173)]
unet_target_errors: []
yolo_target_errors: [8.54400374531753, 16.278820596099706]

----------------------

Performing segmentation on ---> UNet/data/imgs/invivo_91/45.jpg ...
inference_time: 2.5053184032440186s

Performing object detection on ---> UNet/data/imgs/invivo_91/45.jpg 	
inference_time: 0.42818140983581543s
Saving image with bbox in original image size - (754, 494):
	+ Label: vein, x1: 148.979, y1: 43.635, x2: 288.979, y2: 132.665, obj_conf: 0.97689, cls_conf: 0.99992
centroids_target: [(227, 81)]
centroids_unet: [(225, 86)]
centroids_yolo: [(218, 88)]
unet_target_errors: [5.385164807134504]
yolo_target_errors: [11.40175425099138]

----------------------

Performing segmentation on ---> UNet/data/imgs/invivo_91/129.jpg ...
inference_time: 2.4943947792053223s

Performing object detection on ---> UNet/data/imgs/invivo_91/129.jpg 	
inference_time: 0.4377706050872803s
Saving image with bbox in original image size - (754, 494):
	+ Label: vein, x1: 208.887, y1: -3.378, x2: 304.223, y2: 45.184, obj_conf: 0.93677, cls_conf: 0.99971
we got more or less segemented regions than target regions
centroids_target: [(262, 14)]
centroids_unet: []
centroids_yolo: [(256, 20)]
unet_target_errors: []
yolo_target_errors: [8.48528137423857]

----------------------

Performing segmentation on ---> UNet/data/imgs/invivo_91/133.jpg ...
inference_time: 2.713616371154785s

Performing object detection on ---> UNet/data/imgs/invivo_91/133.jpg 	
inference_time: 0.6652271747589111s
Saving image with bbox in original image size - (754, 494):
	+ Label: vein, x1: 254.872, y1: -2.738, x2: 361.143, y2: 51.201, obj_conf: 0.98437, cls_conf: 0.99988
centroids_target: [(316, 22)]
centroids_unet: [(316, 22)]
centroids_yolo: [(308, 24)]
unet_target_errors: [0.0]
yolo_target_errors: [8.246211251235321]

----------------------

Performing segmentation on ---> UNet/data/imgs/invivo_91/69.jpg ...
inference_time: 3.6386308670043945s

Performing object detection on ---> UNet/data/imgs/invivo_91/69.jpg 	
inference_time: 0.4301474094390869s
Saving image with bbox in original image size - (754, 494):
	+ Label: vein, x1: 17.949, y1: 27.794, x2: 159.517, y2: 114.634, obj_conf: 0.99399, cls_conf: 0.99992
centroids_target: [(97, 61)]
centroids_unet: [(92, 65)]
centroids_yolo: [(88, 71)]
unet_target_errors: [6.4031242374328485]
yolo_target_errors: [13.45362404707371]

----------------------

Performing segmentation on ---> UNet/data/imgs/invivo_91/87.jpg ...
inference_time: 2.4673616886138916s

Performing object detection on ---> UNet/data/imgs/invivo_91/87.jpg 	
inference_time: 0.42913174629211426s
Saving image with bbox in original image size - (754, 494):
	+ Label: vein, x1: 376.530, y1: -2.202, x2: 495.169, y2: 59.252, obj_conf: 0.98187, cls_conf: 0.99994
we got more or less segemented regions than target regions
centroids_target: [(438, 24)]
centroids_unet: []
centroids_yolo: [(435, 28)]
unet_target_errors: []
yolo_target_errors: [5.0]

----------------------

Performing segmentation on ---> UNet/data/imgs/invivo_91/159.jpg ...
inference_time: 2.465388298034668s

Performing object detection on ---> UNet/data/imgs/invivo_91/159.jpg 	
inference_time: 0.43767261505126953s
Saving image with bbox in original image size - (754, 494):
	+ Label: vein, x1: 268.831, y1: 11.105, x2: 375.311, y2: 79.294, obj_conf: 0.94295, cls_conf: 0.99948
centroids_target: [(326, 46)]
centroids_unet: [(318, 46)]
centroids_yolo: [(322, 45)]
unet_target_errors: [8.0]
yolo_target_errors: [4.123105625617661]

----------------------

Performing segmentation on ---> UNet/data/imgs/invivo_91/70.jpg ...
inference_time: 3.002861738204956s

Performing object detection on ---> UNet/data/imgs/invivo_91/70.jpg 	
inference_time: 0.6909706592559814s
Saving image with bbox in original image size - (754, 494):
	+ Label: vein, x1: 57.832, y1: 26.749, x2: 192.887, y2: 109.717, obj_conf: 0.99115, cls_conf: 0.99987
centroids_target: [(132, 63)]
centroids_unet: [(128, 62)]
centroids_yolo: [(125, 68)]
unet_target_errors: [4.123105625617661]
yolo_target_errors: [8.602325267042627]

----------------------

Performing segmentation on ---> UNet/data/imgs/invivo_91/91.jpg ...
inference_time: 3.333137273788452s

Performing object detection on ---> UNet/data/imgs/invivo_91/91.jpg 	
inference_time: 0.4391210079193115s
Saving image with bbox in original image size - (754, 494):
	+ Label: vein, x1: 355.773, y1: 2.991, x2: 488.810, y2: 76.782, obj_conf: 0.99024, cls_conf: 0.99986
we got more or less segemented regions than target regions
centroids_target: [(423, 38)]
centroids_unet: []
centroids_yolo: [(422, 39)]
unet_target_errors: []
yolo_target_errors: [1.4142135623730951]

----------------------

Performing segmentation on ---> UNet/data/imgs/invivo_91/128.jpg ...
inference_time: 2.496741533279419s

Performing object detection on ---> UNet/data/imgs/invivo_91/128.jpg 	
inference_time: 0.43065643310546875s
Saving image with bbox in original image size - (754, 494):
	+ Label: vein, x1: 196.357, y1: -2.218, x2: 293.274, y2: 45.826, obj_conf: 0.96054, cls_conf: 0.99972
centroids_target: [(248, 12)]
centroids_unet: [(246, 13)]
centroids_yolo: [(244, 21)]
unet_target_errors: [2.23606797749979]
yolo_target_errors: [9.848857801796104]

----------------------

Performing segmentation on ---> UNet/data/imgs/invivo_91/24.jpg ...
inference_time: 2.446415901184082s

Performing object detection on ---> UNet/data/imgs/invivo_91/24.jpg 	
inference_time: 0.431119441986084s
Saving image with bbox in original image size - (754, 494):
	+ Label: vein, x1: 184.075, y1: 32.499, x2: 309.408, y2: 112.145, obj_conf: 0.97653, cls_conf: 0.99960
centroids_target: [(260, 70)]
centroids_unet: [(259, 71)]
centroids_yolo: [(246, 72)]
unet_target_errors: [1.4142135623730951]
yolo_target_errors: [14.142135623730951]

----------------------

Performing segmentation on ---> UNet/data/imgs/invivo_91/110.jpg ...
inference_time: 2.4990017414093018s

Performing object detection on ---> UNet/data/imgs/invivo_91/110.jpg 	
inference_time: 0.4299917221069336s
Saving image with bbox in original image size - (754, 494):
	+ Label: vein, x1: 168.440, y1: -0.710, x2: 269.697, y2: 48.276, obj_conf: 0.96970, cls_conf: 0.99951
we got more or less segemented regions than target regions
centroids_target: [(224, 16)]
centroids_unet: []
centroids_yolo: [(219, 23)]
unet_target_errors: []
yolo_target_errors: [8.602325267042627]

----------------------

Performing segmentation on ---> UNet/data/imgs/invivo_91/127.jpg ...
inference_time: 2.45217227935791s

Performing object detection on ---> UNet/data/imgs/invivo_91/127.jpg 	
inference_time: 0.4354889392852783s
Saving image with bbox in original image size - (754, 494):
	+ Label: vein, x1: 184.246, y1: -3.182, x2: 287.164, y2: 48.445, obj_conf: 0.97621, cls_conf: 0.99980
centroids_target: [(239, 16)]
centroids_unet: [(238, 15)]
centroids_yolo: [(235, 22)]
unet_target_errors: [1.4142135623730951]
yolo_target_errors: [7.211102550927978]

----------------------

Performing segmentation on ---> UNet/data/imgs/invivo_91/135.jpg ...
inference_time: 2.4894468784332275s

Performing object detection on ---> UNet/data/imgs/invivo_91/135.jpg 	
inference_time: 0.4322385787963867s
Saving image with bbox in original image size - (754, 494):
	+ Label: vein, x1: 204.331, y1: -1.373, x2: 320.868, y2: 55.540, obj_conf: 0.98437, cls_conf: 0.99990
centroids_target: [(263, 23)]
centroids_unet: [(268, 24)]
centroids_yolo: [(262, 27)]
unet_target_errors: [5.0990195135927845]
yolo_target_errors: [4.123105625617661]

----------------------

Performing segmentation on ---> UNet/data/imgs/invivo_91/88.jpg ...
inference_time: 2.42362117767334s

Performing object detection on ---> UNet/data/imgs/invivo_91/88.jpg 	
inference_time: 0.42243528366088867s
Saving image with bbox in original image size - (754, 494):
	+ Label: vein, x1: 380.690, y1: -1.835, x2: 500.219, y2: 60.280, obj_conf: 0.98109, cls_conf: 0.99992
centroids_target: [(445, 26)]
centroids_unet: [(442, 26)]
centroids_yolo: [(440, 29)]
unet_target_errors: [3.0]
yolo_target_errors: [5.830951894845301]

----------------------

Performing segmentation on ---> UNet/data/imgs/invivo_91/84.jpg ...
inference_time: 2.4891982078552246s

Performing object detection on ---> UNet/data/imgs/invivo_91/84.jpg 	
inference_time: 0.41906285285949707s
Saving image with bbox in original image size - (754, 494):
	+ Label: vein, x1: 236.437, y1: -3.028, x2: 357.205, y2: 63.999, obj_conf: 0.98949, cls_conf: 0.99994
we got more or less segemented regions than target regions
centroids_target: [(296, 28)]
centroids_unet: []
centroids_yolo: [(296, 30)]
unet_target_errors: []
yolo_target_errors: [2.0]

----------------------

Performing segmentation on ---> UNet/data/imgs/invivo_91/151.jpg ...
inference_time: 2.431488275527954s

Performing object detection on ---> UNet/data/imgs/invivo_91/151.jpg 	
inference_time: 0.43057823181152344s
Saving image with bbox in original image size - (754, 494):
	+ Label: vein, x1: 349.379, y1: 1.054, x2: 483.999, y2: 89.252, obj_conf: 0.98501, cls_conf: 0.99969
centroids_target: [(420, 43)]
centroids_unet: [(415, 47)]
centroids_yolo: [(416, 45)]
unet_target_errors: [6.4031242374328485]
yolo_target_errors: [4.47213595499958]

----------------------

Performing segmentation on ---> UNet/data/imgs/invivo_91/4.jpg ...
inference_time: 2.4876575469970703s

Performing object detection on ---> UNet/data/imgs/invivo_91/4.jpg 	
inference_time: 0.4230358600616455s
Saving image with bbox in original image size - (754, 494):
	+ Label: vein, x1: 213.203, y1: 45.800, x2: 323.736, y2: 121.470, obj_conf: 0.96925, cls_conf: 0.99979
centroids_target: [(276, 81)]
centroids_unet: [(273, 80)]
centroids_yolo: [(268, 83)]
unet_target_errors: [3.1622776601683795]
yolo_target_errors: [8.246211251235321]

----------------------

Performing segmentation on ---> UNet/data/imgs/invivo_91/132.jpg ...
inference_time: 2.42611026763916s

Performing object detection on ---> UNet/data/imgs/invivo_91/132.jpg 	
inference_time: 0.44173312187194824s
Saving image with bbox in original image size - (754, 494):
	+ Label: vein, x1: 243.250, y1: -3.870, x2: 349.256, y2: 53.047, obj_conf: 0.98470, cls_conf: 0.99988
we got more or less segemented regions than target regions
centroids_target: [(298, 21)]
centroids_unet: []
centroids_yolo: [(296, 24)]
unet_target_errors: []
yolo_target_errors: [3.605551275463989]

----------------------

Performing segmentation on ---> UNet/data/imgs/invivo_91/61.jpg ...
inference_time: 2.5008811950683594s

Performing object detection on ---> UNet/data/imgs/invivo_91/61.jpg 	
inference_time: 0.4273836612701416s
Saving image with bbox in original image size - (754, 494):
	+ Label: vein, x1: 81.471, y1: 17.109, x2: 215.854, y2: 98.706, obj_conf: 0.97669, cls_conf: 0.99991
centroids_target: [(152, 47)]
centroids_unet: [(152, 49)]
centroids_yolo: [(148, 57)]
unet_target_errors: [2.0]
yolo_target_errors: [10.770329614269007]

----------------------

Performing segmentation on ---> UNet/data/imgs/invivo_91/153.jpg ...
inference_time: 2.42834734916687s

Performing object detection on ---> UNet/data/imgs/invivo_91/153.jpg 	
inference_time: 0.43596458435058594s
Saving image with bbox in original image size - (754, 494):
	+ Label: vein, x1: 276.543, y1: 6.138, x2: 380.254, y2: 68.883, obj_conf: 0.94635, cls_conf: 0.99936
we got more or less segemented regions than target regions
centroids_target: [(339, 37)]
centroids_unet: []
centroids_yolo: [(328, 37)]
unet_target_errors: []
yolo_target_errors: [11.0]

----------------------

Performing segmentation on ---> UNet/data/imgs/invivo_91/89.jpg ...
inference_time: 2.48050856590271s

Performing object detection on ---> UNet/data/imgs/invivo_91/89.jpg 	
inference_time: 0.4200630187988281s
Saving image with bbox in original image size - (754, 494):
	+ Label: vein, x1: 396.074, y1: -0.189, x2: 516.194, y2: 61.251, obj_conf: 0.97918, cls_conf: 0.99989
centroids_target: [(451, 25)]
centroids_unet: [(449, 25)]
centroids_yolo: [(456, 30)]
unet_target_errors: [2.0]
yolo_target_errors: [7.0710678118654755]

----------------------

Performing segmentation on ---> UNet/data/imgs/invivo_91/30.jpg ...
inference_time: 2.490507125854492s

Performing object detection on ---> UNet/data/imgs/invivo_91/30.jpg 	
inference_time: 0.4371378421783447s
Saving image with bbox in original image size - (754, 494):
	+ Label: vein, x1: 111.957, y1: 49.946, x2: 229.581, y2: 125.126, obj_conf: 0.96021, cls_conf: 0.99963
centroids_target: [(175, 90)]
centroids_unet: [(177, 87)]
centroids_yolo: [(170, 87)]
unet_target_errors: [3.605551275463989]
yolo_target_errors: [5.830951894845301]

----------------------

Performing segmentation on ---> UNet/data/imgs/invivo_91/154.jpg ...
inference_time: 2.500119209289551s

Performing object detection on ---> UNet/data/imgs/invivo_91/154.jpg 	
inference_time: 0.4245266914367676s
Saving image with bbox in original image size - (754, 494):
	+ Label: vein, x1: 306.836, y1: 5.418, x2: 416.868, y2: 67.237, obj_conf: 0.97962, cls_conf: 0.99981
we got more or less segemented regions than target regions
centroids_target: [(376, 38)]
centroids_unet: []
centroids_yolo: [(361, 36)]
unet_target_errors: []
yolo_target_errors: [15.132745950421556]

----------------------

Performing segmentation on ---> UNet/data/imgs/invivo_91/124.jpg ...
inference_time: 2.4481470584869385s

Performing object detection on ---> UNet/data/imgs/invivo_91/124.jpg 	
inference_time: 0.44170379638671875s
Saving image with bbox in original image size - (754, 494):
	+ Label: vein, x1: 156.571, y1: -3.453, x2: 256.842, y2: 49.848, obj_conf: 0.98350, cls_conf: 0.99978
centroids_target: [(215, 17)]
centroids_unet: [(211, 16)]
centroids_yolo: [(206, 23)]
unet_target_errors: [4.123105625617661]
yolo_target_errors: [10.816653826391969]

----------------------

Performing segmentation on ---> UNet/data/imgs/invivo_91/113.jpg ...
inference_time: 2.443570375442505s

Performing object detection on ---> UNet/data/imgs/invivo_91/113.jpg 	
inference_time: 0.44418954849243164s
Saving image with bbox in original image size - (754, 494):
	+ Label: vein, x1: 27.986, y1: 29.512, x2: 152.857, y2: 110.364, obj_conf: 0.97698, cls_conf: 0.99962
	+ Label: vein, x1: 347.113, y1: 160.021, x2: 460.635, y2: 237.164, obj_conf: 0.95473, cls_conf: 0.99968
we got more or less segemented regions than target regions
centroids_target: [(105, 64), (407, 194)]
centroids_unet: []
centroids_yolo: [(90, 69), (403, 198)]
unet_target_errors: []
yolo_target_errors: [15.811388300841896, 5.656854249492381]

----------------------

Performing segmentation on ---> UNet/data/imgs/invivo_91/19.jpg ...
inference_time: 2.4581501483917236s

Performing object detection on ---> UNet/data/imgs/invivo_91/19.jpg 	
inference_time: 0.4378383159637451s
Saving image with bbox in original image size - (754, 494):
	+ Label: vein, x1: 276.536, y1: 41.771, x2: 404.295, y2: 124.321, obj_conf: 0.98536, cls_conf: 0.99993
centroids_target: [(349, 80)]
centroids_unet: [(349, 81)]
centroids_yolo: [(340, 83)]
unet_target_errors: [1.0]
yolo_target_errors: [9.486832980505138]

----------------------

Performing segmentation on ---> UNet/data/imgs/invivo_91/22.jpg ...
inference_time: 2.433519124984741s

Performing object detection on ---> UNet/data/imgs/invivo_91/22.jpg 	
inference_time: 0.44196057319641113s
Saving image with bbox in original image size - (754, 494):
	+ Label: vein, x1: 223.851, y1: 31.714, x2: 344.595, y2: 111.714, obj_conf: 0.96744, cls_conf: 0.99981
centroids_target: [(284, 73)]
centroids_unet: [(282, 73)]
centroids_yolo: [(284, 71)]
unet_target_errors: [2.0]
yolo_target_errors: [2.0]

----------------------

Performing segmentation on ---> UNet/data/imgs/invivo_91/116.jpg ...
inference_time: 2.4393210411071777s

Performing object detection on ---> UNet/data/imgs/invivo_91/116.jpg 	
inference_time: 0.44913816452026367s
Saving image with bbox in original image size - (754, 494):
	+ Label: vein, x1: 375.551, y1: 125.894, x2: 490.099, y2: 206.499, obj_conf: 0.96604, cls_conf: 0.99973
	+ Label: vein, x1: 292.514, y1: 93.409, x2: 411.276, y2: 180.109, obj_conf: 0.96009, cls_conf: 0.99972
centroids_target: [(351, 132), (438, 163)]
centroids_unet: [(348, 146), (439, 169)]
centroids_yolo: [(351, 136), (432, 166)]
unet_target_errors: [14.317821063276353, 6.082762530298219]
yolo_target_errors: [4.0, 6.708203932499369]

----------------------

Performing segmentation on ---> UNet/data/imgs/invivo_91/55.jpg ...
inference_time: 2.4549310207366943s

Performing object detection on ---> UNet/data/imgs/invivo_91/55.jpg 	
inference_time: 0.4396977424621582s
Saving image with bbox in original image size - (754, 494):
	+ Label: vein, x1: 192.152, y1: 27.330, x2: 329.591, y2: 118.361, obj_conf: 0.99054, cls_conf: 0.99983
centroids_target: [(270, 71)]
centroids_unet: [(275, 74)]
centroids_yolo: [(260, 72)]
unet_target_errors: [5.830951894845301]
yolo_target_errors: [10.04987562112089]

----------------------

Performing segmentation on ---> UNet/data/imgs/invivo_91/104.jpg ...
inference_time: 2.5098636150360107s

Performing object detection on ---> UNet/data/imgs/invivo_91/104.jpg 	
inference_time: 0.4444310665130615s
Saving image with bbox in original image size - (754, 494):
	+ Label: vein, x1: 125.192, y1: 2.243, x2: 231.440, y2: 56.721, obj_conf: 0.96526, cls_conf: 0.99979
centroids_target: [(180, 24)]
centroids_unet: [(181, 22)]
centroids_yolo: [(178, 29)]
unet_target_errors: [2.23606797749979]
yolo_target_errors: [5.385164807134504]

----------------------

Performing segmentation on ---> UNet/data/imgs/invivo_91/3.jpg ...
inference_time: 2.4535577297210693s

Performing object detection on ---> UNet/data/imgs/invivo_91/3.jpg 	
inference_time: 0.4376401901245117s
No veins detected on this image!
centroids_target: [(259, 70)]
centroids_unet: [(260, 70)]
centroids_yolo: []
unet_target_errors: [1.0]
yolo_target_errors: []

----------------------

Performing segmentation on ---> UNet/data/imgs/invivo_91/46.jpg ...
inference_time: 2.435730218887329s

Performing object detection on ---> UNet/data/imgs/invivo_91/46.jpg 	
inference_time: 0.43718647956848145s
Saving image with bbox in original image size - (754, 494):
	+ Label: vein, x1: 186.845, y1: 33.735, x2: 337.242, y2: 129.990, obj_conf: 0.98479, cls_conf: 0.99996
centroids_target: [(272, 81)]
centroids_unet: [(270, 82)]
centroids_yolo: [(262, 81)]
unet_target_errors: [2.23606797749979]
yolo_target_errors: [10.0]

----------------------

Performing segmentation on ---> UNet/data/imgs/invivo_91/152.jpg ...
inference_time: 2.4346976280212402s

Performing object detection on ---> UNet/data/imgs/invivo_91/152.jpg 	
inference_time: 0.4553666114807129s
Saving image with bbox in original image size - (754, 494):
	+ Label: vein, x1: 248.987, y1: 5.093, x2: 369.114, y2: 77.514, obj_conf: 0.97676, cls_conf: 0.99991
centroids_target: [(321, 40)]
centroids_unet: [(315, 42)]
centroids_yolo: [(309, 41)]
unet_target_errors: [6.324555320336759]
yolo_target_errors: [12.041594578792296]

----------------------

Performing segmentation on ---> UNet/data/imgs/invivo_91/15.jpg ...
inference_time: 2.4724373817443848s

Performing object detection on ---> UNet/data/imgs/invivo_91/15.jpg 	
inference_time: 0.45424413681030273s
Saving image with bbox in original image size - (754, 494):
	+ Label: vein, x1: 272.154, y1: 29.391, x2: 384.954, y2: 104.650, obj_conf: 0.97163, cls_conf: 0.99956
centroids_target: [(337, 63)]
centroids_unet: [(339, 63)]
centroids_yolo: [(328, 67)]
unet_target_errors: [2.0]
yolo_target_errors: [9.848857801796104]

----------------------

Performing segmentation on ---> UNet/data/imgs/invivo_91/43.jpg ...
inference_time: 2.538621425628662s

Performing object detection on ---> UNet/data/imgs/invivo_91/43.jpg 	
inference_time: 0.4256293773651123s
Saving image with bbox in original image size - (754, 494):
	+ Label: vein, x1: 135.896, y1: 22.234, x2: 279.834, y2: 126.411, obj_conf: 0.98664, cls_conf: 0.99977
we got more or less segemented regions than target regions
centroids_target: [(215, 77)]
centroids_unet: []
centroids_yolo: [(207, 74)]
unet_target_errors: []
yolo_target_errors: [8.54400374531753]

----------------------

Performing segmentation on ---> UNet/data/imgs/invivo_91/48.jpg ...
inference_time: 2.431900978088379s

Performing object detection on ---> UNet/data/imgs/invivo_91/48.jpg 	
inference_time: 0.45028209686279297s
Saving image with bbox in original image size - (754, 494):
	+ Label: vein, x1: 272.601, y1: 40.035, x2: 417.221, y2: 127.424, obj_conf: 0.97973, cls_conf: 0.99994
centroids_target: [(352, 74)]
centroids_unet: [(353, 76)]
centroids_yolo: [(344, 83)]
unet_target_errors: [2.23606797749979]
yolo_target_errors: [12.041594578792296]

----------------------

Performing segmentation on ---> UNet/data/imgs/invivo_91/47.jpg ...
inference_time: 2.4162728786468506s

Performing object detection on ---> UNet/data/imgs/invivo_91/47.jpg 	
inference_time: 0.45669102668762207s
Saving image with bbox in original image size - (754, 494):
	+ Label: vein, x1: 235.530, y1: 28.536, x2: 373.128, y2: 118.968, obj_conf: 0.97422, cls_conf: 0.99952
centroids_target: [(316, 71)]
centroids_unet: [(311, 82)]
centroids_yolo: [(304, 73)]
unet_target_errors: [12.083045973594572]
yolo_target_errors: [12.165525060596439]

----------------------

Performing segmentation on ---> UNet/data/imgs/invivo_91/117.jpg ...
inference_time: 2.418588161468506s

Performing object detection on ---> UNet/data/imgs/invivo_91/117.jpg 	
inference_time: 0.4689218997955322s
Saving image with bbox in original image size - (754, 494):
	+ Label: vein, x1: 299.612, y1: 86.364, x2: 421.036, y2: 173.815, obj_conf: 0.96993, cls_conf: 0.99933
	+ Label: vein, x1: 388.501, y1: 119.755, x2: 504.618, y2: 200.453, obj_conf: 0.96574, cls_conf: 0.99927
	+ Label: vein, x1: 15.349, y1: 14.264, x2: 115.349, y2: 84.724, obj_conf: 0.87980, cls_conf: 0.99828
we got more or less segemented regions than target regions
we got more or less detectde bounding boxes than target regions
centroids_target: [(359, 130), (452, 157)]
centroids_unet: []
centroids_yolo: []
unet_target_errors: []
yolo_target_errors: []

----------------------

Performing segmentation on ---> UNet/data/imgs/invivo_91/42.jpg ...
inference_time: 2.479224681854248s

Performing object detection on ---> UNet/data/imgs/invivo_91/42.jpg 	
inference_time: 0.45211219787597656s
Saving image with bbox in original image size - (754, 494):
	+ Label: vein, x1: 127.250, y1: 29.968, x2: 266.440, y2: 126.004, obj_conf: 0.98321, cls_conf: 0.99994
centroids_target: [(204, 76)]
centroids_unet: [(204, 76)]
centroids_yolo: [(196, 77)]
unet_target_errors: [0.0]
yolo_target_errors: [8.06225774829855]

----------------------

Performing segmentation on ---> UNet/data/imgs/invivo_91/0.jpg ...
inference_time: 2.544945240020752s

Performing object detection on ---> UNet/data/imgs/invivo_91/0.jpg 	
inference_time: 0.43422555923461914s
Saving image with bbox in original image size - (754, 494):
	+ Label: vein, x1: 157.758, y1: 39.270, x2: 263.975, y2: 124.294, obj_conf: 0.85832, cls_conf: 0.99909
we got more or less segemented regions than target regions
centroids_target: [(212, 81)]
centroids_unet: []
centroids_yolo: [(210, 81)]
unet_target_errors: []
yolo_target_errors: [2.0]

----------------------

Performing segmentation on ---> UNet/data/imgs/invivo_91/123.jpg ...
inference_time: 2.4173221588134766s

Performing object detection on ---> UNet/data/imgs/invivo_91/123.jpg 	
inference_time: 0.46395111083984375s
Saving image with bbox in original image size - (754, 494):
	+ Label: vein, x1: 162.470, y1: -2.530, x2: 258.793, y2: 48.624, obj_conf: 0.97759, cls_conf: 0.99972
centroids_target: [(218, 17)]
centroids_unet: [(215, 17)]
centroids_yolo: [(210, 23)]
unet_target_errors: [3.0]
yolo_target_errors: [10.0]

----------------------

Performing segmentation on ---> UNet/data/imgs/invivo_91/12.jpg ...
inference_time: 2.4928512573242188s

Performing object detection on ---> UNet/data/imgs/invivo_91/12.jpg 	
inference_time: 0.470705509185791s
Saving image with bbox in original image size - (754, 494):
	+ Label: vein, x1: 248.265, y1: 29.894, x2: 366.901, y2: 105.083, obj_conf: 0.97647, cls_conf: 0.99979
centroids_target: [(315, 64)]
centroids_unet: [(314, 62)]
centroids_yolo: [(307, 67)]
unet_target_errors: [2.23606797749979]
yolo_target_errors: [8.54400374531753]

----------------------

Performing segmentation on ---> UNet/data/imgs/invivo_91/50.jpg ...
inference_time: 2.4330368041992188s

Performing object detection on ---> UNet/data/imgs/invivo_91/50.jpg 	
inference_time: 0.44414210319519043s
Saving image with bbox in original image size - (754, 494):
	+ Label: vein, x1: 245.210, y1: 20.293, x2: 387.965, y2: 110.615, obj_conf: 0.99130, cls_conf: 0.99998
centroids_target: [(326, 62)]
centroids_unet: [(325, 63)]
centroids_yolo: [(316, 65)]
unet_target_errors: [1.4142135623730951]
yolo_target_errors: [10.44030650891055]

----------------------

Performing segmentation on ---> UNet/data/imgs/invivo_91/93.jpg ...
inference_time: 2.477083921432495s

Performing object detection on ---> UNet/data/imgs/invivo_91/93.jpg 	
inference_time: 0.4482448101043701s
Saving image with bbox in original image size - (754, 494):
	+ Label: vein, x1: 226.413, y1: 5.209, x2: 339.844, y2: 64.404, obj_conf: 0.98002, cls_conf: 0.99981
we got more or less segemented regions than target regions
centroids_target: [(290, 27)]
centroids_unet: []
centroids_yolo: [(283, 34)]
unet_target_errors: []
yolo_target_errors: [9.899494936611665]

----------------------

Performing segmentation on ---> UNet/data/imgs/invivo_91/106.jpg ...
inference_time: 2.4121954441070557s

Performing object detection on ---> UNet/data/imgs/invivo_91/106.jpg 	
inference_time: 0.45468759536743164s
Saving image with bbox in original image size - (754, 494):
	+ Label: vein, x1: 127.649, y1: -1.838, x2: 233.654, y2: 53.781, obj_conf: 0.98621, cls_conf: 0.99987
centroids_target: [(189, 21)]
centroids_unet: [(184, 20)]
centroids_yolo: [(180, 25)]
unet_target_errors: [5.0990195135927845]
yolo_target_errors: [9.848857801796104]

----------------------

Performing segmentation on ---> UNet/data/imgs/invivo_91/1.jpg ...
inference_time: 2.509343385696411s

Performing object detection on ---> UNet/data/imgs/invivo_91/1.jpg 	
inference_time: 0.4469132423400879s
Saving image with bbox in original image size - (754, 494):
	+ Label: vein, x1: 202.008, y1: 47.622, x2: 319.244, y2: 121.806, obj_conf: 0.93314, cls_conf: 0.99965
centroids_target: [(260, 84)]
centroids_unet: [(270, 81)]
centroids_yolo: [(260, 84)]
unet_target_errors: [10.44030650891055]
yolo_target_errors: [0.0]

----------------------

Performing segmentation on ---> UNet/data/imgs/invivo_91/27.jpg ...
inference_time: 2.4600183963775635s

Performing object detection on ---> UNet/data/imgs/invivo_91/27.jpg 	
inference_time: 0.4662506580352783s
Saving image with bbox in original image size - (754, 494):
	+ Label: vein, x1: 127.778, y1: 37.241, x2: 247.323, y2: 111.329, obj_conf: 0.97584, cls_conf: 0.99956
we got more or less segemented regions than target regions
centroids_target: [(190, 79)]
centroids_unet: []
centroids_yolo: [(187, 74)]
unet_target_errors: []
yolo_target_errors: [5.830951894845301]

----------------------

Performing segmentation on ---> UNet/data/imgs/invivo_91/157.jpg ...
inference_time: 2.490203619003296s

Performing object detection on ---> UNet/data/imgs/invivo_91/157.jpg 	
inference_time: 0.4441187381744385s
Saving image with bbox in original image size - (754, 494):
	+ Label: vein, x1: 332.986, y1: 4.313, x2: 452.224, y2: 72.490, obj_conf: 0.98845, cls_conf: 0.99992
we got more or less segemented regions than target regions
centroids_target: [(401, 41)]
centroids_unet: []
centroids_yolo: [(392, 38)]
unet_target_errors: []
yolo_target_errors: [9.486832980505138]

----------------------

Performing segmentation on ---> UNet/data/imgs/invivo_91/60.jpg ...
inference_time: 2.417773962020874s

Performing object detection on ---> UNet/data/imgs/invivo_91/60.jpg 	
inference_time: 0.4512312412261963s
Saving image with bbox in original image size - (754, 494):
	+ Label: vein, x1: 217.894, y1: 19.081, x2: 354.714, y2: 108.745, obj_conf: 0.98508, cls_conf: 0.99990
centroids_target: [(289, 53)]
centroids_unet: [(295, 72)]
centroids_yolo: [(286, 63)]
unet_target_errors: [19.924858845171276]
yolo_target_errors: [10.44030650891055]

----------------------

Performing segmentation on ---> UNet/data/imgs/invivo_91/21.jpg ...
inference_time: 2.4774136543273926s

Performing object detection on ---> UNet/data/imgs/invivo_91/21.jpg 	
inference_time: 0.4481480121612549s
Saving image with bbox in original image size - (754, 494):
	+ Label: vein, x1: 207.280, y1: 30.692, x2: 328.937, y2: 110.172, obj_conf: 0.98408, cls_conf: 0.99971
centroids_target: [(273, 74)]
centroids_unet: [(272, 73)]
centroids_yolo: [(268, 70)]
unet_target_errors: [1.4142135623730951]
yolo_target_errors: [6.4031242374328485]

----------------------

Performing segmentation on ---> UNet/data/imgs/invivo_91/85.jpg ...
inference_time: 2.405236005783081s

Performing object detection on ---> UNet/data/imgs/invivo_91/85.jpg 	
inference_time: 0.4320063591003418s
Saving image with bbox in original image size - (754, 494):
	+ Label: vein, x1: 293.773, y1: -2.140, x2: 414.826, y2: 61.231, obj_conf: 0.98742, cls_conf: 0.99995
centroids_target: [(358, 25)]
centroids_unet: [(359, 26)]
centroids_yolo: [(354, 29)]
unet_target_errors: [1.4142135623730951]
yolo_target_errors: [5.656854249492381]

----------------------

Performing segmentation on ---> UNet/data/imgs/invivo_91/107.jpg ...
inference_time: 2.472085475921631s

Performing object detection on ---> UNet/data/imgs/invivo_91/107.jpg 	
inference_time: 0.4316275119781494s
Saving image with bbox in original image size - (754, 494):
	+ Label: vein, x1: 145.556, y1: 0.095, x2: 252.777, y2: 54.021, obj_conf: 0.97418, cls_conf: 0.99980
centroids_target: [(206, 21)]
centroids_unet: [(203, 20)]
centroids_yolo: [(199, 27)]
unet_target_errors: [3.1622776601683795]
yolo_target_errors: [9.219544457292887]

----------------------

Performing segmentation on ---> UNet/data/imgs/invivo_91/160.jpg ...
inference_time: 2.4188172817230225s

Performing object detection on ---> UNet/data/imgs/invivo_91/160.jpg 	
inference_time: 0.434295654296875s
Saving image with bbox in original image size - (754, 494):
	+ Label: vein, x1: 276.604, y1: 8.437, x2: 386.626, y2: 77.392, obj_conf: 0.96457, cls_conf: 0.99954
centroids_target: [(339, 46)]
centroids_unet: [(335, 45)]
centroids_yolo: [(331, 42)]
unet_target_errors: [4.123105625617661]
yolo_target_errors: [8.94427190999916]

----------------------

Performing segmentation on ---> UNet/data/imgs/invivo_91/26.jpg ...
inference_time: 2.4851393699645996s

Performing object detection on ---> UNet/data/imgs/invivo_91/26.jpg 	
inference_time: 0.42795324325561523s
Saving image with bbox in original image size - (754, 494):
	+ Label: vein, x1: 160.969, y1: 34.133, x2: 286.176, y2: 118.867, obj_conf: 0.98643, cls_conf: 0.99991
centroids_target: [(225, 78)]
centroids_unet: [(227, 78)]
centroids_yolo: [(223, 76)]
unet_target_errors: [2.0]
yolo_target_errors: [2.8284271247461903]

----------------------

Performing segmentation on ---> UNet/data/imgs/invivo_91/54.jpg ...
inference_time: 2.4381637573242188s

Performing object detection on ---> UNet/data/imgs/invivo_91/54.jpg 	
inference_time: 0.4328155517578125s
Saving image with bbox in original image size - (754, 494):
	+ Label: vein, x1: 183.168, y1: 28.211, x2: 320.560, y2: 117.618, obj_conf: 0.98299, cls_conf: 0.99989
centroids_target: [(254, 66)]
centroids_unet: [(261, 75)]
centroids_yolo: [(251, 72)]
unet_target_errors: [11.40175425099138]
yolo_target_errors: [6.708203932499369]

----------------------

Performing segmentation on ---> UNet/data/imgs/invivo_91/49.jpg ...
inference_time: 2.4874846935272217s

Performing object detection on ---> UNet/data/imgs/invivo_91/49.jpg 	
inference_time: 0.4221506118774414s
Saving image with bbox in original image size - (754, 494):
	+ Label: vein, x1: 271.879, y1: 17.602, x2: 418.236, y2: 110.914, obj_conf: 0.99188, cls_conf: 0.99998
centroids_target: [(350, 64)]
centroids_unet: [(349, 62)]
centroids_yolo: [(345, 64)]
unet_target_errors: [2.23606797749979]
yolo_target_errors: [5.0]

----------------------

Performing segmentation on ---> UNet/data/imgs/invivo_91/20.jpg ...
inference_time: 2.4376676082611084s

Performing object detection on ---> UNet/data/imgs/invivo_91/20.jpg 	
inference_time: 0.43455052375793457s
Saving image with bbox in original image size - (754, 494):
	+ Label: vein, x1: 274.701, y1: 49.714, x2: 399.835, y2: 128.339, obj_conf: 0.96724, cls_conf: 0.99977
centroids_target: [(344, 79)]
centroids_unet: [(349, 84)]
centroids_yolo: [(337, 89)]
unet_target_errors: [7.0710678118654755]
yolo_target_errors: [12.206555615733702]

----------------------

Performing segmentation on ---> UNet/data/imgs/invivo_91/158.jpg ...
inference_time: 2.426180839538574s

Performing object detection on ---> UNet/data/imgs/invivo_91/158.jpg 	
inference_time: 0.4362204074859619s
Saving image with bbox in original image size - (754, 494):
	+ Label: vein, x1: 263.502, y1: 6.644, x2: 375.389, y2: 76.636, obj_conf: 0.98443, cls_conf: 0.99984
centroids_target: [(328, 45)]
centroids_unet: [(326, 45)]
centroids_yolo: [(319, 41)]
unet_target_errors: [2.0]
yolo_target_errors: [9.848857801796104]

======== Summary ==========
Using device: cpu
Dataset - invivo_91: UNet/data/imgs/invivo_91
Total samples: 90
Model Weights: 
	- unet: UNet/checkpoints/invivo_91/unet_ckpt_20.pth
	- yolo: YOLOv3/checkpoints/invivo_91/yolov3_ckpt_34.pth
Average prediction speed/time (s): 
	- unet: 2.5301
	- yolo: 0.4533
Average centroid prediction error: 
	- unet: 4.12972
	- yolo: 8.08504
